#! /usr/bin/vvp
:ivl_version "12.0 (stable)" "(v12_0-dirty)";
:ivl_delay_selection "TYPICAL";
:vpi_time_precision + 0;
:vpi_module "/usr/lib/ivl/system.vpi";
:vpi_module "/usr/lib/ivl/vhdl_sys.vpi";
:vpi_module "/usr/lib/ivl/vhdl_textio.vpi";
:vpi_module "/usr/lib/ivl/v2005_math.vpi";
:vpi_module "/usr/lib/ivl/va_math.vpi";
:vpi_module "/usr/lib/ivl/v2009.vpi";
S_0x55ac598a8000 .scope package, "$unit" "$unit" 2 1;
 .timescale 0 0;
S_0x55ac598a8190 .scope module, "RiscvSingleCycle_tb" "RiscvSingleCycle_tb" 3 2;
 .timescale 0 0;
v0x55ac5994e400_0 .var "clk_i", 0 0;
o0x7fb3fcc8c0f8 .functor BUFZ 32, C4<zzzzzzzzzzzzzzzzzzzzzzzzzzzzzzzz>; HiZ drive
v0x55ac5994e4a0_0 .net "rf_data_hex", 31 0, o0x7fb3fcc8c0f8;  0 drivers
v0x55ac5994e560_0 .var "rst_ni", 0 0;
S_0x55ac598ab820 .scope begin, "$ivl_for_loop5" "$ivl_for_loop5" 3 18, 3 18 0, S_0x55ac598a8190;
 .timescale 0 0;
v0x55ac598ac1d0_0 .var/2s "i", 31 0;
S_0x55ac59946130 .scope begin, "$ivl_for_loop6" "$ivl_for_loop6" 3 21, 3 21 0, S_0x55ac598a8190;
 .timescale 0 0;
v0x55ac598ddb80_0 .var/2s "i", 31 0;
S_0x55ac59946320 .scope begin, "$ivl_for_loop7" "$ivl_for_loop7" 3 24, 3 24 0, S_0x55ac598a8190;
 .timescale 0 0;
v0x55ac598fd9e0_0 .var/2s "i", 31 0;
S_0x55ac59946540 .scope module, "cpu" "riscv_singlecycle" 3 32, 4 2 0, S_0x55ac598a8190;
 .timescale 0 0;
    .port_info 0 /INPUT 1 "clk_i";
    .port_info 1 /INPUT 1 "rst_ni";
    .port_info 2 /OUTPUT 32 "rf_data_hex";
P_0x55ac59946720 .param/l "DATAMEM_ENDIANNESS" 0 4 6, +C4<00000000000000000000000000000001>;
P_0x55ac59946760 .param/l "DATAMEM_LENGTH" 0 4 7, +C4<00000000000000000001001110001000>;
P_0x55ac599467a0 .param/str "DMemInitFile" 0 4 3, "samples/prime.c.elf.dmem";
P_0x55ac599467e0 .param/str "IMemInitFile" 0 4 4, "samples/prime.c.elf.imem";
P_0x55ac59946820 .param/l "INITIAL_PC_ADDRESS" 0 4 10, +C4<00000000000000000000000000100100>;
P_0x55ac59946860 .param/l "INSTMEM_ENDIANNESS" 0 4 8, +C4<00000000000000000000000000000001>;
P_0x55ac599468a0 .param/l "INSTMEM_LENGTH" 0 4 9, +C4<00000000000000000001001110001000>;
P_0x55ac599468e0 .param/str "logFile" 0 4 5, "log.log";
v0x55ac5994d6a0_0 .var "aluArg1In", 31 0;
v0x55ac5994d780_0 .var "aluArg2In", 31 0;
v0x55ac5994d850_0 .net "aluOut", 31 0, v0x55ac59906180_0;  1 drivers
v0x55ac5994d920_0 .net "clk_i", 0 0, v0x55ac5994e400_0;  1 drivers
v0x55ac5994da10_0 .net "controlWord", 18 0, v0x55ac5994a800_0;  1 drivers
v0x55ac5994db00_0 .net "datamemOut", 31 0, v0x55ac59949580_0;  1 drivers
v0x55ac5994dba0_0 .net "imemOut", 31 0, v0x55ac5994bb60_0;  1 drivers
v0x55ac5994dc40_0 .net "immedGenOut", 31 0, v0x55ac59949b40_0;  1 drivers
v0x55ac5994dd00_0 .var/2s "logFileDescriptor", 31 0;
v0x55ac5994ddc0_0 .var "pc", 31 0;
v0x55ac5994dea0_0 .net "reg1Out", 31 0, v0x55ac5994d220_0;  1 drivers
v0x55ac5994df60_0 .net "reg2Out", 31 0, v0x55ac5994d2f0_0;  1 drivers
v0x55ac5994e020_0 .var "regWritingIn", 31 0;
v0x55ac5994e0e0_0 .net "rf_data_hex", 31 0, o0x7fb3fcc8c0f8;  alias, 0 drivers
v0x55ac5994e1a0_0 .net "rst_ni", 0 0, v0x55ac5994e560_0;  1 drivers
v0x55ac5994e290_0 .net "willBranch", 0 0, v0x55ac599476e0_0;  1 drivers
E_0x55ac5986bb20 .event anyedge, v0x55ac5994a800_0, v0x55ac5994ddc0_0, v0x55ac59906180_0, v0x55ac59949580_0;
E_0x55ac598a4490 .event anyedge, v0x55ac5994a800_0, v0x55ac59949b40_0, v0x55ac599475f0_0;
E_0x55ac598a4910 .event anyedge, v0x55ac5994a800_0, v0x55ac59947510_0, v0x55ac5994ddc0_0;
E_0x55ac5988f3f0 .event posedge, v0x55ac59949060_0;
L_0x55ac5994e600 .part v0x55ac5994a800_0, 3, 4;
L_0x55ac5994ebd0 .part v0x55ac5994bb60_0, 15, 5;
L_0x55ac5994ed50 .part v0x55ac5994bb60_0, 20, 5;
L_0x55ac5994edf0 .part v0x55ac5994bb60_0, 7, 5;
L_0x55ac5994eec0 .part v0x55ac5994a800_0, 7, 1;
L_0x55ac5994ef60 .part v0x55ac5994a800_0, 0, 3;
L_0x55ac5994f0d0 .part v0x55ac5994a800_0, 0, 3;
L_0x55ac5994f170 .part v0x55ac5994a800_0, 0, 2;
L_0x55ac5994f290 .part v0x55ac5994a800_0, 14, 1;
L_0x55ac5994f360 .part v0x55ac5994ddc0_0, 0, 13;
L_0x55ac5994f4c0 .part v0x55ac5994a800_0, 15, 4;
S_0x55ac59946d50 .scope module, "alu" "Alu" 4 31, 5 4 0, S_0x55ac59946540;
 .timescale 0 0;
    .port_info 0 /INPUT 32 "arg1";
    .port_info 1 /INPUT 32 "arg2";
    .port_info 2 /INPUT 4 "operation";
    .port_info 3 /OUTPUT 32 "result";
v0x55ac598ee900_0 .net "arg1", 31 0, v0x55ac5994d6a0_0;  1 drivers
v0x55ac598eeab0_0 .net "arg2", 31 0, v0x55ac5994d780_0;  1 drivers
v0x55ac599060e0_0 .net "operation", 3 0, L_0x55ac5994e600;  1 drivers
v0x55ac59906180_0 .var "result", 31 0;
E_0x55ac5992b300 .event anyedge, v0x55ac599060e0_0, v0x55ac598eeab0_0, v0x55ac598ee900_0;
S_0x55ac59947180 .scope module, "branchComparator" "BranchComparator" 4 33, 6 2 0, S_0x55ac59946540;
 .timescale 0 0;
    .port_info 0 /INPUT 32 "value1";
    .port_info 1 /INPUT 32 "value2";
    .port_info 2 /INPUT 3 "branchType";
    .port_info 3 /OUTPUT 1 "willBranch";
v0x55ac59947410_0 .net "branchType", 2 0, L_0x55ac5994ef60;  1 drivers
v0x55ac59947510_0 .net "value1", 31 0, v0x55ac5994d220_0;  alias, 1 drivers
v0x55ac599475f0_0 .net "value2", 31 0, v0x55ac5994d2f0_0;  alias, 1 drivers
v0x55ac599476e0_0 .var "willBranch", 0 0;
E_0x55ac5992b3c0 .event anyedge, v0x55ac59947410_0, v0x55ac599475f0_0, v0x55ac59947510_0;
S_0x55ac59947850 .scope module, "datamem" "Datamem" 4 34, 7 4 0, S_0x55ac59946540;
 .timescale 0 0;
    .port_info 0 /INPUT 32 "address";
    .port_info 1 /INPUT 3 "flagsForReading";
    .port_info 2 /INPUT 2 "flagsForWriting";
    .port_info 3 /INPUT 32 "valueForWriting";
    .port_info 4 /INPUT 1 "clock";
    .port_info 5 /INPUT 1 "reset";
    .port_info 6 /INPUT 1 "writeEnable";
    .port_info 7 /OUTPUT 32 "value";
P_0x55ac59929480 .param/l "ENDIANNESS" 0 7 6, +C4<00000000000000000000000000000001>;
P_0x55ac599294c0 .param/str "INIT_FILE" 0 7 7, "samples/prime.c.elf.dmem";
P_0x55ac59929500 .param/l "LENGTH" 0 7 5, +C4<00000000000000000001001110001000>;
P_0x55ac59929540 .param/str "LOG_FILE" 0 7 8, "log.log";
v0x55ac59948f80_0 .net "address", 31 0, v0x55ac59906180_0;  alias, 1 drivers
v0x55ac59949060_0 .net "clock", 0 0, v0x55ac5994e400_0;  alias, 1 drivers
v0x55ac59949100_0 .net "flagsForReading", 2 0, L_0x55ac5994f0d0;  1 drivers
v0x55ac599491f0_0 .net "flagsForWriting", 1 0, L_0x55ac5994f170;  1 drivers
v0x55ac599492d0_0 .var/2s "logFileDescriptor", 31 0;
v0x55ac59949400 .array "memory", 4999 0, 7 0;
v0x55ac599494c0_0 .net "reset", 0 0, v0x55ac5994e560_0;  alias, 1 drivers
v0x55ac59949580_0 .var "value", 31 0;
v0x55ac59949660_0 .net "valueForWriting", 31 0, v0x55ac5994d2f0_0;  alias, 1 drivers
v0x55ac59949720_0 .net "writeEnable", 0 0, L_0x55ac5994f290;  1 drivers
E_0x55ac59947ba0 .event anyedge, v0x55ac59949100_0, v0x55ac59906180_0;
E_0x55ac59947b60/0 .event negedge, v0x55ac599494c0_0;
E_0x55ac59947b60/1 .event posedge, v0x55ac59949060_0;
E_0x55ac59947b60 .event/or E_0x55ac59947b60/0, E_0x55ac59947b60/1;
S_0x55ac59947e00 .scope begin, "$ivl_for_loop0" "$ivl_for_loop0" 7 23, 7 23 0, S_0x55ac59947850;
 .timescale 0 0;
v0x55ac59948000_0 .var/2s "i", 31 0;
S_0x55ac59948100 .scope begin, "$ivl_for_loop1" "$ivl_for_loop1" 7 35, 7 35 0, S_0x55ac59947850;
 .timescale 0 0;
v0x55ac59948300_0 .var/2s "i", 31 0;
S_0x55ac599483e0 .scope task, "doLoadStuff" "doLoadStuff" 7 54, 7 54 0, S_0x55ac59947850;
 .timescale 0 0;
TD_RiscvSingleCycle_tb.cpu.datamem.doLoadStuff ;
    %load/vec4 v0x55ac59949100_0;
    %pad/u 32;
    %cmpi/e 0, 0, 32;
    %jmp/0xz  T_0.0, 4;
    %load/vec4 v0x55ac59948f80_0;
    %store/vec4 v0x55ac59948ae0_0, 0, 32;
    %callf/vec4 TD_RiscvSingleCycle_tb.cpu.datamem.roundToRange, S_0x55ac599487d0;
    %ix/vec4 4;
    %load/vec4a v0x55ac59949400, 4;
    %parti/s 1, 7, 4;
    %replicate 24;
    %load/vec4 v0x55ac59948f80_0;
    %store/vec4 v0x55ac59948ae0_0, 0, 32;
    %callf/vec4 TD_RiscvSingleCycle_tb.cpu.datamem.roundToRange, S_0x55ac599487d0;
    %ix/vec4 4;
    %load/vec4a v0x55ac59949400, 4;
    %concat/vec4; draw_concat_vec4
    %store/vec4 v0x55ac59949580_0, 0, 32;
    %jmp T_0.1;
T_0.0 ;
    %load/vec4 v0x55ac59949100_0;
    %pad/u 32;
    %cmpi/e 1, 0, 32;
    %jmp/0xz  T_0.2, 4;
    %load/vec4 v0x55ac59948f80_0;
    %store/vec4 v0x55ac59948ae0_0, 0, 32;
    %callf/vec4 TD_RiscvSingleCycle_tb.cpu.datamem.roundToRange, S_0x55ac599487d0;
    %ix/vec4 4;
    %load/vec4a v0x55ac59949400, 4;
    %parti/s 1, 7, 4;
    %replicate 16;
    %load/vec4 v0x55ac59948f80_0;
    %addi 1, 0, 32;
    %store/vec4 v0x55ac59948ae0_0, 0, 32;
    %callf/vec4 TD_RiscvSingleCycle_tb.cpu.datamem.roundToRange, S_0x55ac599487d0;
    %ix/vec4 4;
    %load/vec4a v0x55ac59949400, 4;
    %concat/vec4; draw_concat_vec4
    %load/vec4 v0x55ac59948f80_0;
    %store/vec4 v0x55ac59948ae0_0, 0, 32;
    %callf/vec4 TD_RiscvSingleCycle_tb.cpu.datamem.roundToRange, S_0x55ac599487d0;
    %ix/vec4 4;
    %load/vec4a v0x55ac59949400, 4;
    %concat/vec4; draw_concat_vec4
    %store/vec4 v0x55ac59949580_0, 0, 32;
    %jmp T_0.3;
T_0.2 ;
    %load/vec4 v0x55ac59949100_0;
    %pad/u 32;
    %cmpi/e 2, 0, 32;
    %jmp/0xz  T_0.4, 4;
    %load/vec4 v0x55ac59948f80_0;
    %addi 3, 0, 32;
    %store/vec4 v0x55ac59948ae0_0, 0, 32;
    %callf/vec4 TD_RiscvSingleCycle_tb.cpu.datamem.roundToRange, S_0x55ac599487d0;
    %ix/vec4 4;
    %load/vec4a v0x55ac59949400, 4;
    %load/vec4 v0x55ac59948f80_0;
    %addi 2, 0, 32;
    %store/vec4 v0x55ac59948ae0_0, 0, 32;
    %callf/vec4 TD_RiscvSingleCycle_tb.cpu.datamem.roundToRange, S_0x55ac599487d0;
    %ix/vec4 4;
    %load/vec4a v0x55ac59949400, 4;
    %concat/vec4; draw_concat_vec4
    %load/vec4 v0x55ac59948f80_0;
    %addi 1, 0, 32;
    %store/vec4 v0x55ac59948ae0_0, 0, 32;
    %callf/vec4 TD_RiscvSingleCycle_tb.cpu.datamem.roundToRange, S_0x55ac599487d0;
    %ix/vec4 4;
    %load/vec4a v0x55ac59949400, 4;
    %concat/vec4; draw_concat_vec4
    %load/vec4 v0x55ac59948f80_0;
    %store/vec4 v0x55ac59948ae0_0, 0, 32;
    %callf/vec4 TD_RiscvSingleCycle_tb.cpu.datamem.roundToRange, S_0x55ac599487d0;
    %ix/vec4 4;
    %load/vec4a v0x55ac59949400, 4;
    %concat/vec4; draw_concat_vec4
    %store/vec4 v0x55ac59949580_0, 0, 32;
    %jmp T_0.5;
T_0.4 ;
    %load/vec4 v0x55ac59949100_0;
    %pad/u 32;
    %cmpi/e 4, 0, 32;
    %jmp/0xz  T_0.6, 4;
    %pushi/vec4 0, 0, 24;
    %load/vec4 v0x55ac59948f80_0;
    %store/vec4 v0x55ac59948ae0_0, 0, 32;
    %callf/vec4 TD_RiscvSingleCycle_tb.cpu.datamem.roundToRange, S_0x55ac599487d0;
    %ix/vec4 4;
    %load/vec4a v0x55ac59949400, 4;
    %concat/vec4; draw_concat_vec4
    %store/vec4 v0x55ac59949580_0, 0, 32;
    %jmp T_0.7;
T_0.6 ;
    %load/vec4 v0x55ac59949100_0;
    %pad/u 32;
    %cmpi/e 5, 0, 32;
    %jmp/0xz  T_0.8, 4;
    %pushi/vec4 0, 0, 16;
    %load/vec4 v0x55ac59948f80_0;
    %addi 1, 0, 32;
    %store/vec4 v0x55ac59948ae0_0, 0, 32;
    %callf/vec4 TD_RiscvSingleCycle_tb.cpu.datamem.roundToRange, S_0x55ac599487d0;
    %ix/vec4 4;
    %load/vec4a v0x55ac59949400, 4;
    %concat/vec4; draw_concat_vec4
    %load/vec4 v0x55ac59948f80_0;
    %store/vec4 v0x55ac59948ae0_0, 0, 32;
    %callf/vec4 TD_RiscvSingleCycle_tb.cpu.datamem.roundToRange, S_0x55ac599487d0;
    %ix/vec4 4;
    %load/vec4a v0x55ac59949400, 4;
    %concat/vec4; draw_concat_vec4
    %store/vec4 v0x55ac59949580_0, 0, 32;
    %jmp T_0.9;
T_0.8 ;
    %pushi/vec4 4294967295, 4294967295, 32;
    %store/vec4 v0x55ac59949580_0, 0, 32;
T_0.9 ;
T_0.7 ;
T_0.5 ;
T_0.3 ;
T_0.1 ;
    %end;
S_0x55ac599485f0 .scope task, "doStoreStuff" "doStoreStuff" 7 141, 7 141 0, S_0x55ac59947850;
 .timescale 0 0;
TD_RiscvSingleCycle_tb.cpu.datamem.doStoreStuff ;
    %load/vec4 v0x55ac599491f0_0;
    %pad/u 32;
    %cmpi/e 0, 0, 32;
    %jmp/0xz  T_1.10, 4;
    %load/vec4 v0x55ac59948f80_0;
    %store/vec4 v0x55ac59948da0_0, 0, 32;
    %load/vec4 v0x55ac59949660_0;
    %parti/s 8, 0, 2;
    %store/vec4 v0x55ac59948ea0_0, 0, 8;
    %fork TD_RiscvSingleCycle_tb.cpu.datamem.store, S_0x55ac59948bc0;
    %join;
    %jmp T_1.11;
T_1.10 ;
    %load/vec4 v0x55ac599491f0_0;
    %pad/u 32;
    %cmpi/e 1, 0, 32;
    %jmp/0xz  T_1.12, 4;
    %load/vec4 v0x55ac59948f80_0;
    %store/vec4 v0x55ac59948da0_0, 0, 32;
    %load/vec4 v0x55ac59949660_0;
    %parti/s 8, 0, 2;
    %store/vec4 v0x55ac59948ea0_0, 0, 8;
    %fork TD_RiscvSingleCycle_tb.cpu.datamem.store, S_0x55ac59948bc0;
    %join;
    %load/vec4 v0x55ac59948f80_0;
    %addi 1, 0, 32;
    %store/vec4 v0x55ac59948da0_0, 0, 32;
    %load/vec4 v0x55ac59949660_0;
    %parti/s 8, 8, 5;
    %store/vec4 v0x55ac59948ea0_0, 0, 8;
    %fork TD_RiscvSingleCycle_tb.cpu.datamem.store, S_0x55ac59948bc0;
    %join;
    %jmp T_1.13;
T_1.12 ;
    %load/vec4 v0x55ac599491f0_0;
    %pad/u 32;
    %cmpi/e 2, 0, 32;
    %jmp/0xz  T_1.14, 4;
    %load/vec4 v0x55ac59948f80_0;
    %store/vec4 v0x55ac59948da0_0, 0, 32;
    %load/vec4 v0x55ac59949660_0;
    %parti/s 8, 0, 2;
    %store/vec4 v0x55ac59948ea0_0, 0, 8;
    %fork TD_RiscvSingleCycle_tb.cpu.datamem.store, S_0x55ac59948bc0;
    %join;
    %load/vec4 v0x55ac59948f80_0;
    %addi 1, 0, 32;
    %store/vec4 v0x55ac59948da0_0, 0, 32;
    %load/vec4 v0x55ac59949660_0;
    %parti/s 8, 8, 5;
    %store/vec4 v0x55ac59948ea0_0, 0, 8;
    %fork TD_RiscvSingleCycle_tb.cpu.datamem.store, S_0x55ac59948bc0;
    %join;
    %load/vec4 v0x55ac59948f80_0;
    %addi 2, 0, 32;
    %store/vec4 v0x55ac59948da0_0, 0, 32;
    %load/vec4 v0x55ac59949660_0;
    %parti/s 8, 16, 6;
    %store/vec4 v0x55ac59948ea0_0, 0, 8;
    %fork TD_RiscvSingleCycle_tb.cpu.datamem.store, S_0x55ac59948bc0;
    %join;
    %load/vec4 v0x55ac59948f80_0;
    %addi 3, 0, 32;
    %store/vec4 v0x55ac59948da0_0, 0, 32;
    %load/vec4 v0x55ac59949660_0;
    %parti/s 8, 24, 6;
    %store/vec4 v0x55ac59948ea0_0, 0, 8;
    %fork TD_RiscvSingleCycle_tb.cpu.datamem.store, S_0x55ac59948bc0;
    %join;
T_1.14 ;
T_1.13 ;
T_1.11 ;
    %end;
S_0x55ac599487d0 .scope function.vec4.s32, "roundToRange" "roundToRange" 7 195, 7 195 0, S_0x55ac59947850;
 .timescale 0 0;
; Variable roundToRange is vec4 return value of scope S_0x55ac599487d0
v0x55ac59948ae0_0 .var/s "value", 31 0;
TD_RiscvSingleCycle_tb.cpu.datamem.roundToRange ;
    %load/vec4 v0x55ac59948ae0_0;
    %cmpi/s 0, 0, 32;
    %flag_inv 5; GE is !LT
    %jmp/0xz  T_2.16, 5;
    %load/vec4 v0x55ac59948ae0_0;
    %pushi/vec4 5000, 0, 32;
    %mod/s;
    %ret/vec4 0, 0, 32;  Assign to roundToRange (store_vec4_to_lval)
    %jmp T_2.17;
T_2.16 ;
    %load/vec4 v0x55ac59948ae0_0;
    %pushi/vec4 5000, 0, 32;
    %mod/s;
    %addi 5000, 0, 32;
    %pushi/vec4 5000, 0, 32;
    %mod/s;
    %ret/vec4 0, 0, 32;  Assign to roundToRange (store_vec4_to_lval)
T_2.17 ;
    %end;
S_0x55ac59948bc0 .scope task, "store" "store" 7 186, 7 186 0, S_0x55ac59947850;
 .timescale 0 0;
v0x55ac59948da0_0 .var "address", 31 0;
v0x55ac59948ea0_0 .var "valueForWriting", 7 0;
TD_RiscvSingleCycle_tb.cpu.datamem.store ;
    %load/vec4 v0x55ac59948ea0_0;
    %load/vec4 v0x55ac59948da0_0;
    %store/vec4 v0x55ac59948ae0_0, 0, 32;
    %callf/vec4 TD_RiscvSingleCycle_tb.cpu.datamem.roundToRange, S_0x55ac599487d0;
    %ix/vec4 3;
    %ix/load 4, 0, 0; Constant delay
    %assign/vec4/a/d v0x55ac59949400, 0, 4;
    %load/vec4 v0x55ac59948da0_0;
    %store/vec4 v0x55ac59948ae0_0, 0, 32;
    %callf/vec4 TD_RiscvSingleCycle_tb.cpu.datamem.roundToRange, S_0x55ac599487d0;
    %vpi_call/w 7 191 "$fwrite", v0x55ac599492d0_0, "t=%0d:\011mem[%0hh] <- %0hh\012", $time, S<0,vec4,u32>, v0x55ac59948ea0_0 {1 0 0};
    %vpi_call/w 7 192 "$fflush", v0x55ac599492d0_0 {0 0 0};
    %end;
S_0x55ac599498c0 .scope module, "immedGen" "ImmedGen" 4 36, 8 4 0, S_0x55ac59946540;
 .timescale 0 0;
    .port_info 0 /INPUT 4 "instType";
    .port_info 1 /INPUT 32 "inst";
    .port_info 2 /OUTPUT 32 "immed";
v0x55ac59949b40_0 .var "immed", 31 0;
v0x55ac59949c40_0 .net "inst", 31 0, v0x55ac5994bb60_0;  alias, 1 drivers
v0x55ac59949d20_0 .net "instType", 3 0, L_0x55ac5994f4c0;  1 drivers
E_0x55ac59949ac0 .event anyedge, v0x55ac59949c40_0, v0x55ac59949d20_0;
S_0x55ac59949e90 .scope module, "instDecoder" "InstDecoder" 4 37, 9 2 0, S_0x55ac59946540;
 .timescale 0 0;
    .port_info 0 /INPUT 32 "inst";
    .port_info 1 /INPUT 1 "willBranch";
    .port_info 2 /OUTPUT 19 "controlWord";
v0x55ac5994a390_0 .var "PCSelect", 0 0;
v0x55ac5994a470_0 .var "aluArg1Select", 1 0;
v0x55ac5994a550_0 .var "aluArg2Select", 0 0;
v0x55ac5994a5f0_0 .var "aluOperation", 3 0;
v0x55ac5994a6d0_0 .var "branchType", 2 0;
v0x55ac5994a800_0 .var "controlWord", 18 0;
v0x55ac5994a8e0_0 .var "datamemWriteEnable", 0 0;
v0x55ac5994a9a0_0 .var "funct1", 0 0;
v0x55ac5994aa60_0 .var "funct3", 2 0;
v0x55ac5994ab40_0 .net "inst", 31 0, v0x55ac5994bb60_0;  alias, 1 drivers
v0x55ac5994ac00_0 .var "instType", 3 0;
v0x55ac5994acc0_0 .var "regfileWriteEnable", 0 0;
v0x55ac5994ad80_0 .net "willBranch", 0 0, v0x55ac599476e0_0;  alias, 1 drivers
v0x55ac5994ae50_0 .var "writebackSelect", 1 0;
E_0x55ac5994a110 .event anyedge, v0x55ac599476e0_0, v0x55ac59949c40_0;
S_0x55ac5994a190 .scope begin, "DECODE_PROCESS" "DECODE_PROCESS" 9 24, 9 24 0, S_0x55ac59949e90;
 .timescale 0 0;
S_0x55ac5994af90 .scope module, "instmem" "Instmem" 4 35, 10 4 0, S_0x55ac59946540;
 .timescale 0 0;
    .port_info 0 /INPUT 13 "address";
    .port_info 1 /OUTPUT 32 "value";
P_0x55ac5994b120 .param/l "ENDIANNESS" 0 10 6, +C4<00000000000000000000000000000001>;
P_0x55ac5994b160 .param/str "INIT_FILE" 0 10 7, "samples/prime.c.elf.imem";
P_0x55ac5994b1a0 .param/l "LENGTH" 0 10 5, +C4<00000000000000000001001110001000>;
v0x55ac5994b9c0_0 .net "address", 12 0, L_0x55ac5994f360;  1 drivers
v0x55ac5994baa0 .array "memory", 4999 0, 7 0;
v0x55ac5994bb60_0 .var "value", 31 0;
E_0x55ac5994b3b0 .event anyedge, v0x55ac5994b9c0_0;
S_0x55ac5994b4c0 .scope begin, "$ivl_for_loop2" "$ivl_for_loop2" 10 16, 10 16 0, S_0x55ac5994af90;
 .timescale 0 0;
v0x55ac5994b6c0_0 .var/2s "i", 31 0;
S_0x55ac5994b7c0 .scope task, "doLoadStuff" "doLoadStuff" 10 30, 10 30 0, S_0x55ac5994af90;
 .timescale 0 0;
TD_RiscvSingleCycle_tb.cpu.instmem.doLoadStuff ;
    %load/vec4 v0x55ac5994b9c0_0;
    %pad/u 32;
    %cmpi/u 5000, 0, 32;
    %flag_inv 5; GE is !LT
    %jmp/0xz  T_4.18, 5;
    %pushi/vec4 4294967295, 4294967295, 32;
    %store/vec4 v0x55ac5994bb60_0, 0, 32;
    %disable S_0x55ac5994b7c0;
T_4.18 ;
    %load/vec4 v0x55ac5994b9c0_0;
    %pad/u 32;
    %addi 3, 0, 32;
    %pushi/vec4 5000, 0, 32;
    %mod;
    %ix/vec4 4;
    %load/vec4a v0x55ac5994baa0, 4;
    %load/vec4 v0x55ac5994b9c0_0;
    %pad/u 32;
    %addi 2, 0, 32;
    %pushi/vec4 5000, 0, 32;
    %mod;
    %ix/vec4 4;
    %load/vec4a v0x55ac5994baa0, 4;
    %concat/vec4; draw_concat_vec4
    %load/vec4 v0x55ac5994b9c0_0;
    %pad/u 32;
    %addi 1, 0, 32;
    %pushi/vec4 5000, 0, 32;
    %mod;
    %ix/vec4 4;
    %load/vec4a v0x55ac5994baa0, 4;
    %concat/vec4; draw_concat_vec4
    %load/vec4 v0x55ac5994b9c0_0;
    %pad/u 14;
    %ix/vec4 4;
    %load/vec4a v0x55ac5994baa0, 4;
    %concat/vec4; draw_concat_vec4
    %store/vec4 v0x55ac5994bb60_0, 0, 32;
    %end;
S_0x55ac5994bce0 .scope module, "regfile" "Regfile" 4 32, 11 4 0, S_0x55ac59946540;
 .timescale 0 0;
    .port_info 0 /INPUT 5 "addressForReading1";
    .port_info 1 /INPUT 5 "addressForReading2";
    .port_info 2 /INPUT 5 "addressForWriting";
    .port_info 3 /INPUT 32 "valueForWriting";
    .port_info 4 /INPUT 1 "clock";
    .port_info 5 /INPUT 1 "reset";
    .port_info 6 /INPUT 1 "writeEnable";
    .port_info 7 /OUTPUT 32 "value1";
    .port_info 8 /OUTPUT 32 "value2";
P_0x55ac5994bec0 .param/str "LOG_FILE" 0 11 5, "log.log";
L_0x7fb3fc7d5018 .functor BUFT 1, C4<00>, C4<0>, C4<0>, C4<0>;
v0x55ac5994c700_0 .net *"_ivl_11", 1 0, L_0x7fb3fc7d5018;  1 drivers
v0x55ac5994c800_0 .net *"_ivl_13", 31 0, L_0x55ac5994e960;  1 drivers
v0x55ac5994c8e0_0 .net *"_ivl_15", 6 0, L_0x55ac5994ea30;  1 drivers
L_0x7fb3fc7d5060 .functor BUFT 1, C4<00>, C4<0>, C4<0>, C4<0>;
v0x55ac5994c9a0_0 .net *"_ivl_18", 1 0, L_0x7fb3fc7d5060;  1 drivers
v0x55ac5994ca80_0 .net *"_ivl_6", 31 0, L_0x55ac5994e720;  1 drivers
v0x55ac5994cbb0_0 .net *"_ivl_8", 6 0, L_0x55ac5994e7f0;  1 drivers
v0x55ac5994cc90_0 .net "addressForReading1", 4 0, L_0x55ac5994ebd0;  1 drivers
v0x55ac5994cd70_0 .net "addressForReading2", 4 0, L_0x55ac5994ed50;  1 drivers
v0x55ac5994ce50_0 .net "addressForWriting", 4 0, L_0x55ac5994edf0;  1 drivers
v0x55ac5994cf30_0 .net "clock", 0 0, v0x55ac5994e400_0;  alias, 1 drivers
v0x55ac5994cfd0_0 .var/2s "logFileDescriptor", 31 0;
v0x55ac5994d090 .array "memory", 31 0, 31 0;
v0x55ac5994d150_0 .net "reset", 0 0, v0x55ac5994e560_0;  alias, 1 drivers
v0x55ac5994d220_0 .var "value1", 31 0;
v0x55ac5994d2f0_0 .var "value2", 31 0;
v0x55ac5994d390_0 .net "valueForWriting", 31 0, v0x55ac5994e020_0;  1 drivers
v0x55ac5994d470_0 .net "writeEnable", 0 0, L_0x55ac5994eec0;  1 drivers
E_0x55ac5994c090 .event anyedge, L_0x55ac5994e960, L_0x55ac5994e720, v0x55ac5994cd70_0, v0x55ac5994cc90_0;
L_0x55ac5994e720 .array/port v0x55ac5994d090, L_0x55ac5994e7f0;
L_0x55ac5994e7f0 .concat [ 5 2 0 0], L_0x55ac5994ebd0, L_0x7fb3fc7d5018;
L_0x55ac5994e960 .array/port v0x55ac5994d090, L_0x55ac5994ea30;
L_0x55ac5994ea30 .concat [ 5 2 0 0], L_0x55ac5994ed50, L_0x7fb3fc7d5060;
S_0x55ac5994c120 .scope begin, "$ivl_for_loop3" "$ivl_for_loop3" 11 21, 11 21 0, S_0x55ac5994bce0;
 .timescale 0 0;
v0x55ac5994c320_0 .var/2s "i", 31 0;
S_0x55ac5994c420 .scope begin, "$ivl_for_loop4" "$ivl_for_loop4" 11 31, 11 31 0, S_0x55ac5994bce0;
 .timescale 0 0;
v0x55ac5994c620_0 .var/2s "i", 31 0;
    .scope S_0x55ac59946d50;
T_5 ;
    %wait E_0x55ac5992b300;
    %load/vec4 v0x55ac599060e0_0;
    %dup/vec4;
    %pushi/vec4 0, 0, 4;
    %cmp/u;
    %jmp/1 T_5.0, 6;
    %dup/vec4;
    %pushi/vec4 1, 0, 4;
    %cmp/u;
    %jmp/1 T_5.1, 6;
    %dup/vec4;
    %pushi/vec4 2, 0, 4;
    %cmp/u;
    %jmp/1 T_5.2, 6;
    %dup/vec4;
    %pushi/vec4 3, 0, 4;
    %cmp/u;
    %jmp/1 T_5.3, 6;
    %dup/vec4;
    %pushi/vec4 4, 0, 4;
    %cmp/u;
    %jmp/1 T_5.4, 6;
    %dup/vec4;
    %pushi/vec4 5, 0, 4;
    %cmp/u;
    %jmp/1 T_5.5, 6;
    %dup/vec4;
    %pushi/vec4 6, 0, 4;
    %cmp/u;
    %jmp/1 T_5.6, 6;
    %dup/vec4;
    %pushi/vec4 7, 0, 4;
    %cmp/u;
    %jmp/1 T_5.7, 6;
    %dup/vec4;
    %pushi/vec4 8, 0, 4;
    %cmp/u;
    %jmp/1 T_5.8, 6;
    %dup/vec4;
    %pushi/vec4 9, 0, 4;
    %cmp/u;
    %jmp/1 T_5.9, 6;
    %pushi/vec4 4294967295, 4294967295, 32;
    %store/vec4 v0x55ac59906180_0, 0, 32;
    %jmp T_5.11;
T_5.0 ;
    %load/vec4 v0x55ac598ee900_0;
    %load/vec4 v0x55ac598eeab0_0;
    %add;
    %store/vec4 v0x55ac59906180_0, 0, 32;
    %jmp T_5.11;
T_5.1 ;
    %load/vec4 v0x55ac598ee900_0;
    %load/vec4 v0x55ac598eeab0_0;
    %sub;
    %store/vec4 v0x55ac59906180_0, 0, 32;
    %jmp T_5.11;
T_5.2 ;
    %load/vec4 v0x55ac598ee900_0;
    %load/vec4 v0x55ac598eeab0_0;
    %or;
    %store/vec4 v0x55ac59906180_0, 0, 32;
    %jmp T_5.11;
T_5.3 ;
    %load/vec4 v0x55ac598ee900_0;
    %load/vec4 v0x55ac598eeab0_0;
    %and;
    %store/vec4 v0x55ac59906180_0, 0, 32;
    %jmp T_5.11;
T_5.4 ;
    %load/vec4 v0x55ac598ee900_0;
    %load/vec4 v0x55ac598eeab0_0;
    %xor;
    %store/vec4 v0x55ac59906180_0, 0, 32;
    %jmp T_5.11;
T_5.5 ;
    %load/vec4 v0x55ac598ee900_0;
    %load/vec4 v0x55ac598eeab0_0;
    %parti/s 5, 0, 2;
    %ix/vec4 4;
    %shiftl 4;
    %store/vec4 v0x55ac59906180_0, 0, 32;
    %jmp T_5.11;
T_5.6 ;
    %load/vec4 v0x55ac598ee900_0;
    %load/vec4 v0x55ac598eeab0_0;
    %parti/s 5, 0, 2;
    %ix/vec4 4;
    %shiftr 4;
    %store/vec4 v0x55ac59906180_0, 0, 32;
    %jmp T_5.11;
T_5.7 ;
    %load/vec4 v0x55ac598ee900_0;
    %load/vec4 v0x55ac598eeab0_0;
    %parti/s 5, 0, 2;
    %ix/vec4 4;
    %shiftr 4;
    %store/vec4 v0x55ac59906180_0, 0, 32;
    %jmp T_5.11;
T_5.8 ;
    %load/vec4 v0x55ac598ee900_0;
    %load/vec4 v0x55ac598eeab0_0;
    %cmp/s;
    %flag_get/vec4 5;
    %pad/u 32;
    %store/vec4 v0x55ac59906180_0, 0, 32;
    %jmp T_5.11;
T_5.9 ;
    %load/vec4 v0x55ac598ee900_0;
    %load/vec4 v0x55ac598eeab0_0;
    %cmp/u;
    %flag_get/vec4 5;
    %pad/u 32;
    %store/vec4 v0x55ac59906180_0, 0, 32;
    %jmp T_5.11;
T_5.11 ;
    %pop/vec4 1;
    %jmp T_5;
    .thread T_5, $push;
    .scope S_0x55ac5994bce0;
T_6 ;
    %fork t_1, S_0x55ac5994c120;
    %jmp t_0;
    .scope S_0x55ac5994c120;
t_1 ;
    %pushi/vec4 0, 0, 32;
    %store/vec4 v0x55ac5994c320_0, 0, 32;
T_6.0 ;
    %load/vec4 v0x55ac5994c320_0;
    %cmpi/s 31, 0, 32;
    %flag_or 5, 4;
    %jmp/0xz T_6.1, 5;
    %pushi/vec4 0, 0, 32;
    %ix/getv/s 4, v0x55ac5994c320_0;
    %store/vec4a v0x55ac5994d090, 4, 0;
    ; show_stmt_assign_vector: Get l-value for compressed += operand
    %load/vec4 v0x55ac5994c320_0;
    %pushi/vec4 1, 0, 32;
    %add;
    %cast2;
    %store/vec4 v0x55ac5994c320_0, 0, 32;
    %jmp T_6.0;
T_6.1 ;
    %end;
    .scope S_0x55ac5994bce0;
t_0 %join;
    %pushi/vec4 0, 0, 32;
    %store/vec4 v0x55ac5994d220_0, 0, 32;
    %pushi/vec4 0, 0, 32;
    %store/vec4 v0x55ac5994d2f0_0, 0, 32;
    %end;
    .thread T_6;
    .scope S_0x55ac5994bce0;
T_7 ;
    %wait E_0x55ac59947b60;
    %load/vec4 v0x55ac5994d150_0;
    %nor/r;
    %flag_set/vec4 8;
    %jmp/0xz  T_7.0, 8;
    %fork t_3, S_0x55ac5994c420;
    %jmp t_2;
    .scope S_0x55ac5994c420;
t_3 ;
    %pushi/vec4 0, 0, 32;
    %store/vec4 v0x55ac5994c620_0, 0, 32;
T_7.2 ;
    %load/vec4 v0x55ac5994c620_0;
    %cmpi/s 31, 0, 32;
    %flag_or 5, 4;
    %jmp/0xz T_7.3, 5;
    %pushi/vec4 0, 0, 32;
    %ix/getv/s 3, v0x55ac5994c620_0;
    %ix/load 4, 0, 0; Constant delay
    %assign/vec4/a/d v0x55ac5994d090, 0, 4;
    ; show_stmt_assign_vector: Get l-value for compressed += operand
    %load/vec4 v0x55ac5994c620_0;
    %pushi/vec4 1, 0, 32;
    %add;
    %cast2;
    %store/vec4 v0x55ac5994c620_0, 0, 32;
    %jmp T_7.2;
T_7.3 ;
    %end;
    .scope S_0x55ac5994bce0;
t_2 %join;
    %pushi/vec4 0, 0, 32;
    %assign/vec4 v0x55ac5994d220_0, 0;
    %pushi/vec4 0, 0, 32;
    %assign/vec4 v0x55ac5994d2f0_0, 0;
    %jmp T_7.1;
T_7.0 ;
    %load/vec4 v0x55ac5994ce50_0;
    %pad/u 32;
    %cmpi/ne 0, 0, 32;
    %flag_get/vec4 4;
    %jmp/0 T_7.6, 4;
    %load/vec4 v0x55ac5994d470_0;
    %and;
T_7.6;
    %flag_set/vec4 8;
    %jmp/0xz  T_7.4, 8;
    %load/vec4 v0x55ac5994d390_0;
    %load/vec4 v0x55ac5994ce50_0;
    %pad/u 7;
    %ix/vec4 3;
    %ix/load 4, 0, 0; Constant delay
    %assign/vec4/a/d v0x55ac5994d090, 0, 4;
    %vpi_call/w 11 41 "$fwrite", v0x55ac5994cfd0_0, "t=%0d:\011reg[%0d] <- %0hh\012", $time, v0x55ac5994ce50_0, v0x55ac5994d390_0 {0 0 0};
    %vpi_call/w 11 42 "$fflush", v0x55ac5994cfd0_0 {0 0 0};
T_7.4 ;
T_7.1 ;
    %jmp T_7;
    .thread T_7;
    .scope S_0x55ac5994bce0;
T_8 ;
    %wait E_0x55ac5994c090;
    %load/vec4 v0x55ac5994cc90_0;
    %pad/u 32;
    %cmpi/e 0, 0, 32;
    %jmp/0xz  T_8.0, 4;
    %pushi/vec4 0, 0, 32;
    %store/vec4 v0x55ac5994d220_0, 0, 32;
    %jmp T_8.1;
T_8.0 ;
    %load/vec4 v0x55ac5994cc90_0;
    %pad/u 7;
    %ix/vec4 4;
    %load/vec4a v0x55ac5994d090, 4;
    %store/vec4 v0x55ac5994d220_0, 0, 32;
T_8.1 ;
    %load/vec4 v0x55ac5994cd70_0;
    %pad/u 32;
    %cmpi/e 0, 0, 32;
    %jmp/0xz  T_8.2, 4;
    %pushi/vec4 0, 0, 32;
    %store/vec4 v0x55ac5994d2f0_0, 0, 32;
    %jmp T_8.3;
T_8.2 ;
    %load/vec4 v0x55ac5994cd70_0;
    %pad/u 7;
    %ix/vec4 4;
    %load/vec4a v0x55ac5994d090, 4;
    %store/vec4 v0x55ac5994d2f0_0, 0, 32;
T_8.3 ;
    %jmp T_8;
    .thread T_8, $push;
    .scope S_0x55ac5994bce0;
T_9 ;
    %vpi_func 11 67 "$fopen" 32, P_0x55ac5994bec0, "a" {0 0 0};
    %cast2;
    %store/vec4 v0x55ac5994cfd0_0, 0, 32;
    %end;
    .thread T_9;
    .scope S_0x55ac59947180;
T_10 ;
    %wait E_0x55ac5992b3c0;
    %load/vec4 v0x55ac59947410_0;
    %dup/vec4;
    %pushi/vec4 0, 0, 3;
    %cmp/u;
    %jmp/1 T_10.0, 6;
    %dup/vec4;
    %pushi/vec4 1, 0, 3;
    %cmp/u;
    %jmp/1 T_10.1, 6;
    %dup/vec4;
    %pushi/vec4 4, 0, 3;
    %cmp/u;
    %jmp/1 T_10.2, 6;
    %dup/vec4;
    %pushi/vec4 5, 0, 3;
    %cmp/u;
    %jmp/1 T_10.3, 6;
    %dup/vec4;
    %pushi/vec4 6, 0, 3;
    %cmp/u;
    %jmp/1 T_10.4, 6;
    %dup/vec4;
    %pushi/vec4 7, 0, 3;
    %cmp/u;
    %jmp/1 T_10.5, 6;
    %pushi/vec4 1, 1, 1;
    %store/vec4 v0x55ac599476e0_0, 0, 1;
    %jmp T_10.7;
T_10.0 ;
    %load/vec4 v0x55ac59947510_0;
    %load/vec4 v0x55ac599475f0_0;
    %cmp/e;
    %flag_get/vec4 6;
    %store/vec4 v0x55ac599476e0_0, 0, 1;
    %jmp T_10.7;
T_10.1 ;
    %load/vec4 v0x55ac59947510_0;
    %load/vec4 v0x55ac599475f0_0;
    %cmp/ne;
    %flag_get/vec4 6;
    %store/vec4 v0x55ac599476e0_0, 0, 1;
    %jmp T_10.7;
T_10.2 ;
    %load/vec4 v0x55ac59947510_0;
    %load/vec4 v0x55ac599475f0_0;
    %cmp/s;
    %flag_get/vec4 5;
    %store/vec4 v0x55ac599476e0_0, 0, 1;
    %jmp T_10.7;
T_10.3 ;
    %load/vec4 v0x55ac599475f0_0;
    %load/vec4 v0x55ac59947510_0;
    %cmp/s;
    %flag_get/vec4 4;
    %flag_get/vec4 5;
    %or;
    %store/vec4 v0x55ac599476e0_0, 0, 1;
    %jmp T_10.7;
T_10.4 ;
    %load/vec4 v0x55ac59947510_0;
    %load/vec4 v0x55ac599475f0_0;
    %cmp/u;
    %flag_get/vec4 5;
    %store/vec4 v0x55ac599476e0_0, 0, 1;
    %jmp T_10.7;
T_10.5 ;
    %load/vec4 v0x55ac599475f0_0;
    %load/vec4 v0x55ac59947510_0;
    %cmp/u;
    %flag_get/vec4 4;
    %flag_get/vec4 5;
    %or;
    %store/vec4 v0x55ac599476e0_0, 0, 1;
    %jmp T_10.7;
T_10.7 ;
    %pop/vec4 1;
    %jmp T_10;
    .thread T_10, $push;
    .scope S_0x55ac59947850;
T_11 ;
    %fork t_5, S_0x55ac59947e00;
    %jmp t_4;
    .scope S_0x55ac59947e00;
t_5 ;
    %pushi/vec4 0, 0, 32;
    %store/vec4 v0x55ac59948000_0, 0, 32;
T_11.0 ;
    %load/vec4 v0x55ac59948000_0;
    %cmpi/s 4999, 0, 32;
    %flag_or 5, 4;
    %jmp/0xz T_11.1, 5;
    %pushi/vec4 0, 0, 8;
    %ix/getv/s 4, v0x55ac59948000_0;
    %store/vec4a v0x55ac59949400, 4, 0;
    ; show_stmt_assign_vector: Get l-value for compressed += operand
    %load/vec4 v0x55ac59948000_0;
    %pushi/vec4 1, 0, 32;
    %add;
    %cast2;
    %store/vec4 v0x55ac59948000_0, 0, 32;
    %jmp T_11.0;
T_11.1 ;
    %end;
    .scope S_0x55ac59947850;
t_4 %join;
    %pushi/vec4 0, 0, 32;
    %store/vec4 v0x55ac59949580_0, 0, 32;
    %vpi_call/w 7 28 "$display", "%s", P_0x55ac599294c0 {0 0 0};
    %vpi_call/w 7 29 "$readmemh", P_0x55ac599294c0, v0x55ac59949400 {0 0 0};
    %end;
    .thread T_11;
    .scope S_0x55ac59947850;
T_12 ;
    %wait E_0x55ac59947b60;
    %load/vec4 v0x55ac599494c0_0;
    %nor/r;
    %flag_set/vec4 8;
    %jmp/0xz  T_12.0, 8;
    %fork t_7, S_0x55ac59948100;
    %jmp t_6;
    .scope S_0x55ac59948100;
t_7 ;
    %pushi/vec4 0, 0, 32;
    %store/vec4 v0x55ac59948300_0, 0, 32;
T_12.2 ;
    %load/vec4 v0x55ac59948300_0;
    %cmpi/s 4999, 0, 32;
    %flag_or 5, 4;
    %jmp/0xz T_12.3, 5;
    %pushi/vec4 0, 0, 8;
    %ix/getv/s 3, v0x55ac59948300_0;
    %ix/load 4, 0, 0; Constant delay
    %assign/vec4/a/d v0x55ac59949400, 0, 4;
    ; show_stmt_assign_vector: Get l-value for compressed += operand
    %load/vec4 v0x55ac59948300_0;
    %pushi/vec4 1, 0, 32;
    %add;
    %cast2;
    %store/vec4 v0x55ac59948300_0, 0, 32;
    %jmp T_12.2;
T_12.3 ;
    %end;
    .scope S_0x55ac59947850;
t_6 %join;
    %pushi/vec4 0, 0, 32;
    %assign/vec4 v0x55ac59949580_0, 0;
    %jmp T_12.1;
T_12.0 ;
    %load/vec4 v0x55ac59949720_0;
    %flag_set/vec4 8;
    %jmp/0xz  T_12.4, 8;
    %fork TD_RiscvSingleCycle_tb.cpu.datamem.doStoreStuff, S_0x55ac599485f0;
    %join;
    %fork TD_RiscvSingleCycle_tb.cpu.datamem.doLoadStuff, S_0x55ac599483e0;
    %join;
T_12.4 ;
T_12.1 ;
    %jmp T_12;
    .thread T_12;
    .scope S_0x55ac59947850;
T_13 ;
    %wait E_0x55ac59947ba0;
    %fork TD_RiscvSingleCycle_tb.cpu.datamem.doLoadStuff, S_0x55ac599483e0;
    %join;
    %jmp T_13;
    .thread T_13, $push;
    .scope S_0x55ac59947850;
T_14 ;
    %vpi_func 7 183 "$fopen" 32, P_0x55ac59929540, "a" {0 0 0};
    %cast2;
    %store/vec4 v0x55ac599492d0_0, 0, 32;
    %end;
    .thread T_14;
    .scope S_0x55ac5994af90;
T_15 ;
    %fork t_9, S_0x55ac5994b4c0;
    %jmp t_8;
    .scope S_0x55ac5994b4c0;
t_9 ;
    %pushi/vec4 0, 0, 32;
    %store/vec4 v0x55ac5994b6c0_0, 0, 32;
T_15.0 ;
    %load/vec4 v0x55ac5994b6c0_0;
    %cmpi/s 4999, 0, 32;
    %flag_or 5, 4;
    %jmp/0xz T_15.1, 5;
    %pushi/vec4 0, 0, 8;
    %ix/getv/s 4, v0x55ac5994b6c0_0;
    %store/vec4a v0x55ac5994baa0, 4, 0;
    ; show_stmt_assign_vector: Get l-value for compressed += operand
    %load/vec4 v0x55ac5994b6c0_0;
    %pushi/vec4 1, 0, 32;
    %add;
    %cast2;
    %store/vec4 v0x55ac5994b6c0_0, 0, 32;
    %jmp T_15.0;
T_15.1 ;
    %end;
    .scope S_0x55ac5994af90;
t_8 %join;
    %pushi/vec4 0, 0, 32;
    %store/vec4 v0x55ac5994bb60_0, 0, 32;
    %vpi_call/w 10 20 "$readmemh", P_0x55ac5994b160, v0x55ac5994baa0 {0 0 0};
    %end;
    .thread T_15;
    .scope S_0x55ac5994af90;
T_16 ;
    %wait E_0x55ac5994b3b0;
    %fork TD_RiscvSingleCycle_tb.cpu.instmem.doLoadStuff, S_0x55ac5994b7c0;
    %join;
    %jmp T_16;
    .thread T_16, $push;
    .scope S_0x55ac599498c0;
T_17 ;
    %wait E_0x55ac59949ac0;
    %load/vec4 v0x55ac59949d20_0;
    %dup/vec4;
    %pushi/vec4 4, 0, 4;
    %cmp/u;
    %jmp/1 T_17.0, 6;
    %dup/vec4;
    %pushi/vec4 5, 0, 4;
    %cmp/u;
    %jmp/1 T_17.1, 6;
    %dup/vec4;
    %pushi/vec4 8, 0, 4;
    %cmp/u;
    %jmp/1 T_17.2, 6;
    %dup/vec4;
    %pushi/vec4 6, 0, 4;
    %cmp/u;
    %jmp/1 T_17.3, 6;
    %dup/vec4;
    %pushi/vec4 2, 0, 4;
    %cmp/u;
    %jmp/1 T_17.4, 6;
    %dup/vec4;
    %pushi/vec4 0, 0, 4;
    %cmp/u;
    %jmp/1 T_17.5, 6;
    %dup/vec4;
    %pushi/vec4 1, 0, 4;
    %cmp/u;
    %jmp/1 T_17.6, 6;
    %dup/vec4;
    %pushi/vec4 7, 0, 4;
    %cmp/u;
    %jmp/1 T_17.7, 6;
    %pushi/vec4 4294967295, 4294967295, 32;
    %store/vec4 v0x55ac59949b40_0, 0, 32;
    %jmp T_17.9;
T_17.0 ;
    %load/vec4 v0x55ac59949c40_0;
    %parti/s 20, 12, 5;
    %concati/vec4 0, 0, 12;
    %store/vec4 v0x55ac59949b40_0, 0, 32;
    %jmp T_17.9;
T_17.1 ;
    %load/vec4 v0x55ac59949c40_0;
    %parti/s 20, 12, 5;
    %concati/vec4 0, 0, 12;
    %store/vec4 v0x55ac59949b40_0, 0, 32;
    %jmp T_17.9;
T_17.2 ;
    %load/vec4 v0x55ac59949c40_0;
    %parti/s 1, 31, 6;
    %replicate 12;
    %load/vec4 v0x55ac59949c40_0;
    %parti/s 8, 12, 5;
    %concat/vec4; draw_concat_vec4
    %load/vec4 v0x55ac59949c40_0;
    %parti/s 1, 20, 6;
    %concat/vec4; draw_concat_vec4
    %load/vec4 v0x55ac59949c40_0;
    %parti/s 10, 21, 6;
    %concat/vec4; draw_concat_vec4
    %concati/vec4 0, 0, 1;
    %store/vec4 v0x55ac59949b40_0, 0, 32;
    %jmp T_17.9;
T_17.3 ;
    %load/vec4 v0x55ac59949c40_0;
    %parti/s 1, 31, 6;
    %replicate 20;
    %load/vec4 v0x55ac59949c40_0;
    %parti/s 1, 7, 4;
    %concat/vec4; draw_concat_vec4
    %load/vec4 v0x55ac59949c40_0;
    %parti/s 6, 25, 6;
    %concat/vec4; draw_concat_vec4
    %load/vec4 v0x55ac59949c40_0;
    %parti/s 4, 8, 5;
    %concat/vec4; draw_concat_vec4
    %concati/vec4 0, 0, 1;
    %store/vec4 v0x55ac59949b40_0, 0, 32;
    %jmp T_17.9;
T_17.4 ;
    %load/vec4 v0x55ac59949c40_0;
    %parti/s 1, 31, 6;
    %replicate 21;
    %load/vec4 v0x55ac59949c40_0;
    %parti/s 6, 25, 6;
    %concat/vec4; draw_concat_vec4
    %load/vec4 v0x55ac59949c40_0;
    %parti/s 5, 7, 4;
    %concat/vec4; draw_concat_vec4
    %store/vec4 v0x55ac59949b40_0, 0, 32;
    %jmp T_17.9;
T_17.5 ;
    %load/vec4 v0x55ac59949c40_0;
    %parti/s 1, 31, 6;
    %replicate 21;
    %load/vec4 v0x55ac59949c40_0;
    %parti/s 11, 20, 6;
    %concat/vec4; draw_concat_vec4
    %store/vec4 v0x55ac59949b40_0, 0, 32;
    %jmp T_17.9;
T_17.6 ;
    %load/vec4 v0x55ac59949c40_0;
    %parti/s 1, 31, 6;
    %replicate 21;
    %load/vec4 v0x55ac59949c40_0;
    %parti/s 11, 20, 6;
    %concat/vec4; draw_concat_vec4
    %store/vec4 v0x55ac59949b40_0, 0, 32;
    %jmp T_17.9;
T_17.7 ;
    %load/vec4 v0x55ac59949c40_0;
    %parti/s 1, 31, 6;
    %replicate 21;
    %load/vec4 v0x55ac59949c40_0;
    %parti/s 11, 20, 6;
    %concat/vec4; draw_concat_vec4
    %store/vec4 v0x55ac59949b40_0, 0, 32;
    %jmp T_17.9;
T_17.9 ;
    %pop/vec4 1;
    %jmp T_17;
    .thread T_17, $push;
    .scope S_0x55ac59949e90;
T_18 ;
    %wait E_0x55ac5994a110;
    %fork t_11, S_0x55ac5994a190;
    %jmp t_10;
    .scope S_0x55ac5994a190;
t_11 ;
    %load/vec4 v0x55ac5994ab40_0;
    %parti/s 2, 0, 2;
    %cmpi/e 3, 0, 2;
    %flag_get/vec4 4;
    %jmp/0 T_18.2, 4;
    %load/vec4 v0x55ac5994ab40_0;
    %parti/s 3, 2, 3;
    %pushi/vec4 7, 0, 3;
    %cmp/ne;
    %flag_get/vec4 4;
    %and;
T_18.2;
    %flag_set/vec4 8;
    %jmp/0xz  T_18.0, 8;
    %jmp T_18.1;
T_18.0 ;
    %pushi/vec4 524287, 524287, 19;
    %store/vec4 v0x55ac5994a800_0, 0, 19;
    %disable S_0x55ac5994a190;
T_18.1 ;
    %load/vec4 v0x55ac5994ab40_0;
    %parti/s 7, 0, 2;
    %cmpi/e 15, 0, 7;
    %jmp/0xz  T_18.3, 4;
    %vpi_call/w 9 30 "$display", "Note: Fences are not supported." {0 0 0};
    %pushi/vec4 524287, 524287, 19;
    %store/vec4 v0x55ac5994a800_0, 0, 19;
    %disable S_0x55ac5994a190;
T_18.3 ;
    %load/vec4 v0x55ac5994ab40_0;
    %cmpi/e 115, 0, 32;
    %jmp/0xz  T_18.5, 4;
    %vpi_call/w 9 35 "$display", "Note: Ecall is not supported." {0 0 0};
    %pushi/vec4 524287, 524287, 19;
    %store/vec4 v0x55ac5994a800_0, 0, 19;
    %disable S_0x55ac5994a190;
T_18.5 ;
    %load/vec4 v0x55ac5994ab40_0;
    %cmpi/e 1048691, 0, 32;
    %jmp/0xz  T_18.7, 4;
    %vpi_call/w 9 40 "$display", "Note: ebreak encountered at t=%0d. Halting", $time {0 0 0};
    %vpi_call/w 9 41 "$finish", 32'sb00000000000000000000000000000000 {0 0 0};
T_18.7 ;
    %load/vec4 v0x55ac5994ab40_0;
    %parti/s 5, 2, 3;
    %dup/vec4;
    %pushi/vec4 13, 0, 5;
    %cmp/u;
    %jmp/1 T_18.9, 6;
    %dup/vec4;
    %pushi/vec4 5, 0, 5;
    %cmp/u;
    %jmp/1 T_18.10, 6;
    %dup/vec4;
    %pushi/vec4 27, 0, 5;
    %cmp/u;
    %jmp/1 T_18.11, 6;
    %dup/vec4;
    %pushi/vec4 25, 0, 5;
    %cmp/u;
    %jmp/1 T_18.12, 6;
    %dup/vec4;
    %pushi/vec4 24, 0, 5;
    %cmp/u;
    %jmp/1 T_18.13, 6;
    %dup/vec4;
    %pushi/vec4 0, 0, 5;
    %cmp/u;
    %jmp/1 T_18.14, 6;
    %dup/vec4;
    %pushi/vec4 8, 0, 5;
    %cmp/u;
    %jmp/1 T_18.15, 6;
    %dup/vec4;
    %pushi/vec4 4, 0, 5;
    %cmp/u;
    %jmp/1 T_18.16, 6;
    %dup/vec4;
    %pushi/vec4 12, 0, 5;
    %cmp/u;
    %jmp/1 T_18.17, 6;
    %pushi/vec4 524287, 524287, 19;
    %store/vec4 v0x55ac5994a800_0, 0, 19;
    %disable S_0x55ac5994a190;
    %jmp T_18.19;
T_18.9 ;
    %pushi/vec4 4, 0, 4;
    %store/vec4 v0x55ac5994ac00_0, 0, 4;
    %jmp T_18.19;
T_18.10 ;
    %pushi/vec4 5, 0, 4;
    %store/vec4 v0x55ac5994ac00_0, 0, 4;
    %jmp T_18.19;
T_18.11 ;
    %pushi/vec4 8, 0, 4;
    %store/vec4 v0x55ac5994ac00_0, 0, 4;
    %jmp T_18.19;
T_18.12 ;
    %pushi/vec4 7, 0, 4;
    %store/vec4 v0x55ac5994ac00_0, 0, 4;
    %jmp T_18.19;
T_18.13 ;
    %pushi/vec4 6, 0, 4;
    %store/vec4 v0x55ac5994ac00_0, 0, 4;
    %jmp T_18.19;
T_18.14 ;
    %pushi/vec4 0, 0, 4;
    %store/vec4 v0x55ac5994ac00_0, 0, 4;
    %jmp T_18.19;
T_18.15 ;
    %pushi/vec4 2, 0, 4;
    %store/vec4 v0x55ac5994ac00_0, 0, 4;
    %jmp T_18.19;
T_18.16 ;
    %pushi/vec4 1, 0, 4;
    %store/vec4 v0x55ac5994ac00_0, 0, 4;
    %jmp T_18.19;
T_18.17 ;
    %pushi/vec4 3, 0, 4;
    %store/vec4 v0x55ac5994ac00_0, 0, 4;
    %jmp T_18.19;
T_18.19 ;
    %pop/vec4 1;
    %load/vec4 v0x55ac5994ab40_0;
    %parti/s 3, 12, 5;
    %store/vec4 v0x55ac5994aa60_0, 0, 3;
    %load/vec4 v0x55ac5994ab40_0;
    %parti/s 1, 30, 6;
    %store/vec4 v0x55ac5994a9a0_0, 0, 1;
    %load/vec4 v0x55ac5994ac00_0;
    %pad/u 32;
    %pushi/vec4 2, 0, 32;
    %cmp/e;
    %flag_get/vec4 4;
    %store/vec4 v0x55ac5994a8e0_0, 0, 1;
    %load/vec4 v0x55ac5994ac00_0;
    %pad/u 32;
    %cmpi/e 6, 0, 32;
    %flag_get/vec4 4;
    %jmp/0 T_18.22, 4;
    %load/vec4 v0x55ac5994ad80_0;
    %and;
T_18.22;
    %flag_set/vec4 8;
    %jmp/1 T_18.21, 8;
    %load/vec4 v0x55ac5994ac00_0;
    %pad/u 32;
    %cmpi/e 8, 0, 32;
    %flag_or 8, 4;
T_18.21;
    %flag_get/vec4 8;
    %jmp/1 T_18.20, 8;
    %load/vec4 v0x55ac5994ac00_0;
    %pad/u 32;
    %pushi/vec4 7, 0, 32;
    %cmp/e;
    %flag_get/vec4 4;
    %or;
T_18.20;
    %store/vec4 v0x55ac5994a390_0, 0, 1;
    %load/vec4 v0x55ac5994ac00_0;
    %pad/u 32;
    %cmpi/e 0, 0, 32;
    %jmp/0xz  T_18.23, 4;
    %pushi/vec4 0, 0, 2;
    %store/vec4 v0x55ac5994ae50_0, 0, 2;
    %jmp T_18.24;
T_18.23 ;
    %load/vec4 v0x55ac5994ac00_0;
    %pad/u 32;
    %cmpi/e 8, 0, 32;
    %jmp/1 T_18.27, 4;
    %flag_mov 8, 4;
    %load/vec4 v0x55ac5994ac00_0;
    %pad/u 32;
    %cmpi/e 7, 0, 32;
    %flag_or 4, 8;
T_18.27;
    %jmp/0xz  T_18.25, 4;
    %pushi/vec4 2, 0, 2;
    %store/vec4 v0x55ac5994ae50_0, 0, 2;
    %jmp T_18.26;
T_18.25 ;
    %pushi/vec4 1, 0, 2;
    %store/vec4 v0x55ac5994ae50_0, 0, 2;
T_18.26 ;
T_18.24 ;
    %load/vec4 v0x55ac5994ac00_0;
    %pad/u 32;
    %cmpi/e 5, 0, 32;
    %jmp/1 T_18.31, 4;
    %flag_mov 8, 4;
    %load/vec4 v0x55ac5994ac00_0;
    %pad/u 32;
    %cmpi/e 8, 0, 32;
    %flag_or 4, 8;
T_18.31;
    %jmp/1 T_18.30, 4;
    %flag_mov 8, 4;
    %load/vec4 v0x55ac5994ac00_0;
    %pad/u 32;
    %cmpi/e 6, 0, 32;
    %flag_or 4, 8;
T_18.30;
    %jmp/0xz  T_18.28, 4;
    %pushi/vec4 1, 0, 2;
    %store/vec4 v0x55ac5994a470_0, 0, 2;
    %jmp T_18.29;
T_18.28 ;
    %load/vec4 v0x55ac5994ac00_0;
    %pad/u 32;
    %cmpi/e 4, 0, 32;
    %jmp/0xz  T_18.32, 4;
    %pushi/vec4 2, 0, 2;
    %store/vec4 v0x55ac5994a470_0, 0, 2;
    %jmp T_18.33;
T_18.32 ;
    %pushi/vec4 0, 0, 2;
    %store/vec4 v0x55ac5994a470_0, 0, 2;
T_18.33 ;
T_18.29 ;
    %load/vec4 v0x55ac5994ac00_0;
    %pad/u 32;
    %pushi/vec4 3, 0, 32;
    %cmp/ne;
    %flag_get/vec4 4;
    %store/vec4 v0x55ac5994a550_0, 0, 1;
    %load/vec4 v0x55ac5994ac00_0;
    %pad/u 32;
    %cmpi/e 6, 0, 32;
    %flag_get/vec4 4;
    %jmp/1 T_18.34, 4;
    %load/vec4 v0x55ac5994ac00_0;
    %pad/u 32;
    %pushi/vec4 2, 0, 32;
    %cmp/e;
    %flag_get/vec4 4;
    %or;
T_18.34;
    %nor/r;
    %store/vec4 v0x55ac5994acc0_0, 0, 1;
    %load/vec4 v0x55ac5994ac00_0;
    %pad/u 32;
    %cmpi/e 1, 0, 32;
    %jmp/0xz  T_18.35, 4;
    %load/vec4 v0x55ac5994a9a0_0;
    %load/vec4 v0x55ac5994aa60_0;
    %concat/vec4; draw_concat_vec4
    %dup/vec4;
    %pushi/vec4 0, 8, 4;
    %cmp/z;
    %jmp/1 T_18.37, 4;
    %dup/vec4;
    %pushi/vec4 2, 8, 4;
    %cmp/z;
    %jmp/1 T_18.38, 4;
    %dup/vec4;
    %pushi/vec4 3, 8, 4;
    %cmp/z;
    %jmp/1 T_18.39, 4;
    %dup/vec4;
    %pushi/vec4 4, 8, 4;
    %cmp/z;
    %jmp/1 T_18.40, 4;
    %dup/vec4;
    %pushi/vec4 6, 8, 4;
    %cmp/z;
    %jmp/1 T_18.41, 4;
    %dup/vec4;
    %pushi/vec4 7, 8, 4;
    %cmp/z;
    %jmp/1 T_18.42, 4;
    %dup/vec4;
    %pushi/vec4 1, 0, 4;
    %cmp/z;
    %jmp/1 T_18.43, 4;
    %dup/vec4;
    %pushi/vec4 5, 0, 4;
    %cmp/z;
    %jmp/1 T_18.44, 4;
    %dup/vec4;
    %pushi/vec4 13, 0, 4;
    %cmp/z;
    %jmp/1 T_18.45, 4;
    %pushi/vec4 15, 15, 4;
    %store/vec4 v0x55ac5994a5f0_0, 0, 4;
    %jmp T_18.47;
T_18.37 ;
    %pushi/vec4 0, 0, 4;
    %store/vec4 v0x55ac5994a5f0_0, 0, 4;
    %jmp T_18.47;
T_18.38 ;
    %pushi/vec4 8, 0, 4;
    %store/vec4 v0x55ac5994a5f0_0, 0, 4;
    %jmp T_18.47;
T_18.39 ;
    %pushi/vec4 9, 0, 4;
    %store/vec4 v0x55ac5994a5f0_0, 0, 4;
    %jmp T_18.47;
T_18.40 ;
    %pushi/vec4 4, 0, 4;
    %store/vec4 v0x55ac5994a5f0_0, 0, 4;
    %jmp T_18.47;
T_18.41 ;
    %pushi/vec4 2, 0, 4;
    %store/vec4 v0x55ac5994a5f0_0, 0, 4;
    %jmp T_18.47;
T_18.42 ;
    %pushi/vec4 3, 0, 4;
    %store/vec4 v0x55ac5994a5f0_0, 0, 4;
    %jmp T_18.47;
T_18.43 ;
    %pushi/vec4 5, 0, 4;
    %store/vec4 v0x55ac5994a5f0_0, 0, 4;
    %jmp T_18.47;
T_18.44 ;
    %pushi/vec4 6, 0, 4;
    %store/vec4 v0x55ac5994a5f0_0, 0, 4;
    %jmp T_18.47;
T_18.45 ;
    %pushi/vec4 7, 0, 4;
    %store/vec4 v0x55ac5994a5f0_0, 0, 4;
    %jmp T_18.47;
T_18.47 ;
    %pop/vec4 1;
    %jmp T_18.36;
T_18.35 ;
    %load/vec4 v0x55ac5994ac00_0;
    %pad/u 32;
    %cmpi/e 3, 0, 32;
    %jmp/0xz  T_18.48, 4;
    %load/vec4 v0x55ac5994a9a0_0;
    %load/vec4 v0x55ac5994aa60_0;
    %concat/vec4; draw_concat_vec4
    %dup/vec4;
    %pushi/vec4 0, 0, 4;
    %cmp/u;
    %jmp/1 T_18.50, 6;
    %dup/vec4;
    %pushi/vec4 2, 0, 4;
    %cmp/u;
    %jmp/1 T_18.51, 6;
    %dup/vec4;
    %pushi/vec4 3, 0, 4;
    %cmp/u;
    %jmp/1 T_18.52, 6;
    %dup/vec4;
    %pushi/vec4 4, 0, 4;
    %cmp/u;
    %jmp/1 T_18.53, 6;
    %dup/vec4;
    %pushi/vec4 6, 0, 4;
    %cmp/u;
    %jmp/1 T_18.54, 6;
    %dup/vec4;
    %pushi/vec4 7, 0, 4;
    %cmp/u;
    %jmp/1 T_18.55, 6;
    %dup/vec4;
    %pushi/vec4 1, 0, 4;
    %cmp/u;
    %jmp/1 T_18.56, 6;
    %dup/vec4;
    %pushi/vec4 5, 0, 4;
    %cmp/u;
    %jmp/1 T_18.57, 6;
    %dup/vec4;
    %pushi/vec4 13, 0, 4;
    %cmp/u;
    %jmp/1 T_18.58, 6;
    %dup/vec4;
    %pushi/vec4 8, 0, 4;
    %cmp/u;
    %jmp/1 T_18.59, 6;
    %pushi/vec4 15, 15, 4;
    %store/vec4 v0x55ac5994a5f0_0, 0, 4;
    %jmp T_18.61;
T_18.50 ;
    %pushi/vec4 0, 0, 4;
    %store/vec4 v0x55ac5994a5f0_0, 0, 4;
    %jmp T_18.61;
T_18.51 ;
    %pushi/vec4 8, 0, 4;
    %store/vec4 v0x55ac5994a5f0_0, 0, 4;
    %jmp T_18.61;
T_18.52 ;
    %pushi/vec4 9, 0, 4;
    %store/vec4 v0x55ac5994a5f0_0, 0, 4;
    %jmp T_18.61;
T_18.53 ;
    %pushi/vec4 4, 0, 4;
    %store/vec4 v0x55ac5994a5f0_0, 0, 4;
    %jmp T_18.61;
T_18.54 ;
    %pushi/vec4 2, 0, 4;
    %store/vec4 v0x55ac5994a5f0_0, 0, 4;
    %jmp T_18.61;
T_18.55 ;
    %pushi/vec4 3, 0, 4;
    %store/vec4 v0x55ac5994a5f0_0, 0, 4;
    %jmp T_18.61;
T_18.56 ;
    %pushi/vec4 5, 0, 4;
    %store/vec4 v0x55ac5994a5f0_0, 0, 4;
    %jmp T_18.61;
T_18.57 ;
    %pushi/vec4 6, 0, 4;
    %store/vec4 v0x55ac5994a5f0_0, 0, 4;
    %jmp T_18.61;
T_18.58 ;
    %pushi/vec4 7, 0, 4;
    %store/vec4 v0x55ac5994a5f0_0, 0, 4;
    %jmp T_18.61;
T_18.59 ;
    %pushi/vec4 1, 0, 4;
    %store/vec4 v0x55ac5994a5f0_0, 0, 4;
    %jmp T_18.61;
T_18.61 ;
    %pop/vec4 1;
    %jmp T_18.49;
T_18.48 ;
    %pushi/vec4 0, 0, 4;
    %store/vec4 v0x55ac5994a5f0_0, 0, 4;
T_18.49 ;
T_18.36 ;
    %load/vec4 v0x55ac5994aa60_0;
    %store/vec4 v0x55ac5994a6d0_0, 0, 3;
    %load/vec4 v0x55ac5994ac00_0;
    %ix/load 4, 15, 0;
    %flag_set/imm 4, 0;
    %store/vec4 v0x55ac5994a800_0, 4, 4;
    %load/vec4 v0x55ac5994a8e0_0;
    %ix/load 4, 14, 0;
    %flag_set/imm 4, 0;
    %store/vec4 v0x55ac5994a800_0, 4, 1;
    %load/vec4 v0x55ac5994a390_0;
    %ix/load 4, 13, 0;
    %flag_set/imm 4, 0;
    %store/vec4 v0x55ac5994a800_0, 4, 1;
    %load/vec4 v0x55ac5994ae50_0;
    %ix/load 4, 11, 0;
    %flag_set/imm 4, 0;
    %store/vec4 v0x55ac5994a800_0, 4, 2;
    %load/vec4 v0x55ac5994a470_0;
    %ix/load 4, 9, 0;
    %flag_set/imm 4, 0;
    %store/vec4 v0x55ac5994a800_0, 4, 2;
    %load/vec4 v0x55ac5994a550_0;
    %ix/load 4, 8, 0;
    %flag_set/imm 4, 0;
    %store/vec4 v0x55ac5994a800_0, 4, 1;
    %load/vec4 v0x55ac5994acc0_0;
    %ix/load 4, 7, 0;
    %flag_set/imm 4, 0;
    %store/vec4 v0x55ac5994a800_0, 4, 1;
    %load/vec4 v0x55ac5994a5f0_0;
    %ix/load 4, 3, 0;
    %flag_set/imm 4, 0;
    %store/vec4 v0x55ac5994a800_0, 4, 4;
    %load/vec4 v0x55ac5994a6d0_0;
    %ix/load 4, 0, 0;
    %flag_set/imm 4, 0;
    %store/vec4 v0x55ac5994a800_0, 4, 3;
    %end;
    .scope S_0x55ac59949e90;
t_10 %join;
    %jmp T_18;
    .thread T_18, $push;
    .scope S_0x55ac59946540;
T_19 ;
    %pushi/vec4 36, 0, 32;
    %store/vec4 v0x55ac5994ddc0_0, 0, 32;
    %end;
    .thread T_19;
    .scope S_0x55ac59946540;
T_20 ;
    %vpi_func 4 45 "$fopen" 32, P_0x55ac599468e0, "a" {0 0 0};
    %cast2;
    %store/vec4 v0x55ac5994dd00_0, 0, 32;
    %end;
    .thread T_20;
    .scope S_0x55ac59946540;
T_21 ;
    %wait E_0x55ac5988f3f0;
    %load/vec4 v0x55ac5994da10_0;
    %parti/s 1, 13, 5;
    %pad/u 32;
    %cmpi/e 1, 0, 32;
    %jmp/0xz  T_21.0, 4;
    %load/vec4 v0x55ac5994d850_0;
    %assign/vec4 v0x55ac5994ddc0_0, 0;
    %vpi_call/w 4 51 "$fwrite", v0x55ac5994dd00_0, "t=%0d:\011pc <- %0hh\012", $time, v0x55ac5994d850_0 {0 0 0};
    %vpi_call/w 4 52 "$fflush", v0x55ac5994dd00_0 {0 0 0};
    %jmp T_21.1;
T_21.0 ;
    %load/vec4 v0x55ac5994ddc0_0;
    %addi 4, 0, 32;
    %assign/vec4 v0x55ac5994ddc0_0, 0;
T_21.1 ;
    %jmp T_21;
    .thread T_21;
    .scope S_0x55ac59946540;
T_22 ;
    %wait E_0x55ac598a4910;
    %load/vec4 v0x55ac5994da10_0;
    %parti/s 2, 9, 5;
    %pad/u 32;
    %cmpi/e 2, 0, 32;
    %jmp/0xz  T_22.0, 4;
    %pushi/vec4 0, 0, 32;
    %store/vec4 v0x55ac5994d6a0_0, 0, 32;
    %jmp T_22.1;
T_22.0 ;
    %load/vec4 v0x55ac5994da10_0;
    %parti/s 2, 9, 5;
    %pad/u 32;
    %cmpi/e 0, 0, 32;
    %jmp/0xz  T_22.2, 4;
    %load/vec4 v0x55ac5994dea0_0;
    %store/vec4 v0x55ac5994d6a0_0, 0, 32;
    %jmp T_22.3;
T_22.2 ;
    %load/vec4 v0x55ac5994da10_0;
    %parti/s 2, 9, 5;
    %pad/u 32;
    %cmpi/e 1, 0, 32;
    %jmp/0xz  T_22.4, 4;
    %load/vec4 v0x55ac5994ddc0_0;
    %store/vec4 v0x55ac5994d6a0_0, 0, 32;
    %jmp T_22.5;
T_22.4 ;
    %pushi/vec4 4294967295, 4294967295, 32;
    %store/vec4 v0x55ac5994d6a0_0, 0, 32;
T_22.5 ;
T_22.3 ;
T_22.1 ;
    %jmp T_22;
    .thread T_22, $push;
    .scope S_0x55ac59946540;
T_23 ;
    %wait E_0x55ac598a4490;
    %load/vec4 v0x55ac5994da10_0;
    %parti/s 1, 8, 5;
    %pad/u 32;
    %cmpi/e 1, 0, 32;
    %jmp/0xz  T_23.0, 4;
    %load/vec4 v0x55ac5994dc40_0;
    %store/vec4 v0x55ac5994d780_0, 0, 32;
    %jmp T_23.1;
T_23.0 ;
    %load/vec4 v0x55ac5994df60_0;
    %store/vec4 v0x55ac5994d780_0, 0, 32;
T_23.1 ;
    %jmp T_23;
    .thread T_23, $push;
    .scope S_0x55ac59946540;
T_24 ;
    %wait E_0x55ac5986bb20;
    %load/vec4 v0x55ac5994da10_0;
    %parti/s 2, 11, 5;
    %pad/u 32;
    %cmpi/e 0, 0, 32;
    %jmp/0xz  T_24.0, 4;
    %load/vec4 v0x55ac5994db00_0;
    %store/vec4 v0x55ac5994e020_0, 0, 32;
    %jmp T_24.1;
T_24.0 ;
    %load/vec4 v0x55ac5994da10_0;
    %parti/s 2, 11, 5;
    %pad/u 32;
    %cmpi/e 1, 0, 32;
    %jmp/0xz  T_24.2, 4;
    %load/vec4 v0x55ac5994d850_0;
    %store/vec4 v0x55ac5994e020_0, 0, 32;
    %jmp T_24.3;
T_24.2 ;
    %load/vec4 v0x55ac5994da10_0;
    %parti/s 2, 11, 5;
    %pad/u 32;
    %cmpi/e 2, 0, 32;
    %jmp/0xz  T_24.4, 4;
    %load/vec4 v0x55ac5994ddc0_0;
    %addi 4, 0, 32;
    %store/vec4 v0x55ac5994e020_0, 0, 32;
T_24.4 ;
T_24.3 ;
T_24.1 ;
    %jmp T_24;
    .thread T_24, $push;
    .scope S_0x55ac598a8190;
T_25 ;
    %pushi/vec4 0, 0, 1;
    %store/vec4 v0x55ac5994e400_0, 0, 1;
    %pushi/vec4 1, 0, 1;
    %store/vec4 v0x55ac5994e560_0, 0, 1;
    %end;
    .thread T_25, $init;
    .scope S_0x55ac598a8190;
T_26 ;
    %delay 1, 0;
    %load/vec4 v0x55ac5994e400_0;
    %nor/r;
    %store/vec4 v0x55ac5994e400_0, 0, 1;
    %jmp T_26;
    .thread T_26;
    .scope S_0x55ac598a8190;
T_27 ;
    %vpi_call/w 3 14 "$dumplimit", 32'sb00000000100110001001011010000000 {0 0 0};
    %vpi_call/w 3 15 "$dumpfile", "riscv_singlecycle.vcd" {0 0 0};
    %vpi_call/w 3 16 "$dumpvars" {0 0 0};
    %fork t_13, S_0x55ac598ab820;
    %jmp t_12;
    .scope S_0x55ac598ab820;
t_13 ;
    %pushi/vec4 0, 0, 32;
    %store/vec4 v0x55ac598ac1d0_0, 0, 32;
T_27.0 ;
    %load/vec4 v0x55ac598ac1d0_0;
    %cmpi/s 31, 0, 32;
    %flag_or 5, 4;
    %jmp/0xz T_27.1, 5;
    %vpi_call/w 3 19 "$dumpvars", 32'sb00000000000000000000000000000000, &A<v0x55ac5994d090, v0x55ac598ac1d0_0 > {0 0 0};
    ; show_stmt_assign_vector: Get l-value for compressed += operand
    %load/vec4 v0x55ac598ac1d0_0;
    %pushi/vec4 1, 0, 32;
    %add;
    %cast2;
    %store/vec4 v0x55ac598ac1d0_0, 0, 32;
    %jmp T_27.0;
T_27.1 ;
    %end;
    .scope S_0x55ac598a8190;
t_12 %join;
    %fork t_15, S_0x55ac59946130;
    %jmp t_14;
    .scope S_0x55ac59946130;
t_15 ;
    %pushi/vec4 0, 0, 32;
    %store/vec4 v0x55ac598ddb80_0, 0, 32;
T_27.2 ;
    %load/vec4 v0x55ac598ddb80_0;
    %cmpi/s 99, 0, 32;
    %flag_or 5, 4;
    %jmp/0xz T_27.3, 5;
    %vpi_call/w 3 22 "$dumpvars", 32'sb00000000000000000000000000000000, &A<v0x55ac59949400, v0x55ac598ddb80_0 > {0 0 0};
    ; show_stmt_assign_vector: Get l-value for compressed += operand
    %load/vec4 v0x55ac598ddb80_0;
    %pushi/vec4 1, 0, 32;
    %add;
    %cast2;
    %store/vec4 v0x55ac598ddb80_0, 0, 32;
    %jmp T_27.2;
T_27.3 ;
    %end;
    .scope S_0x55ac598a8190;
t_14 %join;
    %fork t_17, S_0x55ac59946320;
    %jmp t_16;
    .scope S_0x55ac59946320;
t_17 ;
    %pushi/vec4 0, 0, 32;
    %store/vec4 v0x55ac598fd9e0_0, 0, 32;
T_27.4 ;
    %load/vec4 v0x55ac598fd9e0_0;
    %cmpi/s 199, 0, 32;
    %flag_or 5, 4;
    %jmp/0xz T_27.5, 5;
    %vpi_call/w 3 25 "$dumpvars", 32'sb00000000000000000000000000000000, &A<v0x55ac5994baa0, v0x55ac598fd9e0_0 > {0 0 0};
    ; show_stmt_assign_vector: Get l-value for compressed += operand
    %load/vec4 v0x55ac598fd9e0_0;
    %pushi/vec4 1, 0, 32;
    %add;
    %cast2;
    %store/vec4 v0x55ac598fd9e0_0, 0, 32;
    %jmp T_27.4;
T_27.5 ;
    %end;
    .scope S_0x55ac598a8190;
t_16 %join;
    %delay 100000, 0;
    %vpi_call/w 3 29 "$finish" {0 0 0};
    %end;
    .thread T_27;
# The file index is used to find the file name in the following table.
:file_names 12;
    "N/A";
    "<interactive>";
    "-";
    "tb/riscv_singlecycle_tb.sv";
    "src/riscv_singlecycle.sv";
    "src/alu.sv";
    "src/branchComparator.sv";
    "src/datamem.sv";
    "src/immedgen.sv";
    "src/instdecoder.sv";
    "src/instmem.sv";
    "src/regfile.sv";
