t=1:	reg[2] <- fffffff0h
t=3:	mem[1384h] <- 0h
t=3:	mem[1385h] <- 0h
t=3:	mem[1386h] <- 0h
t=3:	mem[1387h] <- 0h
t=5:	mem[1380h] <- 0h
t=5:	mem[1381h] <- 0h
t=5:	mem[1382h] <- 0h
t=5:	mem[1383h] <- 0h
t=7:	mem[137ch] <- 0h
t=7:	mem[137dh] <- 0h
t=7:	mem[137eh] <- 0h
t=7:	mem[137fh] <- 0h
t=9:	reg[8] <- 0h
t=11:	reg[9] <- 1h
t=13:	reg[10] <- 6h
t=15:	pc <- 198h
t=15:	reg[1] <- 44h
t=17:	reg[2] <- ffffffc0h
t=19:	mem[1374h] <- 44h
t=19:	mem[1375h] <- 0h
t=19:	mem[1376h] <- 0h
t=19:	mem[1377h] <- 0h
t=21:	mem[1370h] <- 0h
t=21:	mem[1371h] <- 0h
t=21:	mem[1372h] <- 0h
t=21:	mem[1373h] <- 0h
t=23:	reg[8] <- fffffff0h
t=25:	mem[1354h] <- 6h
t=25:	mem[1355h] <- 0h
t=25:	mem[1356h] <- 0h
t=25:	mem[1357h] <- 0h
t=27:	mem[1364h] <- 0h
t=27:	mem[1365h] <- 0h
t=27:	mem[1366h] <- 0h
t=27:	mem[1367h] <- 0h
t=29:	reg[15] <- 1h
t=31:	mem[1360h] <- 1h
t=31:	mem[1361h] <- 0h
t=31:	mem[1362h] <- 0h
t=31:	mem[1363h] <- 0h
t=33:	pc <- 1e4h
t=35:	reg[14] <- 0h
t=37:	reg[15] <- 6h
t=39:	pc <- 1bch
t=41:	reg[15] <- 1h
t=43:	reg[15] <- 2h
t=45:	mem[1360h] <- 2h
t=45:	mem[1361h] <- 0h
t=45:	mem[1362h] <- 0h
t=45:	mem[1363h] <- 0h
t=47:	reg[10] <- 2h
t=49:	pc <- 10ch
t=49:	reg[1] <- 1d0h
t=51:	reg[2] <- ffffff90h
t=53:	mem[1344h] <- d0h
t=53:	mem[1345h] <- 1h
t=53:	mem[1346h] <- 0h
t=53:	mem[1347h] <- 0h
t=55:	mem[1340h] <- f0h
t=55:	mem[1341h] <- ffh
t=55:	mem[1342h] <- ffh
t=55:	mem[1343h] <- ffh
t=57:	reg[8] <- ffffffc0h
t=59:	mem[1324h] <- 2h
t=59:	mem[1325h] <- 0h
t=59:	mem[1326h] <- 0h
t=59:	mem[1327h] <- 0h
t=61:	reg[14] <- 2h
t=63:	reg[15] <- 1h
t=65:	pc <- 134h
t=67:	reg[15] <- 2h
t=69:	mem[1334h] <- 2h
t=69:	mem[1335h] <- 0h
t=69:	mem[1336h] <- 0h
t=69:	mem[1337h] <- 0h
t=71:	pc <- 168h
t=73:	reg[11] <- 2h
t=75:	reg[10] <- 2h
t=77:	pc <- 68h
t=77:	reg[1] <- 174h
t=79:	reg[2] <- ffffff60h
t=81:	mem[1314h] <- c0h
t=81:	mem[1315h] <- ffh
t=81:	mem[1316h] <- ffh
t=81:	mem[1317h] <- ffh
t=83:	reg[8] <- ffffff90h
t=85:	mem[12f4h] <- 2h
t=85:	mem[12f5h] <- 0h
t=85:	mem[12f6h] <- 0h
t=85:	mem[12f7h] <- 0h
t=87:	mem[12f0h] <- 2h
t=87:	mem[12f1h] <- 0h
t=87:	mem[12f2h] <- 0h
t=87:	mem[12f3h] <- 0h
t=89:	mem[1304h] <- 0h
t=89:	mem[1305h] <- 0h
t=89:	mem[1306h] <- 0h
t=89:	mem[1307h] <- 0h
t=91:	mem[1300h] <- 0h
t=91:	mem[1301h] <- 0h
t=91:	mem[1302h] <- 0h
t=91:	mem[1303h] <- 0h
t=93:	pc <- a4h
t=95:	reg[14] <- 0h
t=97:	reg[15] <- 2h
t=99:	pc <- 88h
t=101:	reg[14] <- 0h
t=103:	reg[15] <- 2h
t=105:	reg[15] <- 2h
t=107:	mem[1304h] <- 2h
t=107:	mem[1305h] <- 0h
t=107:	mem[1306h] <- 0h
t=107:	mem[1307h] <- 0h
t=109:	reg[15] <- 0h
t=111:	reg[15] <- 1h
t=113:	mem[1300h] <- 1h
t=113:	mem[1301h] <- 0h
t=113:	mem[1302h] <- 0h
t=113:	mem[1303h] <- 0h
t=115:	reg[14] <- 1h
t=117:	reg[15] <- 2h
t=119:	pc <- 88h
t=121:	reg[14] <- 2h
t=123:	reg[15] <- 2h
t=125:	reg[15] <- 4h
t=127:	mem[1304h] <- 4h
t=127:	mem[1305h] <- 0h
t=127:	mem[1306h] <- 0h
t=127:	mem[1307h] <- 0h
t=129:	reg[15] <- 1h
t=131:	reg[15] <- 2h
t=133:	mem[1300h] <- 2h
t=133:	mem[1301h] <- 0h
t=133:	mem[1302h] <- 0h
t=133:	mem[1303h] <- 0h
t=135:	reg[14] <- 2h
t=137:	reg[15] <- 2h
t=141:	reg[15] <- 4h
t=143:	reg[10] <- 4h
t=145:	reg[8] <- ffffffc0h
t=147:	reg[2] <- ffffff90h
t=149:	pc <- 174h
t=151:	reg[14] <- 4h
t=153:	reg[15] <- 2h
t=157:	reg[15] <- 1h
t=159:	reg[10] <- 1h
t=161:	reg[1] <- 1d0h
t=163:	reg[8] <- fffffff0h
t=165:	reg[2] <- ffffffc0h
t=167:	pc <- 1d0h
t=169:	reg[15] <- 1h
t=173:	reg[15] <- 0h
t=175:	reg[15] <- 1h
t=177:	mem[1364h] <- 1h
t=177:	mem[1365h] <- 0h
t=177:	mem[1366h] <- 0h
t=177:	mem[1367h] <- 0h
t=179:	reg[14] <- 1h
t=181:	reg[15] <- 6h
t=183:	pc <- 1bch
t=185:	reg[15] <- 2h
t=187:	reg[15] <- 3h
t=189:	mem[1360h] <- 3h
t=189:	mem[1361h] <- 0h
t=189:	mem[1362h] <- 0h
t=189:	mem[1363h] <- 0h
t=191:	reg[10] <- 3h
t=193:	pc <- 10ch
t=193:	reg[1] <- 1d0h
t=195:	reg[2] <- ffffff90h
t=197:	mem[1344h] <- d0h
t=197:	mem[1345h] <- 1h
t=197:	mem[1346h] <- 0h
t=197:	mem[1347h] <- 0h
t=199:	mem[1340h] <- f0h
t=199:	mem[1341h] <- ffh
t=199:	mem[1342h] <- ffh
t=199:	mem[1343h] <- ffh
t=201:	reg[8] <- ffffffc0h
t=203:	mem[1324h] <- 3h
t=203:	mem[1325h] <- 0h
t=203:	mem[1326h] <- 0h
t=203:	mem[1327h] <- 0h
t=205:	reg[14] <- 3h
t=207:	reg[15] <- 1h
t=209:	pc <- 134h
t=211:	reg[15] <- 2h
t=213:	mem[1334h] <- 2h
t=213:	mem[1335h] <- 0h
t=213:	mem[1336h] <- 0h
t=213:	mem[1337h] <- 0h
t=215:	pc <- 168h
t=217:	reg[11] <- 2h
t=219:	reg[10] <- 2h
t=221:	pc <- 68h
t=221:	reg[1] <- 174h
t=223:	reg[2] <- ffffff60h
t=225:	mem[1314h] <- c0h
t=225:	mem[1315h] <- ffh
t=225:	mem[1316h] <- ffh
t=225:	mem[1317h] <- ffh
t=227:	reg[8] <- ffffff90h
t=229:	mem[12f4h] <- 2h
t=229:	mem[12f5h] <- 0h
t=229:	mem[12f6h] <- 0h
t=229:	mem[12f7h] <- 0h
t=231:	mem[12f0h] <- 2h
t=231:	mem[12f1h] <- 0h
t=231:	mem[12f2h] <- 0h
t=231:	mem[12f3h] <- 0h
t=233:	mem[1304h] <- 0h
t=233:	mem[1305h] <- 0h
t=233:	mem[1306h] <- 0h
t=233:	mem[1307h] <- 0h
t=235:	mem[1300h] <- 0h
t=235:	mem[1301h] <- 0h
t=235:	mem[1302h] <- 0h
t=235:	mem[1303h] <- 0h
t=237:	pc <- a4h
t=239:	reg[14] <- 0h
t=241:	reg[15] <- 2h
t=243:	pc <- 88h
t=245:	reg[14] <- 0h
t=247:	reg[15] <- 2h
t=249:	reg[15] <- 2h
t=251:	mem[1304h] <- 2h
t=251:	mem[1305h] <- 0h
t=251:	mem[1306h] <- 0h
t=251:	mem[1307h] <- 0h
t=253:	reg[15] <- 0h
t=255:	reg[15] <- 1h
t=257:	mem[1300h] <- 1h
t=257:	mem[1301h] <- 0h
t=257:	mem[1302h] <- 0h
t=257:	mem[1303h] <- 0h
t=259:	reg[14] <- 1h
t=261:	reg[15] <- 2h
t=263:	pc <- 88h
t=265:	reg[14] <- 2h
t=267:	reg[15] <- 2h
t=269:	reg[15] <- 4h
t=271:	mem[1304h] <- 4h
t=271:	mem[1305h] <- 0h
t=271:	mem[1306h] <- 0h
t=271:	mem[1307h] <- 0h
t=273:	reg[15] <- 1h
t=275:	reg[15] <- 2h
t=277:	mem[1300h] <- 2h
t=277:	mem[1301h] <- 0h
t=277:	mem[1302h] <- 0h
t=277:	mem[1303h] <- 0h
t=279:	reg[14] <- 2h
t=281:	reg[15] <- 2h
t=285:	reg[15] <- 4h
t=287:	reg[10] <- 4h
t=289:	reg[8] <- ffffffc0h
t=291:	reg[2] <- ffffff90h
t=293:	pc <- 174h
t=295:	reg[14] <- 4h
t=297:	reg[15] <- 3h
t=301:	reg[15] <- 1h
t=303:	reg[10] <- 1h
t=305:	reg[1] <- 1d0h
t=307:	reg[8] <- fffffff0h
t=309:	reg[2] <- ffffffc0h
t=311:	pc <- 1d0h
t=313:	reg[15] <- 1h
t=317:	reg[15] <- 1h
t=319:	reg[15] <- 2h
t=321:	mem[1364h] <- 2h
t=321:	mem[1365h] <- 0h
t=321:	mem[1366h] <- 0h
t=321:	mem[1367h] <- 0h
t=323:	reg[14] <- 2h
t=325:	reg[15] <- 6h
t=327:	pc <- 1bch
t=329:	reg[15] <- 3h
t=331:	reg[15] <- 4h
t=333:	mem[1360h] <- 4h
t=333:	mem[1361h] <- 0h
t=333:	mem[1362h] <- 0h
t=333:	mem[1363h] <- 0h
t=335:	reg[10] <- 4h
t=337:	pc <- 10ch
t=337:	reg[1] <- 1d0h
t=339:	reg[2] <- ffffff90h
t=341:	mem[1344h] <- d0h
t=341:	mem[1345h] <- 1h
t=341:	mem[1346h] <- 0h
t=341:	mem[1347h] <- 0h
t=343:	mem[1340h] <- f0h
t=343:	mem[1341h] <- ffh
t=343:	mem[1342h] <- ffh
t=343:	mem[1343h] <- ffh
t=345:	reg[8] <- ffffffc0h
t=347:	mem[1324h] <- 4h
t=347:	mem[1325h] <- 0h
t=347:	mem[1326h] <- 0h
t=347:	mem[1327h] <- 0h
t=349:	reg[14] <- 4h
t=351:	reg[15] <- 1h
t=353:	pc <- 134h
t=355:	reg[15] <- 2h
t=357:	mem[1334h] <- 2h
t=357:	mem[1335h] <- 0h
t=357:	mem[1336h] <- 0h
t=357:	mem[1337h] <- 0h
t=359:	pc <- 168h
t=361:	reg[11] <- 2h
t=363:	reg[10] <- 2h
t=365:	pc <- 68h
t=365:	reg[1] <- 174h
t=367:	reg[2] <- ffffff60h
t=369:	mem[1314h] <- c0h
t=369:	mem[1315h] <- ffh
t=369:	mem[1316h] <- ffh
t=369:	mem[1317h] <- ffh
t=371:	reg[8] <- ffffff90h
t=373:	mem[12f4h] <- 2h
t=373:	mem[12f5h] <- 0h
t=373:	mem[12f6h] <- 0h
t=373:	mem[12f7h] <- 0h
t=375:	mem[12f0h] <- 2h
t=375:	mem[12f1h] <- 0h
t=375:	mem[12f2h] <- 0h
t=375:	mem[12f3h] <- 0h
t=377:	mem[1304h] <- 0h
t=377:	mem[1305h] <- 0h
t=377:	mem[1306h] <- 0h
t=377:	mem[1307h] <- 0h
t=379:	mem[1300h] <- 0h
t=379:	mem[1301h] <- 0h
t=379:	mem[1302h] <- 0h
t=379:	mem[1303h] <- 0h
t=381:	pc <- a4h
t=383:	reg[14] <- 0h
t=385:	reg[15] <- 2h
t=387:	pc <- 88h
t=389:	reg[14] <- 0h
t=391:	reg[15] <- 2h
t=393:	reg[15] <- 2h
t=395:	mem[1304h] <- 2h
t=395:	mem[1305h] <- 0h
t=395:	mem[1306h] <- 0h
t=395:	mem[1307h] <- 0h
t=397:	reg[15] <- 0h
t=399:	reg[15] <- 1h
t=401:	mem[1300h] <- 1h
t=401:	mem[1301h] <- 0h
t=401:	mem[1302h] <- 0h
t=401:	mem[1303h] <- 0h
t=403:	reg[14] <- 1h
t=405:	reg[15] <- 2h
t=407:	pc <- 88h
t=409:	reg[14] <- 2h
t=411:	reg[15] <- 2h
t=413:	reg[15] <- 4h
t=415:	mem[1304h] <- 4h
t=415:	mem[1305h] <- 0h
t=415:	mem[1306h] <- 0h
t=415:	mem[1307h] <- 0h
t=417:	reg[15] <- 1h
t=419:	reg[15] <- 2h
t=421:	mem[1300h] <- 2h
t=421:	mem[1301h] <- 0h
t=421:	mem[1302h] <- 0h
t=421:	mem[1303h] <- 0h
t=423:	reg[14] <- 2h
t=425:	reg[15] <- 2h
t=429:	reg[15] <- 4h
t=431:	reg[10] <- 4h
t=433:	reg[8] <- ffffffc0h
t=435:	reg[2] <- ffffff90h
t=437:	pc <- 174h
t=439:	reg[14] <- 4h
t=441:	reg[15] <- 4h
t=443:	pc <- 140h
t=445:	reg[11] <- 2h
t=447:	reg[10] <- 4h
t=449:	pc <- c4h
t=449:	reg[1] <- 14ch
t=451:	reg[2] <- ffffff70h
t=453:	mem[1314h] <- c0h
t=453:	mem[1315h] <- ffh
t=453:	mem[1316h] <- ffh
t=453:	mem[1317h] <- ffh
t=455:	reg[8] <- ffffff90h
t=457:	mem[1304h] <- 4h
t=457:	mem[1305h] <- 0h
t=457:	mem[1306h] <- 0h
t=457:	mem[1307h] <- 0h
t=459:	mem[1300h] <- 2h
t=459:	mem[1301h] <- 0h
t=459:	mem[1302h] <- 0h
t=459:	mem[1303h] <- 0h
t=461:	pc <- ech
t=463:	reg[14] <- 4h
t=465:	reg[15] <- 2h
t=467:	pc <- dch
t=469:	reg[14] <- 4h
t=471:	reg[15] <- 2h
t=473:	reg[15] <- 2h
t=475:	mem[1304h] <- 2h
t=475:	mem[1305h] <- 0h
t=475:	mem[1306h] <- 0h
t=475:	mem[1307h] <- 0h
t=477:	reg[14] <- 2h
t=479:	reg[15] <- 2h
t=481:	pc <- dch
t=483:	reg[14] <- 2h
t=485:	reg[15] <- 2h
t=487:	reg[15] <- 0h
t=489:	mem[1304h] <- 0h
t=489:	mem[1305h] <- 0h
t=489:	mem[1306h] <- 0h
t=489:	mem[1307h] <- 0h
t=491:	reg[14] <- 0h
t=493:	reg[15] <- 2h
t=497:	reg[15] <- 0h
t=499:	reg[10] <- 0h
t=501:	reg[8] <- ffffffc0h
t=503:	reg[2] <- ffffff90h
t=505:	pc <- 14ch
t=507:	reg[15] <- 0h
t=511:	reg[15] <- 0h
t=513:	pc <- 184h
t=515:	reg[10] <- 0h
t=517:	reg[1] <- 1d0h
t=519:	reg[8] <- fffffff0h
t=521:	reg[2] <- ffffffc0h
t=523:	pc <- 1d0h
t=525:	reg[15] <- 0h
t=527:	pc <- 1e4h
t=529:	reg[14] <- 2h
t=531:	reg[15] <- 6h
t=533:	pc <- 1bch
t=535:	reg[15] <- 4h
t=537:	reg[15] <- 5h
t=539:	mem[1360h] <- 5h
t=539:	mem[1361h] <- 0h
t=539:	mem[1362h] <- 0h
t=539:	mem[1363h] <- 0h
t=541:	reg[10] <- 5h
t=543:	pc <- 10ch
t=543:	reg[1] <- 1d0h
t=545:	reg[2] <- ffffff90h
t=547:	mem[1344h] <- d0h
t=547:	mem[1345h] <- 1h
t=547:	mem[1346h] <- 0h
t=547:	mem[1347h] <- 0h
t=549:	mem[1340h] <- f0h
t=549:	mem[1341h] <- ffh
t=549:	mem[1342h] <- ffh
t=549:	mem[1343h] <- ffh
t=551:	reg[8] <- ffffffc0h
t=553:	mem[1324h] <- 5h
t=553:	mem[1325h] <- 0h
t=553:	mem[1326h] <- 0h
t=553:	mem[1327h] <- 0h
t=555:	reg[14] <- 5h
t=557:	reg[15] <- 1h
t=559:	pc <- 134h
t=561:	reg[15] <- 2h
t=563:	mem[1334h] <- 2h
t=563:	mem[1335h] <- 0h
t=563:	mem[1336h] <- 0h
t=563:	mem[1337h] <- 0h
t=565:	pc <- 168h
t=567:	reg[11] <- 2h
t=569:	reg[10] <- 2h
t=571:	pc <- 68h
t=571:	reg[1] <- 174h
t=573:	reg[2] <- ffffff60h
t=575:	mem[1314h] <- c0h
t=575:	mem[1315h] <- ffh
t=575:	mem[1316h] <- ffh
t=575:	mem[1317h] <- ffh
t=577:	reg[8] <- ffffff90h
t=579:	mem[12f4h] <- 2h
t=579:	mem[12f5h] <- 0h
t=579:	mem[12f6h] <- 0h
t=579:	mem[12f7h] <- 0h
t=581:	mem[12f0h] <- 2h
t=581:	mem[12f1h] <- 0h
t=581:	mem[12f2h] <- 0h
t=581:	mem[12f3h] <- 0h
t=583:	mem[1304h] <- 0h
t=583:	mem[1305h] <- 0h
t=583:	mem[1306h] <- 0h
t=583:	mem[1307h] <- 0h
t=585:	mem[1300h] <- 0h
t=585:	mem[1301h] <- 0h
t=585:	mem[1302h] <- 0h
t=585:	mem[1303h] <- 0h
t=587:	pc <- a4h
t=589:	reg[14] <- 0h
t=591:	reg[15] <- 2h
t=593:	pc <- 88h
t=595:	reg[14] <- 0h
t=597:	reg[15] <- 2h
t=599:	reg[15] <- 2h
t=601:	mem[1304h] <- 2h
t=601:	mem[1305h] <- 0h
t=601:	mem[1306h] <- 0h
t=601:	mem[1307h] <- 0h
t=603:	reg[15] <- 0h
t=605:	reg[15] <- 1h
t=607:	mem[1300h] <- 1h
t=607:	mem[1301h] <- 0h
t=607:	mem[1302h] <- 0h
t=607:	mem[1303h] <- 0h
t=609:	reg[14] <- 1h
t=611:	reg[15] <- 2h
t=613:	pc <- 88h
t=615:	reg[14] <- 2h
t=617:	reg[15] <- 2h
t=619:	reg[15] <- 4h
t=621:	mem[1304h] <- 4h
t=621:	mem[1305h] <- 0h
t=621:	mem[1306h] <- 0h
t=621:	mem[1307h] <- 0h
t=623:	reg[15] <- 1h
t=625:	reg[15] <- 2h
t=627:	mem[1300h] <- 2h
t=627:	mem[1301h] <- 0h
t=627:	mem[1302h] <- 0h
t=627:	mem[1303h] <- 0h
t=629:	reg[14] <- 2h
t=631:	reg[15] <- 2h
t=635:	reg[15] <- 4h
t=637:	reg[10] <- 4h
t=639:	reg[8] <- ffffffc0h
t=641:	reg[2] <- ffffff90h
t=643:	pc <- 174h
t=645:	reg[14] <- 4h
t=647:	reg[15] <- 5h
t=649:	pc <- 140h
t=651:	reg[11] <- 2h
t=653:	reg[10] <- 5h
t=655:	pc <- c4h
t=655:	reg[1] <- 14ch
t=657:	reg[2] <- ffffff70h
t=659:	mem[1314h] <- c0h
t=659:	mem[1315h] <- ffh
t=659:	mem[1316h] <- ffh
t=659:	mem[1317h] <- ffh
t=661:	reg[8] <- ffffff90h
t=663:	mem[1304h] <- 5h
t=663:	mem[1305h] <- 0h
t=663:	mem[1306h] <- 0h
t=663:	mem[1307h] <- 0h
t=665:	mem[1300h] <- 2h
t=665:	mem[1301h] <- 0h
t=665:	mem[1302h] <- 0h
t=665:	mem[1303h] <- 0h
t=667:	pc <- ech
t=669:	reg[14] <- 5h
t=671:	reg[15] <- 2h
t=673:	pc <- dch
t=675:	reg[14] <- 5h
t=677:	reg[15] <- 2h
t=679:	reg[15] <- 3h
t=681:	mem[1304h] <- 3h
t=681:	mem[1305h] <- 0h
t=681:	mem[1306h] <- 0h
t=681:	mem[1307h] <- 0h
t=683:	reg[14] <- 3h
t=685:	reg[15] <- 2h
t=687:	pc <- dch
t=689:	reg[14] <- 3h
t=691:	reg[15] <- 2h
t=693:	reg[15] <- 1h
t=695:	mem[1304h] <- 1h
t=695:	mem[1305h] <- 0h
t=695:	mem[1306h] <- 0h
t=695:	mem[1307h] <- 0h
t=697:	reg[14] <- 1h
t=699:	reg[15] <- 2h
t=703:	reg[15] <- 1h
t=705:	reg[10] <- 1h
t=707:	reg[8] <- ffffffc0h
t=709:	reg[2] <- ffffff90h
t=711:	pc <- 14ch
t=713:	reg[15] <- 1h
t=715:	pc <- 15ch
t=717:	reg[15] <- 2h
t=719:	reg[15] <- 3h
t=721:	mem[1334h] <- 3h
t=721:	mem[1335h] <- 0h
t=721:	mem[1336h] <- 0h
t=721:	mem[1337h] <- 0h
t=723:	reg[11] <- 3h
t=725:	reg[10] <- 3h
t=727:	pc <- 68h
t=727:	reg[1] <- 174h
t=729:	reg[2] <- ffffff60h
t=731:	mem[1314h] <- c0h
t=731:	mem[1315h] <- ffh
t=731:	mem[1316h] <- ffh
t=731:	mem[1317h] <- ffh
t=733:	reg[8] <- ffffff90h
t=735:	mem[12f4h] <- 3h
t=735:	mem[12f5h] <- 0h
t=735:	mem[12f6h] <- 0h
t=735:	mem[12f7h] <- 0h
t=737:	mem[12f0h] <- 3h
t=737:	mem[12f1h] <- 0h
t=737:	mem[12f2h] <- 0h
t=737:	mem[12f3h] <- 0h
t=739:	mem[1304h] <- 0h
t=739:	mem[1305h] <- 0h
t=739:	mem[1306h] <- 0h
t=739:	mem[1307h] <- 0h
t=741:	mem[1300h] <- 0h
t=741:	mem[1301h] <- 0h
t=741:	mem[1302h] <- 0h
t=741:	mem[1303h] <- 0h
t=743:	pc <- a4h
t=745:	reg[14] <- 0h
t=747:	reg[15] <- 3h
t=749:	pc <- 88h
t=751:	reg[14] <- 0h
t=753:	reg[15] <- 3h
t=755:	reg[15] <- 3h
t=757:	mem[1304h] <- 3h
t=757:	mem[1305h] <- 0h
t=757:	mem[1306h] <- 0h
t=757:	mem[1307h] <- 0h
t=759:	reg[15] <- 0h
t=761:	reg[15] <- 1h
t=763:	mem[1300h] <- 1h
t=763:	mem[1301h] <- 0h
t=763:	mem[1302h] <- 0h
t=763:	mem[1303h] <- 0h
t=765:	reg[14] <- 1h
t=767:	reg[15] <- 3h
t=769:	pc <- 88h
t=771:	reg[14] <- 3h
t=773:	reg[15] <- 3h
t=775:	reg[15] <- 6h
t=777:	mem[1304h] <- 6h
t=777:	mem[1305h] <- 0h
t=777:	mem[1306h] <- 0h
t=777:	mem[1307h] <- 0h
t=779:	reg[15] <- 1h
t=781:	reg[15] <- 2h
t=783:	mem[1300h] <- 2h
t=783:	mem[1301h] <- 0h
t=783:	mem[1302h] <- 0h
t=783:	mem[1303h] <- 0h
t=785:	reg[14] <- 2h
t=787:	reg[15] <- 3h
t=789:	pc <- 88h
t=791:	reg[14] <- 6h
t=793:	reg[15] <- 3h
t=795:	reg[15] <- 9h
t=797:	mem[1304h] <- 9h
t=797:	mem[1305h] <- 0h
t=797:	mem[1306h] <- 0h
t=797:	mem[1307h] <- 0h
t=799:	reg[15] <- 2h
t=801:	reg[15] <- 3h
t=803:	mem[1300h] <- 3h
t=803:	mem[1301h] <- 0h
t=803:	mem[1302h] <- 0h
t=803:	mem[1303h] <- 0h
t=805:	reg[14] <- 3h
t=807:	reg[15] <- 3h
t=811:	reg[15] <- 9h
t=813:	reg[10] <- 9h
t=815:	reg[8] <- ffffffc0h
t=817:	reg[2] <- ffffff90h
t=819:	pc <- 174h
t=821:	reg[14] <- 9h
t=823:	reg[15] <- 5h
t=827:	reg[15] <- 1h
t=829:	reg[10] <- 1h
t=831:	reg[1] <- 1d0h
t=833:	reg[8] <- fffffff0h
t=835:	reg[2] <- ffffffc0h
t=837:	pc <- 1d0h
t=839:	reg[15] <- 1h
t=843:	reg[15] <- 2h
t=845:	reg[15] <- 3h
t=847:	mem[1364h] <- 3h
t=847:	mem[1365h] <- 0h
t=847:	mem[1366h] <- 0h
t=847:	mem[1367h] <- 0h
t=849:	reg[14] <- 3h
t=851:	reg[15] <- 6h
t=853:	pc <- 1bch
t=855:	reg[15] <- 5h
t=857:	reg[15] <- 6h
t=859:	mem[1360h] <- 6h
t=859:	mem[1361h] <- 0h
t=859:	mem[1362h] <- 0h
t=859:	mem[1363h] <- 0h
t=861:	reg[10] <- 6h
t=863:	pc <- 10ch
t=863:	reg[1] <- 1d0h
t=865:	reg[2] <- ffffff90h
t=867:	mem[1344h] <- d0h
t=867:	mem[1345h] <- 1h
t=867:	mem[1346h] <- 0h
t=867:	mem[1347h] <- 0h
t=869:	mem[1340h] <- f0h
t=869:	mem[1341h] <- ffh
t=869:	mem[1342h] <- ffh
t=869:	mem[1343h] <- ffh
t=871:	reg[8] <- ffffffc0h
t=873:	mem[1324h] <- 6h
t=873:	mem[1325h] <- 0h
t=873:	mem[1326h] <- 0h
t=873:	mem[1327h] <- 0h
t=875:	reg[14] <- 6h
t=877:	reg[15] <- 1h
t=879:	pc <- 134h
t=881:	reg[15] <- 2h
t=883:	mem[1334h] <- 2h
t=883:	mem[1335h] <- 0h
t=883:	mem[1336h] <- 0h
t=883:	mem[1337h] <- 0h
t=885:	pc <- 168h
t=887:	reg[11] <- 2h
t=889:	reg[10] <- 2h
t=891:	pc <- 68h
t=891:	reg[1] <- 174h
t=893:	reg[2] <- ffffff60h
t=895:	mem[1314h] <- c0h
t=895:	mem[1315h] <- ffh
t=895:	mem[1316h] <- ffh
t=895:	mem[1317h] <- ffh
t=897:	reg[8] <- ffffff90h
t=899:	mem[12f4h] <- 2h
t=899:	mem[12f5h] <- 0h
t=899:	mem[12f6h] <- 0h
t=899:	mem[12f7h] <- 0h
t=901:	mem[12f0h] <- 2h
t=901:	mem[12f1h] <- 0h
t=901:	mem[12f2h] <- 0h
t=901:	mem[12f3h] <- 0h
t=903:	mem[1304h] <- 0h
t=903:	mem[1305h] <- 0h
t=903:	mem[1306h] <- 0h
t=903:	mem[1307h] <- 0h
t=905:	mem[1300h] <- 0h
t=905:	mem[1301h] <- 0h
t=905:	mem[1302h] <- 0h
t=905:	mem[1303h] <- 0h
t=907:	pc <- a4h
t=909:	reg[14] <- 0h
t=911:	reg[15] <- 2h
t=913:	pc <- 88h
t=915:	reg[14] <- 0h
t=917:	reg[15] <- 2h
t=919:	reg[15] <- 2h
t=921:	mem[1304h] <- 2h
t=921:	mem[1305h] <- 0h
t=921:	mem[1306h] <- 0h
t=921:	mem[1307h] <- 0h
t=923:	reg[15] <- 0h
t=925:	reg[15] <- 1h
t=927:	mem[1300h] <- 1h
t=927:	mem[1301h] <- 0h
t=927:	mem[1302h] <- 0h
t=927:	mem[1303h] <- 0h
t=929:	reg[14] <- 1h
t=931:	reg[15] <- 2h
t=933:	pc <- 88h
t=935:	reg[14] <- 2h
t=937:	reg[15] <- 2h
t=939:	reg[15] <- 4h
t=941:	mem[1304h] <- 4h
t=941:	mem[1305h] <- 0h
t=941:	mem[1306h] <- 0h
t=941:	mem[1307h] <- 0h
t=943:	reg[15] <- 1h
t=945:	reg[15] <- 2h
t=947:	mem[1300h] <- 2h
t=947:	mem[1301h] <- 0h
t=947:	mem[1302h] <- 0h
t=947:	mem[1303h] <- 0h
t=949:	reg[14] <- 2h
t=951:	reg[15] <- 2h
t=955:	reg[15] <- 4h
t=957:	reg[10] <- 4h
t=959:	reg[8] <- ffffffc0h
t=961:	reg[2] <- ffffff90h
t=963:	pc <- 174h
t=965:	reg[14] <- 4h
t=967:	reg[15] <- 6h
t=969:	pc <- 140h
t=971:	reg[11] <- 2h
t=973:	reg[10] <- 6h
t=975:	pc <- c4h
t=975:	reg[1] <- 14ch
t=977:	reg[2] <- ffffff70h
t=979:	mem[1314h] <- c0h
t=979:	mem[1315h] <- ffh
t=979:	mem[1316h] <- ffh
t=979:	mem[1317h] <- ffh
t=981:	reg[8] <- ffffff90h
t=983:	mem[1304h] <- 6h
t=983:	mem[1305h] <- 0h
t=983:	mem[1306h] <- 0h
t=983:	mem[1307h] <- 0h
t=985:	mem[1300h] <- 2h
t=985:	mem[1301h] <- 0h
t=985:	mem[1302h] <- 0h
t=985:	mem[1303h] <- 0h
t=987:	pc <- ech
t=989:	reg[14] <- 6h
t=991:	reg[15] <- 2h
t=993:	pc <- dch
t=995:	reg[14] <- 6h
t=997:	reg[15] <- 2h
t=999:	reg[15] <- 4h
t=1001:	mem[1304h] <- 4h
t=1001:	mem[1305h] <- 0h
t=1001:	mem[1306h] <- 0h
t=1001:	mem[1307h] <- 0h
t=1003:	reg[14] <- 4h
t=1005:	reg[15] <- 2h
t=1007:	pc <- dch
t=1009:	reg[14] <- 4h
t=1011:	reg[15] <- 2h
t=1013:	reg[15] <- 2h
t=1015:	mem[1304h] <- 2h
t=1015:	mem[1305h] <- 0h
t=1015:	mem[1306h] <- 0h
t=1015:	mem[1307h] <- 0h
t=1017:	reg[14] <- 2h
t=1019:	reg[15] <- 2h
t=1021:	pc <- dch
t=1023:	reg[14] <- 2h
t=1025:	reg[15] <- 2h
t=1027:	reg[15] <- 0h
t=1029:	mem[1304h] <- 0h
t=1029:	mem[1305h] <- 0h
t=1029:	mem[1306h] <- 0h
t=1029:	mem[1307h] <- 0h
t=1031:	reg[14] <- 0h
t=1033:	reg[15] <- 2h
t=1037:	reg[15] <- 0h
t=1039:	reg[10] <- 0h
t=1041:	reg[8] <- ffffffc0h
t=1043:	reg[2] <- ffffff90h
t=1045:	pc <- 14ch
t=1047:	reg[15] <- 0h
t=1051:	reg[15] <- 0h
t=1053:	pc <- 184h
t=1055:	reg[10] <- 0h
t=1057:	reg[1] <- 1d0h
t=1059:	reg[8] <- fffffff0h
t=1061:	reg[2] <- ffffffc0h
t=1063:	pc <- 1d0h
t=1065:	reg[15] <- 0h
t=1067:	pc <- 1e4h
t=1069:	reg[14] <- 3h
t=1071:	reg[15] <- 6h
t=1073:	pc <- 1bch
t=1075:	reg[15] <- 6h
t=1077:	reg[15] <- 7h
t=1079:	mem[1360h] <- 7h
t=1079:	mem[1361h] <- 0h
t=1079:	mem[1362h] <- 0h
t=1079:	mem[1363h] <- 0h
t=1081:	reg[10] <- 7h
t=1083:	pc <- 10ch
t=1083:	reg[1] <- 1d0h
t=1085:	reg[2] <- ffffff90h
t=1087:	mem[1344h] <- d0h
t=1087:	mem[1345h] <- 1h
t=1087:	mem[1346h] <- 0h
t=1087:	mem[1347h] <- 0h
t=1089:	mem[1340h] <- f0h
t=1089:	mem[1341h] <- ffh
t=1089:	mem[1342h] <- ffh
t=1089:	mem[1343h] <- ffh
t=1091:	reg[8] <- ffffffc0h
t=1093:	mem[1324h] <- 7h
t=1093:	mem[1325h] <- 0h
t=1093:	mem[1326h] <- 0h
t=1093:	mem[1327h] <- 0h
t=1095:	reg[14] <- 7h
t=1097:	reg[15] <- 1h
t=1099:	pc <- 134h
t=1101:	reg[15] <- 2h
t=1103:	mem[1334h] <- 2h
t=1103:	mem[1335h] <- 0h
t=1103:	mem[1336h] <- 0h
t=1103:	mem[1337h] <- 0h
t=1105:	pc <- 168h
t=1107:	reg[11] <- 2h
t=1109:	reg[10] <- 2h
t=1111:	pc <- 68h
t=1111:	reg[1] <- 174h
t=1113:	reg[2] <- ffffff60h
t=1115:	mem[1314h] <- c0h
t=1115:	mem[1315h] <- ffh
t=1115:	mem[1316h] <- ffh
t=1115:	mem[1317h] <- ffh
t=1117:	reg[8] <- ffffff90h
t=1119:	mem[12f4h] <- 2h
t=1119:	mem[12f5h] <- 0h
t=1119:	mem[12f6h] <- 0h
t=1119:	mem[12f7h] <- 0h
t=1121:	mem[12f0h] <- 2h
t=1121:	mem[12f1h] <- 0h
t=1121:	mem[12f2h] <- 0h
t=1121:	mem[12f3h] <- 0h
t=1123:	mem[1304h] <- 0h
t=1123:	mem[1305h] <- 0h
t=1123:	mem[1306h] <- 0h
t=1123:	mem[1307h] <- 0h
t=1125:	mem[1300h] <- 0h
t=1125:	mem[1301h] <- 0h
t=1125:	mem[1302h] <- 0h
t=1125:	mem[1303h] <- 0h
t=1127:	pc <- a4h
t=1129:	reg[14] <- 0h
t=1131:	reg[15] <- 2h
t=1133:	pc <- 88h
t=1135:	reg[14] <- 0h
t=1137:	reg[15] <- 2h
t=1139:	reg[15] <- 2h
t=1141:	mem[1304h] <- 2h
t=1141:	mem[1305h] <- 0h
t=1141:	mem[1306h] <- 0h
t=1141:	mem[1307h] <- 0h
t=1143:	reg[15] <- 0h
t=1145:	reg[15] <- 1h
t=1147:	mem[1300h] <- 1h
t=1147:	mem[1301h] <- 0h
t=1147:	mem[1302h] <- 0h
t=1147:	mem[1303h] <- 0h
t=1149:	reg[14] <- 1h
t=1151:	reg[15] <- 2h
t=1153:	pc <- 88h
t=1155:	reg[14] <- 2h
t=1157:	reg[15] <- 2h
t=1159:	reg[15] <- 4h
t=1161:	mem[1304h] <- 4h
t=1161:	mem[1305h] <- 0h
t=1161:	mem[1306h] <- 0h
t=1161:	mem[1307h] <- 0h
t=1163:	reg[15] <- 1h
t=1165:	reg[15] <- 2h
t=1167:	mem[1300h] <- 2h
t=1167:	mem[1301h] <- 0h
t=1167:	mem[1302h] <- 0h
t=1167:	mem[1303h] <- 0h
t=1169:	reg[14] <- 2h
t=1171:	reg[15] <- 2h
t=1175:	reg[15] <- 4h
t=1177:	reg[10] <- 4h
t=1179:	reg[8] <- ffffffc0h
t=1181:	reg[2] <- ffffff90h
t=1183:	pc <- 174h
t=1185:	reg[14] <- 4h
t=1187:	reg[15] <- 7h
t=1189:	pc <- 140h
t=1191:	reg[11] <- 2h
t=1193:	reg[10] <- 7h
t=1195:	pc <- c4h
t=1195:	reg[1] <- 14ch
t=1197:	reg[2] <- ffffff70h
t=1199:	mem[1314h] <- c0h
t=1199:	mem[1315h] <- ffh
t=1199:	mem[1316h] <- ffh
t=1199:	mem[1317h] <- ffh
t=1201:	reg[8] <- ffffff90h
t=1203:	mem[1304h] <- 7h
t=1203:	mem[1305h] <- 0h
t=1203:	mem[1306h] <- 0h
t=1203:	mem[1307h] <- 0h
t=1205:	mem[1300h] <- 2h
t=1205:	mem[1301h] <- 0h
t=1205:	mem[1302h] <- 0h
t=1205:	mem[1303h] <- 0h
t=1207:	pc <- ech
t=1209:	reg[14] <- 7h
t=1211:	reg[15] <- 2h
t=1213:	pc <- dch
t=1215:	reg[14] <- 7h
t=1217:	reg[15] <- 2h
t=1219:	reg[15] <- 5h
t=1221:	mem[1304h] <- 5h
t=1221:	mem[1305h] <- 0h
t=1221:	mem[1306h] <- 0h
t=1221:	mem[1307h] <- 0h
t=1223:	reg[14] <- 5h
t=1225:	reg[15] <- 2h
t=1227:	pc <- dch
t=1229:	reg[14] <- 5h
t=1231:	reg[15] <- 2h
t=1233:	reg[15] <- 3h
t=1235:	mem[1304h] <- 3h
t=1235:	mem[1305h] <- 0h
t=1235:	mem[1306h] <- 0h
t=1235:	mem[1307h] <- 0h
t=1237:	reg[14] <- 3h
t=1239:	reg[15] <- 2h
t=1241:	pc <- dch
t=1243:	reg[14] <- 3h
t=1245:	reg[15] <- 2h
t=1247:	reg[15] <- 1h
t=1249:	mem[1304h] <- 1h
t=1249:	mem[1305h] <- 0h
t=1249:	mem[1306h] <- 0h
t=1249:	mem[1307h] <- 0h
t=1251:	reg[14] <- 1h
t=1253:	reg[15] <- 2h
t=1257:	reg[15] <- 1h
t=1259:	reg[10] <- 1h
t=1261:	reg[8] <- ffffffc0h
t=1263:	reg[2] <- ffffff90h
t=1265:	pc <- 14ch
t=1267:	reg[15] <- 1h
t=1269:	pc <- 15ch
t=1271:	reg[15] <- 2h
t=1273:	reg[15] <- 3h
t=1275:	mem[1334h] <- 3h
t=1275:	mem[1335h] <- 0h
t=1275:	mem[1336h] <- 0h
t=1275:	mem[1337h] <- 0h
t=1277:	reg[11] <- 3h
t=1279:	reg[10] <- 3h
t=1281:	pc <- 68h
t=1281:	reg[1] <- 174h
t=1283:	reg[2] <- ffffff60h
t=1285:	mem[1314h] <- c0h
t=1285:	mem[1315h] <- ffh
t=1285:	mem[1316h] <- ffh
t=1285:	mem[1317h] <- ffh
t=1287:	reg[8] <- ffffff90h
t=1289:	mem[12f4h] <- 3h
t=1289:	mem[12f5h] <- 0h
t=1289:	mem[12f6h] <- 0h
t=1289:	mem[12f7h] <- 0h
t=1291:	mem[12f0h] <- 3h
t=1291:	mem[12f1h] <- 0h
t=1291:	mem[12f2h] <- 0h
t=1291:	mem[12f3h] <- 0h
t=1293:	mem[1304h] <- 0h
t=1293:	mem[1305h] <- 0h
t=1293:	mem[1306h] <- 0h
t=1293:	mem[1307h] <- 0h
t=1295:	mem[1300h] <- 0h
t=1295:	mem[1301h] <- 0h
t=1295:	mem[1302h] <- 0h
t=1295:	mem[1303h] <- 0h
t=1297:	pc <- a4h
t=1299:	reg[14] <- 0h
t=1301:	reg[15] <- 3h
t=1303:	pc <- 88h
t=1305:	reg[14] <- 0h
t=1307:	reg[15] <- 3h
t=1309:	reg[15] <- 3h
t=1311:	mem[1304h] <- 3h
t=1311:	mem[1305h] <- 0h
t=1311:	mem[1306h] <- 0h
t=1311:	mem[1307h] <- 0h
t=1313:	reg[15] <- 0h
t=1315:	reg[15] <- 1h
t=1317:	mem[1300h] <- 1h
t=1317:	mem[1301h] <- 0h
t=1317:	mem[1302h] <- 0h
t=1317:	mem[1303h] <- 0h
t=1319:	reg[14] <- 1h
t=1321:	reg[15] <- 3h
t=1323:	pc <- 88h
t=1325:	reg[14] <- 3h
t=1327:	reg[15] <- 3h
t=1329:	reg[15] <- 6h
t=1331:	mem[1304h] <- 6h
t=1331:	mem[1305h] <- 0h
t=1331:	mem[1306h] <- 0h
t=1331:	mem[1307h] <- 0h
t=1333:	reg[15] <- 1h
t=1335:	reg[15] <- 2h
t=1337:	mem[1300h] <- 2h
t=1337:	mem[1301h] <- 0h
t=1337:	mem[1302h] <- 0h
t=1337:	mem[1303h] <- 0h
t=1339:	reg[14] <- 2h
t=1341:	reg[15] <- 3h
t=1343:	pc <- 88h
t=1345:	reg[14] <- 6h
t=1347:	reg[15] <- 3h
t=1349:	reg[15] <- 9h
t=1351:	mem[1304h] <- 9h
t=1351:	mem[1305h] <- 0h
t=1351:	mem[1306h] <- 0h
t=1351:	mem[1307h] <- 0h
t=1353:	reg[15] <- 2h
t=1355:	reg[15] <- 3h
t=1357:	mem[1300h] <- 3h
t=1357:	mem[1301h] <- 0h
t=1357:	mem[1302h] <- 0h
t=1357:	mem[1303h] <- 0h
t=1359:	reg[14] <- 3h
t=1361:	reg[15] <- 3h
t=1365:	reg[15] <- 9h
t=1367:	reg[10] <- 9h
t=1369:	reg[8] <- ffffffc0h
t=1371:	reg[2] <- ffffff90h
t=1373:	pc <- 174h
t=1375:	reg[14] <- 9h
t=1377:	reg[15] <- 7h
t=1381:	reg[15] <- 1h
t=1383:	reg[10] <- 1h
t=1385:	reg[1] <- 1d0h
t=1387:	reg[8] <- fffffff0h
t=1389:	reg[2] <- ffffffc0h
t=1391:	pc <- 1d0h
t=1393:	reg[15] <- 1h
t=1397:	reg[15] <- 3h
t=1399:	reg[15] <- 4h
t=1401:	mem[1364h] <- 4h
t=1401:	mem[1365h] <- 0h
t=1401:	mem[1366h] <- 0h
t=1401:	mem[1367h] <- 0h
t=1403:	reg[14] <- 4h
t=1405:	reg[15] <- 6h
t=1407:	pc <- 1bch
t=1409:	reg[15] <- 7h
t=1411:	reg[15] <- 8h
t=1413:	mem[1360h] <- 8h
t=1413:	mem[1361h] <- 0h
t=1413:	mem[1362h] <- 0h
t=1413:	mem[1363h] <- 0h
t=1415:	reg[10] <- 8h
t=1417:	pc <- 10ch
t=1417:	reg[1] <- 1d0h
t=1419:	reg[2] <- ffffff90h
t=1421:	mem[1344h] <- d0h
t=1421:	mem[1345h] <- 1h
t=1421:	mem[1346h] <- 0h
t=1421:	mem[1347h] <- 0h
t=1423:	mem[1340h] <- f0h
t=1423:	mem[1341h] <- ffh
t=1423:	mem[1342h] <- ffh
t=1423:	mem[1343h] <- ffh
t=1425:	reg[8] <- ffffffc0h
t=1427:	mem[1324h] <- 8h
t=1427:	mem[1325h] <- 0h
t=1427:	mem[1326h] <- 0h
t=1427:	mem[1327h] <- 0h
t=1429:	reg[14] <- 8h
t=1431:	reg[15] <- 1h
t=1433:	pc <- 134h
t=1435:	reg[15] <- 2h
t=1437:	mem[1334h] <- 2h
t=1437:	mem[1335h] <- 0h
t=1437:	mem[1336h] <- 0h
t=1437:	mem[1337h] <- 0h
t=1439:	pc <- 168h
t=1441:	reg[11] <- 2h
t=1443:	reg[10] <- 2h
t=1445:	pc <- 68h
t=1445:	reg[1] <- 174h
t=1447:	reg[2] <- ffffff60h
t=1449:	mem[1314h] <- c0h
t=1449:	mem[1315h] <- ffh
t=1449:	mem[1316h] <- ffh
t=1449:	mem[1317h] <- ffh
t=1451:	reg[8] <- ffffff90h
t=1453:	mem[12f4h] <- 2h
t=1453:	mem[12f5h] <- 0h
t=1453:	mem[12f6h] <- 0h
t=1453:	mem[12f7h] <- 0h
t=1455:	mem[12f0h] <- 2h
t=1455:	mem[12f1h] <- 0h
t=1455:	mem[12f2h] <- 0h
t=1455:	mem[12f3h] <- 0h
t=1457:	mem[1304h] <- 0h
t=1457:	mem[1305h] <- 0h
t=1457:	mem[1306h] <- 0h
t=1457:	mem[1307h] <- 0h
t=1459:	mem[1300h] <- 0h
t=1459:	mem[1301h] <- 0h
t=1459:	mem[1302h] <- 0h
t=1459:	mem[1303h] <- 0h
t=1461:	pc <- a4h
t=1463:	reg[14] <- 0h
t=1465:	reg[15] <- 2h
t=1467:	pc <- 88h
t=1469:	reg[14] <- 0h
t=1471:	reg[15] <- 2h
t=1473:	reg[15] <- 2h
t=1475:	mem[1304h] <- 2h
t=1475:	mem[1305h] <- 0h
t=1475:	mem[1306h] <- 0h
t=1475:	mem[1307h] <- 0h
t=1477:	reg[15] <- 0h
t=1479:	reg[15] <- 1h
t=1481:	mem[1300h] <- 1h
t=1481:	mem[1301h] <- 0h
t=1481:	mem[1302h] <- 0h
t=1481:	mem[1303h] <- 0h
t=1483:	reg[14] <- 1h
t=1485:	reg[15] <- 2h
t=1487:	pc <- 88h
t=1489:	reg[14] <- 2h
t=1491:	reg[15] <- 2h
t=1493:	reg[15] <- 4h
t=1495:	mem[1304h] <- 4h
t=1495:	mem[1305h] <- 0h
t=1495:	mem[1306h] <- 0h
t=1495:	mem[1307h] <- 0h
t=1497:	reg[15] <- 1h
t=1499:	reg[15] <- 2h
t=1501:	mem[1300h] <- 2h
t=1501:	mem[1301h] <- 0h
t=1501:	mem[1302h] <- 0h
t=1501:	mem[1303h] <- 0h
t=1503:	reg[14] <- 2h
t=1505:	reg[15] <- 2h
t=1509:	reg[15] <- 4h
t=1511:	reg[10] <- 4h
t=1513:	reg[8] <- ffffffc0h
t=1515:	reg[2] <- ffffff90h
t=1517:	pc <- 174h
t=1519:	reg[14] <- 4h
t=1521:	reg[15] <- 8h
t=1523:	pc <- 140h
t=1525:	reg[11] <- 2h
t=1527:	reg[10] <- 8h
t=1529:	pc <- c4h
t=1529:	reg[1] <- 14ch
t=1531:	reg[2] <- ffffff70h
t=1533:	mem[1314h] <- c0h
t=1533:	mem[1315h] <- ffh
t=1533:	mem[1316h] <- ffh
t=1533:	mem[1317h] <- ffh
t=1535:	reg[8] <- ffffff90h
t=1537:	mem[1304h] <- 8h
t=1537:	mem[1305h] <- 0h
t=1537:	mem[1306h] <- 0h
t=1537:	mem[1307h] <- 0h
t=1539:	mem[1300h] <- 2h
t=1539:	mem[1301h] <- 0h
t=1539:	mem[1302h] <- 0h
t=1539:	mem[1303h] <- 0h
t=1541:	pc <- ech
t=1543:	reg[14] <- 8h
t=1545:	reg[15] <- 2h
t=1547:	pc <- dch
t=1549:	reg[14] <- 8h
t=1551:	reg[15] <- 2h
t=1553:	reg[15] <- 6h
t=1555:	mem[1304h] <- 6h
t=1555:	mem[1305h] <- 0h
t=1555:	mem[1306h] <- 0h
t=1555:	mem[1307h] <- 0h
t=1557:	reg[14] <- 6h
t=1559:	reg[15] <- 2h
t=1561:	pc <- dch
t=1563:	reg[14] <- 6h
t=1565:	reg[15] <- 2h
t=1567:	reg[15] <- 4h
t=1569:	mem[1304h] <- 4h
t=1569:	mem[1305h] <- 0h
t=1569:	mem[1306h] <- 0h
t=1569:	mem[1307h] <- 0h
t=1571:	reg[14] <- 4h
t=1573:	reg[15] <- 2h
t=1575:	pc <- dch
t=1577:	reg[14] <- 4h
t=1579:	reg[15] <- 2h
t=1581:	reg[15] <- 2h
t=1583:	mem[1304h] <- 2h
t=1583:	mem[1305h] <- 0h
t=1583:	mem[1306h] <- 0h
t=1583:	mem[1307h] <- 0h
t=1585:	reg[14] <- 2h
t=1587:	reg[15] <- 2h
t=1589:	pc <- dch
t=1591:	reg[14] <- 2h
t=1593:	reg[15] <- 2h
t=1595:	reg[15] <- 0h
t=1597:	mem[1304h] <- 0h
t=1597:	mem[1305h] <- 0h
t=1597:	mem[1306h] <- 0h
t=1597:	mem[1307h] <- 0h
t=1599:	reg[14] <- 0h
t=1601:	reg[15] <- 2h
t=1605:	reg[15] <- 0h
t=1607:	reg[10] <- 0h
t=1609:	reg[8] <- ffffffc0h
t=1611:	reg[2] <- ffffff90h
t=1613:	pc <- 14ch
t=1615:	reg[15] <- 0h
t=1619:	reg[15] <- 0h
t=1621:	pc <- 184h
t=1623:	reg[10] <- 0h
t=1625:	reg[1] <- 1d0h
t=1627:	reg[8] <- fffffff0h
t=1629:	reg[2] <- ffffffc0h
t=1631:	pc <- 1d0h
t=1633:	reg[15] <- 0h
t=1635:	pc <- 1e4h
t=1637:	reg[14] <- 4h
t=1639:	reg[15] <- 6h
t=1641:	pc <- 1bch
t=1643:	reg[15] <- 8h
t=1645:	reg[15] <- 9h
t=1647:	mem[1360h] <- 9h
t=1647:	mem[1361h] <- 0h
t=1647:	mem[1362h] <- 0h
t=1647:	mem[1363h] <- 0h
t=1649:	reg[10] <- 9h
t=1651:	pc <- 10ch
t=1651:	reg[1] <- 1d0h
t=1653:	reg[2] <- ffffff90h
t=1655:	mem[1344h] <- d0h
t=1655:	mem[1345h] <- 1h
t=1655:	mem[1346h] <- 0h
t=1655:	mem[1347h] <- 0h
t=1657:	mem[1340h] <- f0h
t=1657:	mem[1341h] <- ffh
t=1657:	mem[1342h] <- ffh
t=1657:	mem[1343h] <- ffh
t=1659:	reg[8] <- ffffffc0h
t=1661:	mem[1324h] <- 9h
t=1661:	mem[1325h] <- 0h
t=1661:	mem[1326h] <- 0h
t=1661:	mem[1327h] <- 0h
t=1663:	reg[14] <- 9h
t=1665:	reg[15] <- 1h
t=1667:	pc <- 134h
t=1669:	reg[15] <- 2h
t=1671:	mem[1334h] <- 2h
t=1671:	mem[1335h] <- 0h
t=1671:	mem[1336h] <- 0h
t=1671:	mem[1337h] <- 0h
t=1673:	pc <- 168h
t=1675:	reg[11] <- 2h
t=1677:	reg[10] <- 2h
t=1679:	pc <- 68h
t=1679:	reg[1] <- 174h
t=1681:	reg[2] <- ffffff60h
t=1683:	mem[1314h] <- c0h
t=1683:	mem[1315h] <- ffh
t=1683:	mem[1316h] <- ffh
t=1683:	mem[1317h] <- ffh
t=1685:	reg[8] <- ffffff90h
t=1687:	mem[12f4h] <- 2h
t=1687:	mem[12f5h] <- 0h
t=1687:	mem[12f6h] <- 0h
t=1687:	mem[12f7h] <- 0h
t=1689:	mem[12f0h] <- 2h
t=1689:	mem[12f1h] <- 0h
t=1689:	mem[12f2h] <- 0h
t=1689:	mem[12f3h] <- 0h
t=1691:	mem[1304h] <- 0h
t=1691:	mem[1305h] <- 0h
t=1691:	mem[1306h] <- 0h
t=1691:	mem[1307h] <- 0h
t=1693:	mem[1300h] <- 0h
t=1693:	mem[1301h] <- 0h
t=1693:	mem[1302h] <- 0h
t=1693:	mem[1303h] <- 0h
t=1695:	pc <- a4h
t=1697:	reg[14] <- 0h
t=1699:	reg[15] <- 2h
t=1701:	pc <- 88h
t=1703:	reg[14] <- 0h
t=1705:	reg[15] <- 2h
t=1707:	reg[15] <- 2h
t=1709:	mem[1304h] <- 2h
t=1709:	mem[1305h] <- 0h
t=1709:	mem[1306h] <- 0h
t=1709:	mem[1307h] <- 0h
t=1711:	reg[15] <- 0h
t=1713:	reg[15] <- 1h
t=1715:	mem[1300h] <- 1h
t=1715:	mem[1301h] <- 0h
t=1715:	mem[1302h] <- 0h
t=1715:	mem[1303h] <- 0h
t=1717:	reg[14] <- 1h
t=1719:	reg[15] <- 2h
t=1721:	pc <- 88h
t=1723:	reg[14] <- 2h
t=1725:	reg[15] <- 2h
t=1727:	reg[15] <- 4h
t=1729:	mem[1304h] <- 4h
t=1729:	mem[1305h] <- 0h
t=1729:	mem[1306h] <- 0h
t=1729:	mem[1307h] <- 0h
t=1731:	reg[15] <- 1h
t=1733:	reg[15] <- 2h
t=1735:	mem[1300h] <- 2h
t=1735:	mem[1301h] <- 0h
t=1735:	mem[1302h] <- 0h
t=1735:	mem[1303h] <- 0h
t=1737:	reg[14] <- 2h
t=1739:	reg[15] <- 2h
t=1743:	reg[15] <- 4h
t=1745:	reg[10] <- 4h
t=1747:	reg[8] <- ffffffc0h
t=1749:	reg[2] <- ffffff90h
t=1751:	pc <- 174h
t=1753:	reg[14] <- 4h
t=1755:	reg[15] <- 9h
t=1757:	pc <- 140h
t=1759:	reg[11] <- 2h
t=1761:	reg[10] <- 9h
t=1763:	pc <- c4h
t=1763:	reg[1] <- 14ch
t=1765:	reg[2] <- ffffff70h
t=1767:	mem[1314h] <- c0h
t=1767:	mem[1315h] <- ffh
t=1767:	mem[1316h] <- ffh
t=1767:	mem[1317h] <- ffh
t=1769:	reg[8] <- ffffff90h
t=1771:	mem[1304h] <- 9h
t=1771:	mem[1305h] <- 0h
t=1771:	mem[1306h] <- 0h
t=1771:	mem[1307h] <- 0h
t=1773:	mem[1300h] <- 2h
t=1773:	mem[1301h] <- 0h
t=1773:	mem[1302h] <- 0h
t=1773:	mem[1303h] <- 0h
t=1775:	pc <- ech
t=1777:	reg[14] <- 9h
t=1779:	reg[15] <- 2h
t=1781:	pc <- dch
t=1783:	reg[14] <- 9h
t=1785:	reg[15] <- 2h
t=1787:	reg[15] <- 7h
t=1789:	mem[1304h] <- 7h
t=1789:	mem[1305h] <- 0h
t=1789:	mem[1306h] <- 0h
t=1789:	mem[1307h] <- 0h
t=1791:	reg[14] <- 7h
t=1793:	reg[15] <- 2h
t=1795:	pc <- dch
t=1797:	reg[14] <- 7h
t=1799:	reg[15] <- 2h
t=1801:	reg[15] <- 5h
t=1803:	mem[1304h] <- 5h
t=1803:	mem[1305h] <- 0h
t=1803:	mem[1306h] <- 0h
t=1803:	mem[1307h] <- 0h
t=1805:	reg[14] <- 5h
t=1807:	reg[15] <- 2h
t=1809:	pc <- dch
t=1811:	reg[14] <- 5h
t=1813:	reg[15] <- 2h
t=1815:	reg[15] <- 3h
t=1817:	mem[1304h] <- 3h
t=1817:	mem[1305h] <- 0h
t=1817:	mem[1306h] <- 0h
t=1817:	mem[1307h] <- 0h
t=1819:	reg[14] <- 3h
t=1821:	reg[15] <- 2h
t=1823:	pc <- dch
t=1825:	reg[14] <- 3h
t=1827:	reg[15] <- 2h
t=1829:	reg[15] <- 1h
t=1831:	mem[1304h] <- 1h
t=1831:	mem[1305h] <- 0h
t=1831:	mem[1306h] <- 0h
t=1831:	mem[1307h] <- 0h
t=1833:	reg[14] <- 1h
t=1835:	reg[15] <- 2h
t=1839:	reg[15] <- 1h
t=1841:	reg[10] <- 1h
t=1843:	reg[8] <- ffffffc0h
t=1845:	reg[2] <- ffffff90h
t=1847:	pc <- 14ch
t=1849:	reg[15] <- 1h
t=1851:	pc <- 15ch
t=1853:	reg[15] <- 2h
t=1855:	reg[15] <- 3h
t=1857:	mem[1334h] <- 3h
t=1857:	mem[1335h] <- 0h
t=1857:	mem[1336h] <- 0h
t=1857:	mem[1337h] <- 0h
t=1859:	reg[11] <- 3h
t=1861:	reg[10] <- 3h
t=1863:	pc <- 68h
t=1863:	reg[1] <- 174h
t=1865:	reg[2] <- ffffff60h
t=1867:	mem[1314h] <- c0h
t=1867:	mem[1315h] <- ffh
t=1867:	mem[1316h] <- ffh
t=1867:	mem[1317h] <- ffh
t=1869:	reg[8] <- ffffff90h
t=1871:	mem[12f4h] <- 3h
t=1871:	mem[12f5h] <- 0h
t=1871:	mem[12f6h] <- 0h
t=1871:	mem[12f7h] <- 0h
t=1873:	mem[12f0h] <- 3h
t=1873:	mem[12f1h] <- 0h
t=1873:	mem[12f2h] <- 0h
t=1873:	mem[12f3h] <- 0h
t=1875:	mem[1304h] <- 0h
t=1875:	mem[1305h] <- 0h
t=1875:	mem[1306h] <- 0h
t=1875:	mem[1307h] <- 0h
t=1877:	mem[1300h] <- 0h
t=1877:	mem[1301h] <- 0h
t=1877:	mem[1302h] <- 0h
t=1877:	mem[1303h] <- 0h
t=1879:	pc <- a4h
t=1881:	reg[14] <- 0h
t=1883:	reg[15] <- 3h
t=1885:	pc <- 88h
t=1887:	reg[14] <- 0h
t=1889:	reg[15] <- 3h
t=1891:	reg[15] <- 3h
t=1893:	mem[1304h] <- 3h
t=1893:	mem[1305h] <- 0h
t=1893:	mem[1306h] <- 0h
t=1893:	mem[1307h] <- 0h
t=1895:	reg[15] <- 0h
t=1897:	reg[15] <- 1h
t=1899:	mem[1300h] <- 1h
t=1899:	mem[1301h] <- 0h
t=1899:	mem[1302h] <- 0h
t=1899:	mem[1303h] <- 0h
t=1901:	reg[14] <- 1h
t=1903:	reg[15] <- 3h
t=1905:	pc <- 88h
t=1907:	reg[14] <- 3h
t=1909:	reg[15] <- 3h
t=1911:	reg[15] <- 6h
t=1913:	mem[1304h] <- 6h
t=1913:	mem[1305h] <- 0h
t=1913:	mem[1306h] <- 0h
t=1913:	mem[1307h] <- 0h
t=1915:	reg[15] <- 1h
t=1917:	reg[15] <- 2h
t=1919:	mem[1300h] <- 2h
t=1919:	mem[1301h] <- 0h
t=1919:	mem[1302h] <- 0h
t=1919:	mem[1303h] <- 0h
t=1921:	reg[14] <- 2h
t=1923:	reg[15] <- 3h
t=1925:	pc <- 88h
t=1927:	reg[14] <- 6h
t=1929:	reg[15] <- 3h
t=1931:	reg[15] <- 9h
t=1933:	mem[1304h] <- 9h
t=1933:	mem[1305h] <- 0h
t=1933:	mem[1306h] <- 0h
t=1933:	mem[1307h] <- 0h
t=1935:	reg[15] <- 2h
t=1937:	reg[15] <- 3h
t=1939:	mem[1300h] <- 3h
t=1939:	mem[1301h] <- 0h
t=1939:	mem[1302h] <- 0h
t=1939:	mem[1303h] <- 0h
t=1941:	reg[14] <- 3h
t=1943:	reg[15] <- 3h
t=1947:	reg[15] <- 9h
t=1949:	reg[10] <- 9h
t=1951:	reg[8] <- ffffffc0h
t=1953:	reg[2] <- ffffff90h
t=1955:	pc <- 174h
t=1957:	reg[14] <- 9h
t=1959:	reg[15] <- 9h
t=1961:	pc <- 140h
t=1963:	reg[11] <- 3h
t=1965:	reg[10] <- 9h
t=1967:	pc <- c4h
t=1967:	reg[1] <- 14ch
t=1969:	reg[2] <- ffffff70h
t=1971:	mem[1314h] <- c0h
t=1971:	mem[1315h] <- ffh
t=1971:	mem[1316h] <- ffh
t=1971:	mem[1317h] <- ffh
t=1973:	reg[8] <- ffffff90h
t=1975:	mem[1304h] <- 9h
t=1975:	mem[1305h] <- 0h
t=1975:	mem[1306h] <- 0h
t=1975:	mem[1307h] <- 0h
t=1977:	mem[1300h] <- 3h
t=1977:	mem[1301h] <- 0h
t=1977:	mem[1302h] <- 0h
t=1977:	mem[1303h] <- 0h
t=1979:	pc <- ech
t=1981:	reg[14] <- 9h
t=1983:	reg[15] <- 3h
t=1985:	pc <- dch
t=1987:	reg[14] <- 9h
t=1989:	reg[15] <- 3h
t=1991:	reg[15] <- 6h
t=1993:	mem[1304h] <- 6h
t=1993:	mem[1305h] <- 0h
t=1993:	mem[1306h] <- 0h
t=1993:	mem[1307h] <- 0h
t=1995:	reg[14] <- 6h
t=1997:	reg[15] <- 3h
t=1999:	pc <- dch
t=2001:	reg[14] <- 6h
t=2003:	reg[15] <- 3h
t=2005:	reg[15] <- 3h
t=2007:	mem[1304h] <- 3h
t=2007:	mem[1305h] <- 0h
t=2007:	mem[1306h] <- 0h
t=2007:	mem[1307h] <- 0h
t=2009:	reg[14] <- 3h
t=2011:	reg[15] <- 3h
t=2013:	pc <- dch
t=2015:	reg[14] <- 3h
t=2017:	reg[15] <- 3h
t=2019:	reg[15] <- 0h
t=2021:	mem[1304h] <- 0h
t=2021:	mem[1305h] <- 0h
t=2021:	mem[1306h] <- 0h
t=2021:	mem[1307h] <- 0h
t=2023:	reg[14] <- 0h
t=2025:	reg[15] <- 3h
t=2029:	reg[15] <- 0h
t=2031:	reg[10] <- 0h
t=2033:	reg[8] <- ffffffc0h
t=2035:	reg[2] <- ffffff90h
t=2037:	pc <- 14ch
t=2039:	reg[15] <- 0h
t=2043:	reg[15] <- 0h
t=2045:	pc <- 184h
t=2047:	reg[10] <- 0h
t=2049:	reg[1] <- 1d0h
t=2051:	reg[8] <- fffffff0h
t=2053:	reg[2] <- ffffffc0h
t=2055:	pc <- 1d0h
t=2057:	reg[15] <- 0h
t=2059:	pc <- 1e4h
t=2061:	reg[14] <- 4h
t=2063:	reg[15] <- 6h
t=2065:	pc <- 1bch
t=2067:	reg[15] <- 9h
t=2069:	reg[15] <- ah
t=2071:	mem[1360h] <- ah
t=2071:	mem[1361h] <- 0h
t=2071:	mem[1362h] <- 0h
t=2071:	mem[1363h] <- 0h
t=2073:	reg[10] <- ah
t=2075:	pc <- 10ch
t=2075:	reg[1] <- 1d0h
t=2077:	reg[2] <- ffffff90h
t=2079:	mem[1344h] <- d0h
t=2079:	mem[1345h] <- 1h
t=2079:	mem[1346h] <- 0h
t=2079:	mem[1347h] <- 0h
t=2081:	mem[1340h] <- f0h
t=2081:	mem[1341h] <- ffh
t=2081:	mem[1342h] <- ffh
t=2081:	mem[1343h] <- ffh
t=2083:	reg[8] <- ffffffc0h
t=2085:	mem[1324h] <- ah
t=2085:	mem[1325h] <- 0h
t=2085:	mem[1326h] <- 0h
t=2085:	mem[1327h] <- 0h
t=2087:	reg[14] <- ah
t=2089:	reg[15] <- 1h
t=2091:	pc <- 134h
t=2093:	reg[15] <- 2h
t=2095:	mem[1334h] <- 2h
t=2095:	mem[1335h] <- 0h
t=2095:	mem[1336h] <- 0h
t=2095:	mem[1337h] <- 0h
t=2097:	pc <- 168h
t=2099:	reg[11] <- 2h
t=2101:	reg[10] <- 2h
t=2103:	pc <- 68h
t=2103:	reg[1] <- 174h
t=2105:	reg[2] <- ffffff60h
t=2107:	mem[1314h] <- c0h
t=2107:	mem[1315h] <- ffh
t=2107:	mem[1316h] <- ffh
t=2107:	mem[1317h] <- ffh
t=2109:	reg[8] <- ffffff90h
t=2111:	mem[12f4h] <- 2h
t=2111:	mem[12f5h] <- 0h
t=2111:	mem[12f6h] <- 0h
t=2111:	mem[12f7h] <- 0h
t=2113:	mem[12f0h] <- 2h
t=2113:	mem[12f1h] <- 0h
t=2113:	mem[12f2h] <- 0h
t=2113:	mem[12f3h] <- 0h
t=2115:	mem[1304h] <- 0h
t=2115:	mem[1305h] <- 0h
t=2115:	mem[1306h] <- 0h
t=2115:	mem[1307h] <- 0h
t=2117:	mem[1300h] <- 0h
t=2117:	mem[1301h] <- 0h
t=2117:	mem[1302h] <- 0h
t=2117:	mem[1303h] <- 0h
t=2119:	pc <- a4h
t=2121:	reg[14] <- 0h
t=2123:	reg[15] <- 2h
t=2125:	pc <- 88h
t=2127:	reg[14] <- 0h
t=2129:	reg[15] <- 2h
t=2131:	reg[15] <- 2h
t=2133:	mem[1304h] <- 2h
t=2133:	mem[1305h] <- 0h
t=2133:	mem[1306h] <- 0h
t=2133:	mem[1307h] <- 0h
t=2135:	reg[15] <- 0h
t=2137:	reg[15] <- 1h
t=2139:	mem[1300h] <- 1h
t=2139:	mem[1301h] <- 0h
t=2139:	mem[1302h] <- 0h
t=2139:	mem[1303h] <- 0h
t=2141:	reg[14] <- 1h
t=2143:	reg[15] <- 2h
t=2145:	pc <- 88h
t=2147:	reg[14] <- 2h
t=2149:	reg[15] <- 2h
t=2151:	reg[15] <- 4h
t=2153:	mem[1304h] <- 4h
t=2153:	mem[1305h] <- 0h
t=2153:	mem[1306h] <- 0h
t=2153:	mem[1307h] <- 0h
t=2155:	reg[15] <- 1h
t=2157:	reg[15] <- 2h
t=2159:	mem[1300h] <- 2h
t=2159:	mem[1301h] <- 0h
t=2159:	mem[1302h] <- 0h
t=2159:	mem[1303h] <- 0h
t=2161:	reg[14] <- 2h
t=2163:	reg[15] <- 2h
t=2167:	reg[15] <- 4h
t=2169:	reg[10] <- 4h
t=2171:	reg[8] <- ffffffc0h
t=2173:	reg[2] <- ffffff90h
t=2175:	pc <- 174h
t=2177:	reg[14] <- 4h
t=2179:	reg[15] <- ah
t=2181:	pc <- 140h
t=2183:	reg[11] <- 2h
t=2185:	reg[10] <- ah
t=2187:	pc <- c4h
t=2187:	reg[1] <- 14ch
t=2189:	reg[2] <- ffffff70h
t=2191:	mem[1314h] <- c0h
t=2191:	mem[1315h] <- ffh
t=2191:	mem[1316h] <- ffh
t=2191:	mem[1317h] <- ffh
t=2193:	reg[8] <- ffffff90h
t=2195:	mem[1304h] <- ah
t=2195:	mem[1305h] <- 0h
t=2195:	mem[1306h] <- 0h
t=2195:	mem[1307h] <- 0h
t=2197:	mem[1300h] <- 2h
t=2197:	mem[1301h] <- 0h
t=2197:	mem[1302h] <- 0h
t=2197:	mem[1303h] <- 0h
t=2199:	pc <- ech
t=2201:	reg[14] <- ah
t=2203:	reg[15] <- 2h
t=2205:	pc <- dch
t=2207:	reg[14] <- ah
t=2209:	reg[15] <- 2h
t=2211:	reg[15] <- 8h
t=2213:	mem[1304h] <- 8h
t=2213:	mem[1305h] <- 0h
t=2213:	mem[1306h] <- 0h
t=2213:	mem[1307h] <- 0h
t=2215:	reg[14] <- 8h
t=2217:	reg[15] <- 2h
t=2219:	pc <- dch
t=2221:	reg[14] <- 8h
t=2223:	reg[15] <- 2h
t=2225:	reg[15] <- 6h
t=2227:	mem[1304h] <- 6h
t=2227:	mem[1305h] <- 0h
t=2227:	mem[1306h] <- 0h
t=2227:	mem[1307h] <- 0h
t=2229:	reg[14] <- 6h
t=2231:	reg[15] <- 2h
t=2233:	pc <- dch
t=2235:	reg[14] <- 6h
t=2237:	reg[15] <- 2h
t=2239:	reg[15] <- 4h
t=2241:	mem[1304h] <- 4h
t=2241:	mem[1305h] <- 0h
t=2241:	mem[1306h] <- 0h
t=2241:	mem[1307h] <- 0h
t=2243:	reg[14] <- 4h
t=2245:	reg[15] <- 2h
t=2247:	pc <- dch
t=2249:	reg[14] <- 4h
t=2251:	reg[15] <- 2h
t=2253:	reg[15] <- 2h
t=2255:	mem[1304h] <- 2h
t=2255:	mem[1305h] <- 0h
t=2255:	mem[1306h] <- 0h
t=2255:	mem[1307h] <- 0h
t=2257:	reg[14] <- 2h
t=2259:	reg[15] <- 2h
t=2261:	pc <- dch
t=2263:	reg[14] <- 2h
t=2265:	reg[15] <- 2h
t=2267:	reg[15] <- 0h
t=2269:	mem[1304h] <- 0h
t=2269:	mem[1305h] <- 0h
t=2269:	mem[1306h] <- 0h
t=2269:	mem[1307h] <- 0h
t=2271:	reg[14] <- 0h
t=2273:	reg[15] <- 2h
t=2277:	reg[15] <- 0h
t=2279:	reg[10] <- 0h
t=2281:	reg[8] <- ffffffc0h
t=2283:	reg[2] <- ffffff90h
t=2285:	pc <- 14ch
t=2287:	reg[15] <- 0h
t=2291:	reg[15] <- 0h
t=2293:	pc <- 184h
t=2295:	reg[10] <- 0h
t=2297:	reg[1] <- 1d0h
t=2299:	reg[8] <- fffffff0h
t=2301:	reg[2] <- ffffffc0h
t=2303:	pc <- 1d0h
t=2305:	reg[15] <- 0h
t=2307:	pc <- 1e4h
t=2309:	reg[14] <- 4h
t=2311:	reg[15] <- 6h
t=2313:	pc <- 1bch
t=2315:	reg[15] <- ah
t=2317:	reg[15] <- bh
t=2319:	mem[1360h] <- bh
t=2319:	mem[1361h] <- 0h
t=2319:	mem[1362h] <- 0h
t=2319:	mem[1363h] <- 0h
t=2321:	reg[10] <- bh
t=2323:	pc <- 10ch
t=2323:	reg[1] <- 1d0h
t=2325:	reg[2] <- ffffff90h
t=2327:	mem[1344h] <- d0h
t=2327:	mem[1345h] <- 1h
t=2327:	mem[1346h] <- 0h
t=2327:	mem[1347h] <- 0h
t=2329:	mem[1340h] <- f0h
t=2329:	mem[1341h] <- ffh
t=2329:	mem[1342h] <- ffh
t=2329:	mem[1343h] <- ffh
t=2331:	reg[8] <- ffffffc0h
t=2333:	mem[1324h] <- bh
t=2333:	mem[1325h] <- 0h
t=2333:	mem[1326h] <- 0h
t=2333:	mem[1327h] <- 0h
t=2335:	reg[14] <- bh
t=2337:	reg[15] <- 1h
t=2339:	pc <- 134h
t=2341:	reg[15] <- 2h
t=2343:	mem[1334h] <- 2h
t=2343:	mem[1335h] <- 0h
t=2343:	mem[1336h] <- 0h
t=2343:	mem[1337h] <- 0h
t=2345:	pc <- 168h
t=2347:	reg[11] <- 2h
t=2349:	reg[10] <- 2h
t=2351:	pc <- 68h
t=2351:	reg[1] <- 174h
t=2353:	reg[2] <- ffffff60h
t=2355:	mem[1314h] <- c0h
t=2355:	mem[1315h] <- ffh
t=2355:	mem[1316h] <- ffh
t=2355:	mem[1317h] <- ffh
t=2357:	reg[8] <- ffffff90h
t=2359:	mem[12f4h] <- 2h
t=2359:	mem[12f5h] <- 0h
t=2359:	mem[12f6h] <- 0h
t=2359:	mem[12f7h] <- 0h
t=2361:	mem[12f0h] <- 2h
t=2361:	mem[12f1h] <- 0h
t=2361:	mem[12f2h] <- 0h
t=2361:	mem[12f3h] <- 0h
t=2363:	mem[1304h] <- 0h
t=2363:	mem[1305h] <- 0h
t=2363:	mem[1306h] <- 0h
t=2363:	mem[1307h] <- 0h
t=2365:	mem[1300h] <- 0h
t=2365:	mem[1301h] <- 0h
t=2365:	mem[1302h] <- 0h
t=2365:	mem[1303h] <- 0h
t=2367:	pc <- a4h
t=2369:	reg[14] <- 0h
t=2371:	reg[15] <- 2h
t=2373:	pc <- 88h
t=2375:	reg[14] <- 0h
t=2377:	reg[15] <- 2h
t=2379:	reg[15] <- 2h
t=2381:	mem[1304h] <- 2h
t=2381:	mem[1305h] <- 0h
t=2381:	mem[1306h] <- 0h
t=2381:	mem[1307h] <- 0h
t=2383:	reg[15] <- 0h
t=2385:	reg[15] <- 1h
t=2387:	mem[1300h] <- 1h
t=2387:	mem[1301h] <- 0h
t=2387:	mem[1302h] <- 0h
t=2387:	mem[1303h] <- 0h
t=2389:	reg[14] <- 1h
t=2391:	reg[15] <- 2h
t=2393:	pc <- 88h
t=2395:	reg[14] <- 2h
t=2397:	reg[15] <- 2h
t=2399:	reg[15] <- 4h
t=2401:	mem[1304h] <- 4h
t=2401:	mem[1305h] <- 0h
t=2401:	mem[1306h] <- 0h
t=2401:	mem[1307h] <- 0h
t=2403:	reg[15] <- 1h
t=2405:	reg[15] <- 2h
t=2407:	mem[1300h] <- 2h
t=2407:	mem[1301h] <- 0h
t=2407:	mem[1302h] <- 0h
t=2407:	mem[1303h] <- 0h
t=2409:	reg[14] <- 2h
t=2411:	reg[15] <- 2h
t=2415:	reg[15] <- 4h
t=2417:	reg[10] <- 4h
t=2419:	reg[8] <- ffffffc0h
t=2421:	reg[2] <- ffffff90h
t=2423:	pc <- 174h
t=2425:	reg[14] <- 4h
t=2427:	reg[15] <- bh
t=2429:	pc <- 140h
t=2431:	reg[11] <- 2h
t=2433:	reg[10] <- bh
t=2435:	pc <- c4h
t=2435:	reg[1] <- 14ch
t=2437:	reg[2] <- ffffff70h
t=2439:	mem[1314h] <- c0h
t=2439:	mem[1315h] <- ffh
t=2439:	mem[1316h] <- ffh
t=2439:	mem[1317h] <- ffh
t=2441:	reg[8] <- ffffff90h
t=2443:	mem[1304h] <- bh
t=2443:	mem[1305h] <- 0h
t=2443:	mem[1306h] <- 0h
t=2443:	mem[1307h] <- 0h
t=2445:	mem[1300h] <- 2h
t=2445:	mem[1301h] <- 0h
t=2445:	mem[1302h] <- 0h
t=2445:	mem[1303h] <- 0h
t=2447:	pc <- ech
t=2449:	reg[14] <- bh
t=2451:	reg[15] <- 2h
t=2453:	pc <- dch
t=2455:	reg[14] <- bh
t=2457:	reg[15] <- 2h
t=2459:	reg[15] <- 9h
t=2461:	mem[1304h] <- 9h
t=2461:	mem[1305h] <- 0h
t=2461:	mem[1306h] <- 0h
t=2461:	mem[1307h] <- 0h
t=2463:	reg[14] <- 9h
t=2465:	reg[15] <- 2h
t=2467:	pc <- dch
t=2469:	reg[14] <- 9h
t=2471:	reg[15] <- 2h
t=2473:	reg[15] <- 7h
t=2475:	mem[1304h] <- 7h
t=2475:	mem[1305h] <- 0h
t=2475:	mem[1306h] <- 0h
t=2475:	mem[1307h] <- 0h
t=2477:	reg[14] <- 7h
t=2479:	reg[15] <- 2h
t=2481:	pc <- dch
t=2483:	reg[14] <- 7h
t=2485:	reg[15] <- 2h
t=2487:	reg[15] <- 5h
t=2489:	mem[1304h] <- 5h
t=2489:	mem[1305h] <- 0h
t=2489:	mem[1306h] <- 0h
t=2489:	mem[1307h] <- 0h
t=2491:	reg[14] <- 5h
t=2493:	reg[15] <- 2h
t=2495:	pc <- dch
t=2497:	reg[14] <- 5h
t=2499:	reg[15] <- 2h
t=2501:	reg[15] <- 3h
t=2503:	mem[1304h] <- 3h
t=2503:	mem[1305h] <- 0h
t=2503:	mem[1306h] <- 0h
t=2503:	mem[1307h] <- 0h
t=2505:	reg[14] <- 3h
t=2507:	reg[15] <- 2h
t=2509:	pc <- dch
t=2511:	reg[14] <- 3h
t=2513:	reg[15] <- 2h
t=2515:	reg[15] <- 1h
t=2517:	mem[1304h] <- 1h
t=2517:	mem[1305h] <- 0h
t=2517:	mem[1306h] <- 0h
t=2517:	mem[1307h] <- 0h
t=2519:	reg[14] <- 1h
t=2521:	reg[15] <- 2h
t=2525:	reg[15] <- 1h
t=2527:	reg[10] <- 1h
t=2529:	reg[8] <- ffffffc0h
t=2531:	reg[2] <- ffffff90h
t=2533:	pc <- 14ch
t=2535:	reg[15] <- 1h
t=2537:	pc <- 15ch
t=2539:	reg[15] <- 2h
t=2541:	reg[15] <- 3h
t=2543:	mem[1334h] <- 3h
t=2543:	mem[1335h] <- 0h
t=2543:	mem[1336h] <- 0h
t=2543:	mem[1337h] <- 0h
t=2545:	reg[11] <- 3h
t=2547:	reg[10] <- 3h
t=2549:	pc <- 68h
t=2549:	reg[1] <- 174h
t=2551:	reg[2] <- ffffff60h
t=2553:	mem[1314h] <- c0h
t=2553:	mem[1315h] <- ffh
t=2553:	mem[1316h] <- ffh
t=2553:	mem[1317h] <- ffh
t=2555:	reg[8] <- ffffff90h
t=2557:	mem[12f4h] <- 3h
t=2557:	mem[12f5h] <- 0h
t=2557:	mem[12f6h] <- 0h
t=2557:	mem[12f7h] <- 0h
t=2559:	mem[12f0h] <- 3h
t=2559:	mem[12f1h] <- 0h
t=2559:	mem[12f2h] <- 0h
t=2559:	mem[12f3h] <- 0h
t=2561:	mem[1304h] <- 0h
t=2561:	mem[1305h] <- 0h
t=2561:	mem[1306h] <- 0h
t=2561:	mem[1307h] <- 0h
t=2563:	mem[1300h] <- 0h
t=2563:	mem[1301h] <- 0h
t=2563:	mem[1302h] <- 0h
t=2563:	mem[1303h] <- 0h
t=2565:	pc <- a4h
t=2567:	reg[14] <- 0h
t=2569:	reg[15] <- 3h
t=2571:	pc <- 88h
t=2573:	reg[14] <- 0h
t=2575:	reg[15] <- 3h
t=2577:	reg[15] <- 3h
t=2579:	mem[1304h] <- 3h
t=2579:	mem[1305h] <- 0h
t=2579:	mem[1306h] <- 0h
t=2579:	mem[1307h] <- 0h
t=2581:	reg[15] <- 0h
t=2583:	reg[15] <- 1h
t=2585:	mem[1300h] <- 1h
t=2585:	mem[1301h] <- 0h
t=2585:	mem[1302h] <- 0h
t=2585:	mem[1303h] <- 0h
t=2587:	reg[14] <- 1h
t=2589:	reg[15] <- 3h
t=2591:	pc <- 88h
t=2593:	reg[14] <- 3h
t=2595:	reg[15] <- 3h
t=2597:	reg[15] <- 6h
t=2599:	mem[1304h] <- 6h
t=2599:	mem[1305h] <- 0h
t=2599:	mem[1306h] <- 0h
t=2599:	mem[1307h] <- 0h
t=2601:	reg[15] <- 1h
t=2603:	reg[15] <- 2h
t=2605:	mem[1300h] <- 2h
t=2605:	mem[1301h] <- 0h
t=2605:	mem[1302h] <- 0h
t=2605:	mem[1303h] <- 0h
t=2607:	reg[14] <- 2h
t=2609:	reg[15] <- 3h
t=2611:	pc <- 88h
t=2613:	reg[14] <- 6h
t=2615:	reg[15] <- 3h
t=2617:	reg[15] <- 9h
t=2619:	mem[1304h] <- 9h
t=2619:	mem[1305h] <- 0h
t=2619:	mem[1306h] <- 0h
t=2619:	mem[1307h] <- 0h
t=2621:	reg[15] <- 2h
t=2623:	reg[15] <- 3h
t=2625:	mem[1300h] <- 3h
t=2625:	mem[1301h] <- 0h
t=2625:	mem[1302h] <- 0h
t=2625:	mem[1303h] <- 0h
t=2627:	reg[14] <- 3h
t=2629:	reg[15] <- 3h
t=2633:	reg[15] <- 9h
t=2635:	reg[10] <- 9h
t=2637:	reg[8] <- ffffffc0h
t=2639:	reg[2] <- ffffff90h
t=2641:	pc <- 174h
t=2643:	reg[14] <- 9h
t=2645:	reg[15] <- bh
t=2647:	pc <- 140h
t=2649:	reg[11] <- 3h
t=2651:	reg[10] <- bh
t=2653:	pc <- c4h
t=2653:	reg[1] <- 14ch
t=2655:	reg[2] <- ffffff70h
t=2657:	mem[1314h] <- c0h
t=2657:	mem[1315h] <- ffh
t=2657:	mem[1316h] <- ffh
t=2657:	mem[1317h] <- ffh
t=2659:	reg[8] <- ffffff90h
t=2661:	mem[1304h] <- bh
t=2661:	mem[1305h] <- 0h
t=2661:	mem[1306h] <- 0h
t=2661:	mem[1307h] <- 0h
t=2663:	mem[1300h] <- 3h
t=2663:	mem[1301h] <- 0h
t=2663:	mem[1302h] <- 0h
t=2663:	mem[1303h] <- 0h
t=2665:	pc <- ech
t=2667:	reg[14] <- bh
t=2669:	reg[15] <- 3h
t=2671:	pc <- dch
t=2673:	reg[14] <- bh
t=2675:	reg[15] <- 3h
t=2677:	reg[15] <- 8h
t=2679:	mem[1304h] <- 8h
t=2679:	mem[1305h] <- 0h
t=2679:	mem[1306h] <- 0h
t=2679:	mem[1307h] <- 0h
t=2681:	reg[14] <- 8h
t=2683:	reg[15] <- 3h
t=2685:	pc <- dch
t=2687:	reg[14] <- 8h
t=2689:	reg[15] <- 3h
t=2691:	reg[15] <- 5h
t=2693:	mem[1304h] <- 5h
t=2693:	mem[1305h] <- 0h
t=2693:	mem[1306h] <- 0h
t=2693:	mem[1307h] <- 0h
t=2695:	reg[14] <- 5h
t=2697:	reg[15] <- 3h
t=2699:	pc <- dch
t=2701:	reg[14] <- 5h
t=2703:	reg[15] <- 3h
t=2705:	reg[15] <- 2h
t=2707:	mem[1304h] <- 2h
t=2707:	mem[1305h] <- 0h
t=2707:	mem[1306h] <- 0h
t=2707:	mem[1307h] <- 0h
t=2709:	reg[14] <- 2h
t=2711:	reg[15] <- 3h
t=2715:	reg[15] <- 2h
t=2717:	reg[10] <- 2h
t=2719:	reg[8] <- ffffffc0h
t=2721:	reg[2] <- ffffff90h
t=2723:	pc <- 14ch
t=2725:	reg[15] <- 2h
t=2727:	pc <- 15ch
t=2729:	reg[15] <- 3h
t=2731:	reg[15] <- 4h
t=2733:	mem[1334h] <- 4h
t=2733:	mem[1335h] <- 0h
t=2733:	mem[1336h] <- 0h
t=2733:	mem[1337h] <- 0h
t=2735:	reg[11] <- 4h
t=2737:	reg[10] <- 4h
t=2739:	pc <- 68h
t=2739:	reg[1] <- 174h
t=2741:	reg[2] <- ffffff60h
t=2743:	mem[1314h] <- c0h
t=2743:	mem[1315h] <- ffh
t=2743:	mem[1316h] <- ffh
t=2743:	mem[1317h] <- ffh
t=2745:	reg[8] <- ffffff90h
t=2747:	mem[12f4h] <- 4h
t=2747:	mem[12f5h] <- 0h
t=2747:	mem[12f6h] <- 0h
t=2747:	mem[12f7h] <- 0h
t=2749:	mem[12f0h] <- 4h
t=2749:	mem[12f1h] <- 0h
t=2749:	mem[12f2h] <- 0h
t=2749:	mem[12f3h] <- 0h
t=2751:	mem[1304h] <- 0h
t=2751:	mem[1305h] <- 0h
t=2751:	mem[1306h] <- 0h
t=2751:	mem[1307h] <- 0h
t=2753:	mem[1300h] <- 0h
t=2753:	mem[1301h] <- 0h
t=2753:	mem[1302h] <- 0h
t=2753:	mem[1303h] <- 0h
t=2755:	pc <- a4h
t=2757:	reg[14] <- 0h
t=2759:	reg[15] <- 4h
t=2761:	pc <- 88h
t=2763:	reg[14] <- 0h
t=2765:	reg[15] <- 4h
t=2767:	reg[15] <- 4h
t=2769:	mem[1304h] <- 4h
t=2769:	mem[1305h] <- 0h
t=2769:	mem[1306h] <- 0h
t=2769:	mem[1307h] <- 0h
t=2771:	reg[15] <- 0h
t=2773:	reg[15] <- 1h
t=2775:	mem[1300h] <- 1h
t=2775:	mem[1301h] <- 0h
t=2775:	mem[1302h] <- 0h
t=2775:	mem[1303h] <- 0h
t=2777:	reg[14] <- 1h
t=2779:	reg[15] <- 4h
t=2781:	pc <- 88h
t=2783:	reg[14] <- 4h
t=2785:	reg[15] <- 4h
t=2787:	reg[15] <- 8h
t=2789:	mem[1304h] <- 8h
t=2789:	mem[1305h] <- 0h
t=2789:	mem[1306h] <- 0h
t=2789:	mem[1307h] <- 0h
t=2791:	reg[15] <- 1h
t=2793:	reg[15] <- 2h
t=2795:	mem[1300h] <- 2h
t=2795:	mem[1301h] <- 0h
t=2795:	mem[1302h] <- 0h
t=2795:	mem[1303h] <- 0h
t=2797:	reg[14] <- 2h
t=2799:	reg[15] <- 4h
t=2801:	pc <- 88h
t=2803:	reg[14] <- 8h
t=2805:	reg[15] <- 4h
t=2807:	reg[15] <- ch
t=2809:	mem[1304h] <- ch
t=2809:	mem[1305h] <- 0h
t=2809:	mem[1306h] <- 0h
t=2809:	mem[1307h] <- 0h
t=2811:	reg[15] <- 2h
t=2813:	reg[15] <- 3h
t=2815:	mem[1300h] <- 3h
t=2815:	mem[1301h] <- 0h
t=2815:	mem[1302h] <- 0h
t=2815:	mem[1303h] <- 0h
t=2817:	reg[14] <- 3h
t=2819:	reg[15] <- 4h
t=2821:	pc <- 88h
t=2823:	reg[14] <- ch
t=2825:	reg[15] <- 4h
t=2827:	reg[15] <- 10h
t=2829:	mem[1304h] <- 10h
t=2829:	mem[1305h] <- 0h
t=2829:	mem[1306h] <- 0h
t=2829:	mem[1307h] <- 0h
t=2831:	reg[15] <- 3h
t=2833:	reg[15] <- 4h
t=2835:	mem[1300h] <- 4h
t=2835:	mem[1301h] <- 0h
t=2835:	mem[1302h] <- 0h
t=2835:	mem[1303h] <- 0h
t=2837:	reg[14] <- 4h
t=2839:	reg[15] <- 4h
t=2843:	reg[15] <- 10h
t=2845:	reg[10] <- 10h
t=2847:	reg[8] <- ffffffc0h
t=2849:	reg[2] <- ffffff90h
t=2851:	pc <- 174h
t=2853:	reg[14] <- 10h
t=2855:	reg[15] <- bh
t=2859:	reg[15] <- 1h
t=2861:	reg[10] <- 1h
t=2863:	reg[1] <- 1d0h
t=2865:	reg[8] <- fffffff0h
t=2867:	reg[2] <- ffffffc0h
t=2869:	pc <- 1d0h
t=2871:	reg[15] <- 1h
t=2875:	reg[15] <- 4h
t=2877:	reg[15] <- 5h
t=2879:	mem[1364h] <- 5h
t=2879:	mem[1365h] <- 0h
t=2879:	mem[1366h] <- 0h
t=2879:	mem[1367h] <- 0h
t=2881:	reg[14] <- 5h
t=2883:	reg[15] <- 6h
t=2885:	pc <- 1bch
t=2887:	reg[15] <- bh
t=2889:	reg[15] <- ch
t=2891:	mem[1360h] <- ch
t=2891:	mem[1361h] <- 0h
t=2891:	mem[1362h] <- 0h
t=2891:	mem[1363h] <- 0h
t=2893:	reg[10] <- ch
t=2895:	pc <- 10ch
t=2895:	reg[1] <- 1d0h
t=2897:	reg[2] <- ffffff90h
t=2899:	mem[1344h] <- d0h
t=2899:	mem[1345h] <- 1h
t=2899:	mem[1346h] <- 0h
t=2899:	mem[1347h] <- 0h
t=2901:	mem[1340h] <- f0h
t=2901:	mem[1341h] <- ffh
t=2901:	mem[1342h] <- ffh
t=2901:	mem[1343h] <- ffh
t=2903:	reg[8] <- ffffffc0h
t=2905:	mem[1324h] <- ch
t=2905:	mem[1325h] <- 0h
t=2905:	mem[1326h] <- 0h
t=2905:	mem[1327h] <- 0h
t=2907:	reg[14] <- ch
t=2909:	reg[15] <- 1h
t=2911:	pc <- 134h
t=2913:	reg[15] <- 2h
t=2915:	mem[1334h] <- 2h
t=2915:	mem[1335h] <- 0h
t=2915:	mem[1336h] <- 0h
t=2915:	mem[1337h] <- 0h
t=2917:	pc <- 168h
t=2919:	reg[11] <- 2h
t=2921:	reg[10] <- 2h
t=2923:	pc <- 68h
t=2923:	reg[1] <- 174h
t=2925:	reg[2] <- ffffff60h
t=2927:	mem[1314h] <- c0h
t=2927:	mem[1315h] <- ffh
t=2927:	mem[1316h] <- ffh
t=2927:	mem[1317h] <- ffh
t=2929:	reg[8] <- ffffff90h
t=2931:	mem[12f4h] <- 2h
t=2931:	mem[12f5h] <- 0h
t=2931:	mem[12f6h] <- 0h
t=2931:	mem[12f7h] <- 0h
t=2933:	mem[12f0h] <- 2h
t=2933:	mem[12f1h] <- 0h
t=2933:	mem[12f2h] <- 0h
t=2933:	mem[12f3h] <- 0h
t=2935:	mem[1304h] <- 0h
t=2935:	mem[1305h] <- 0h
t=2935:	mem[1306h] <- 0h
t=2935:	mem[1307h] <- 0h
t=2937:	mem[1300h] <- 0h
t=2937:	mem[1301h] <- 0h
t=2937:	mem[1302h] <- 0h
t=2937:	mem[1303h] <- 0h
t=2939:	pc <- a4h
t=2941:	reg[14] <- 0h
t=2943:	reg[15] <- 2h
t=2945:	pc <- 88h
t=2947:	reg[14] <- 0h
t=2949:	reg[15] <- 2h
t=2951:	reg[15] <- 2h
t=2953:	mem[1304h] <- 2h
t=2953:	mem[1305h] <- 0h
t=2953:	mem[1306h] <- 0h
t=2953:	mem[1307h] <- 0h
t=2955:	reg[15] <- 0h
t=2957:	reg[15] <- 1h
t=2959:	mem[1300h] <- 1h
t=2959:	mem[1301h] <- 0h
t=2959:	mem[1302h] <- 0h
t=2959:	mem[1303h] <- 0h
t=2961:	reg[14] <- 1h
t=2963:	reg[15] <- 2h
t=2965:	pc <- 88h
t=2967:	reg[14] <- 2h
t=2969:	reg[15] <- 2h
t=2971:	reg[15] <- 4h
t=2973:	mem[1304h] <- 4h
t=2973:	mem[1305h] <- 0h
t=2973:	mem[1306h] <- 0h
t=2973:	mem[1307h] <- 0h
t=2975:	reg[15] <- 1h
t=2977:	reg[15] <- 2h
t=2979:	mem[1300h] <- 2h
t=2979:	mem[1301h] <- 0h
t=2979:	mem[1302h] <- 0h
t=2979:	mem[1303h] <- 0h
t=2981:	reg[14] <- 2h
t=2983:	reg[15] <- 2h
t=2987:	reg[15] <- 4h
t=2989:	reg[10] <- 4h
t=2991:	reg[8] <- ffffffc0h
t=2993:	reg[2] <- ffffff90h
t=2995:	pc <- 174h
t=2997:	reg[14] <- 4h
t=2999:	reg[15] <- ch
t=3001:	pc <- 140h
t=3003:	reg[11] <- 2h
t=3005:	reg[10] <- ch
t=3007:	pc <- c4h
t=3007:	reg[1] <- 14ch
t=3009:	reg[2] <- ffffff70h
t=3011:	mem[1314h] <- c0h
t=3011:	mem[1315h] <- ffh
t=3011:	mem[1316h] <- ffh
t=3011:	mem[1317h] <- ffh
t=3013:	reg[8] <- ffffff90h
t=3015:	mem[1304h] <- ch
t=3015:	mem[1305h] <- 0h
t=3015:	mem[1306h] <- 0h
t=3015:	mem[1307h] <- 0h
t=3017:	mem[1300h] <- 2h
t=3017:	mem[1301h] <- 0h
t=3017:	mem[1302h] <- 0h
t=3017:	mem[1303h] <- 0h
t=3019:	pc <- ech
t=3021:	reg[14] <- ch
t=3023:	reg[15] <- 2h
t=3025:	pc <- dch
t=3027:	reg[14] <- ch
t=3029:	reg[15] <- 2h
t=3031:	reg[15] <- ah
t=3033:	mem[1304h] <- ah
t=3033:	mem[1305h] <- 0h
t=3033:	mem[1306h] <- 0h
t=3033:	mem[1307h] <- 0h
t=3035:	reg[14] <- ah
t=3037:	reg[15] <- 2h
t=3039:	pc <- dch
t=3041:	reg[14] <- ah
t=3043:	reg[15] <- 2h
t=3045:	reg[15] <- 8h
t=3047:	mem[1304h] <- 8h
t=3047:	mem[1305h] <- 0h
t=3047:	mem[1306h] <- 0h
t=3047:	mem[1307h] <- 0h
t=3049:	reg[14] <- 8h
t=3051:	reg[15] <- 2h
t=3053:	pc <- dch
t=3055:	reg[14] <- 8h
t=3057:	reg[15] <- 2h
t=3059:	reg[15] <- 6h
t=3061:	mem[1304h] <- 6h
t=3061:	mem[1305h] <- 0h
t=3061:	mem[1306h] <- 0h
t=3061:	mem[1307h] <- 0h
t=3063:	reg[14] <- 6h
t=3065:	reg[15] <- 2h
t=3067:	pc <- dch
t=3069:	reg[14] <- 6h
t=3071:	reg[15] <- 2h
t=3073:	reg[15] <- 4h
t=3075:	mem[1304h] <- 4h
t=3075:	mem[1305h] <- 0h
t=3075:	mem[1306h] <- 0h
t=3075:	mem[1307h] <- 0h
t=3077:	reg[14] <- 4h
t=3079:	reg[15] <- 2h
t=3081:	pc <- dch
t=3083:	reg[14] <- 4h
t=3085:	reg[15] <- 2h
t=3087:	reg[15] <- 2h
t=3089:	mem[1304h] <- 2h
t=3089:	mem[1305h] <- 0h
t=3089:	mem[1306h] <- 0h
t=3089:	mem[1307h] <- 0h
t=3091:	reg[14] <- 2h
t=3093:	reg[15] <- 2h
t=3095:	pc <- dch
t=3097:	reg[14] <- 2h
t=3099:	reg[15] <- 2h
t=3101:	reg[15] <- 0h
t=3103:	mem[1304h] <- 0h
t=3103:	mem[1305h] <- 0h
t=3103:	mem[1306h] <- 0h
t=3103:	mem[1307h] <- 0h
t=3105:	reg[14] <- 0h
t=3107:	reg[15] <- 2h
t=3111:	reg[15] <- 0h
t=3113:	reg[10] <- 0h
t=3115:	reg[8] <- ffffffc0h
t=3117:	reg[2] <- ffffff90h
t=3119:	pc <- 14ch
t=3121:	reg[15] <- 0h
t=3125:	reg[15] <- 0h
t=3127:	pc <- 184h
t=3129:	reg[10] <- 0h
t=3131:	reg[1] <- 1d0h
t=3133:	reg[8] <- fffffff0h
t=3135:	reg[2] <- ffffffc0h
t=3137:	pc <- 1d0h
t=3139:	reg[15] <- 0h
t=3141:	pc <- 1e4h
t=3143:	reg[14] <- 5h
t=3145:	reg[15] <- 6h
t=3147:	pc <- 1bch
t=3149:	reg[15] <- ch
t=3151:	reg[15] <- dh
t=3153:	mem[1360h] <- dh
t=3153:	mem[1361h] <- 0h
t=3153:	mem[1362h] <- 0h
t=3153:	mem[1363h] <- 0h
t=3155:	reg[10] <- dh
t=3157:	pc <- 10ch
t=3157:	reg[1] <- 1d0h
t=3159:	reg[2] <- ffffff90h
t=3161:	mem[1344h] <- d0h
t=3161:	mem[1345h] <- 1h
t=3161:	mem[1346h] <- 0h
t=3161:	mem[1347h] <- 0h
t=3163:	mem[1340h] <- f0h
t=3163:	mem[1341h] <- ffh
t=3163:	mem[1342h] <- ffh
t=3163:	mem[1343h] <- ffh
t=3165:	reg[8] <- ffffffc0h
t=3167:	mem[1324h] <- dh
t=3167:	mem[1325h] <- 0h
t=3167:	mem[1326h] <- 0h
t=3167:	mem[1327h] <- 0h
t=3169:	reg[14] <- dh
t=3171:	reg[15] <- 1h
t=3173:	pc <- 134h
t=3175:	reg[15] <- 2h
t=3177:	mem[1334h] <- 2h
t=3177:	mem[1335h] <- 0h
t=3177:	mem[1336h] <- 0h
t=3177:	mem[1337h] <- 0h
t=3179:	pc <- 168h
t=3181:	reg[11] <- 2h
t=3183:	reg[10] <- 2h
t=3185:	pc <- 68h
t=3185:	reg[1] <- 174h
t=3187:	reg[2] <- ffffff60h
t=3189:	mem[1314h] <- c0h
t=3189:	mem[1315h] <- ffh
t=3189:	mem[1316h] <- ffh
t=3189:	mem[1317h] <- ffh
t=3191:	reg[8] <- ffffff90h
t=3193:	mem[12f4h] <- 2h
t=3193:	mem[12f5h] <- 0h
t=3193:	mem[12f6h] <- 0h
t=3193:	mem[12f7h] <- 0h
t=3195:	mem[12f0h] <- 2h
t=3195:	mem[12f1h] <- 0h
t=3195:	mem[12f2h] <- 0h
t=3195:	mem[12f3h] <- 0h
t=3197:	mem[1304h] <- 0h
t=3197:	mem[1305h] <- 0h
t=3197:	mem[1306h] <- 0h
t=3197:	mem[1307h] <- 0h
t=3199:	mem[1300h] <- 0h
t=3199:	mem[1301h] <- 0h
t=3199:	mem[1302h] <- 0h
t=3199:	mem[1303h] <- 0h
t=3201:	pc <- a4h
t=3203:	reg[14] <- 0h
t=3205:	reg[15] <- 2h
t=3207:	pc <- 88h
t=3209:	reg[14] <- 0h
t=3211:	reg[15] <- 2h
t=3213:	reg[15] <- 2h
t=3215:	mem[1304h] <- 2h
t=3215:	mem[1305h] <- 0h
t=3215:	mem[1306h] <- 0h
t=3215:	mem[1307h] <- 0h
t=3217:	reg[15] <- 0h
t=3219:	reg[15] <- 1h
t=3221:	mem[1300h] <- 1h
t=3221:	mem[1301h] <- 0h
t=3221:	mem[1302h] <- 0h
t=3221:	mem[1303h] <- 0h
t=3223:	reg[14] <- 1h
t=3225:	reg[15] <- 2h
t=3227:	pc <- 88h
t=3229:	reg[14] <- 2h
t=3231:	reg[15] <- 2h
t=3233:	reg[15] <- 4h
t=3235:	mem[1304h] <- 4h
t=3235:	mem[1305h] <- 0h
t=3235:	mem[1306h] <- 0h
t=3235:	mem[1307h] <- 0h
t=3237:	reg[15] <- 1h
t=3239:	reg[15] <- 2h
t=3241:	mem[1300h] <- 2h
t=3241:	mem[1301h] <- 0h
t=3241:	mem[1302h] <- 0h
t=3241:	mem[1303h] <- 0h
t=3243:	reg[14] <- 2h
t=3245:	reg[15] <- 2h
t=3249:	reg[15] <- 4h
t=3251:	reg[10] <- 4h
t=3253:	reg[8] <- ffffffc0h
t=3255:	reg[2] <- ffffff90h
t=3257:	pc <- 174h
t=3259:	reg[14] <- 4h
t=3261:	reg[15] <- dh
t=3263:	pc <- 140h
t=3265:	reg[11] <- 2h
t=3267:	reg[10] <- dh
t=3269:	pc <- c4h
t=3269:	reg[1] <- 14ch
t=3271:	reg[2] <- ffffff70h
t=3273:	mem[1314h] <- c0h
t=3273:	mem[1315h] <- ffh
t=3273:	mem[1316h] <- ffh
t=3273:	mem[1317h] <- ffh
t=3275:	reg[8] <- ffffff90h
t=3277:	mem[1304h] <- dh
t=3277:	mem[1305h] <- 0h
t=3277:	mem[1306h] <- 0h
t=3277:	mem[1307h] <- 0h
t=3279:	mem[1300h] <- 2h
t=3279:	mem[1301h] <- 0h
t=3279:	mem[1302h] <- 0h
t=3279:	mem[1303h] <- 0h
t=3281:	pc <- ech
t=3283:	reg[14] <- dh
t=3285:	reg[15] <- 2h
t=3287:	pc <- dch
t=3289:	reg[14] <- dh
t=3291:	reg[15] <- 2h
t=3293:	reg[15] <- bh
t=3295:	mem[1304h] <- bh
t=3295:	mem[1305h] <- 0h
t=3295:	mem[1306h] <- 0h
t=3295:	mem[1307h] <- 0h
t=3297:	reg[14] <- bh
t=3299:	reg[15] <- 2h
t=3301:	pc <- dch
t=3303:	reg[14] <- bh
t=3305:	reg[15] <- 2h
t=3307:	reg[15] <- 9h
t=3309:	mem[1304h] <- 9h
t=3309:	mem[1305h] <- 0h
t=3309:	mem[1306h] <- 0h
t=3309:	mem[1307h] <- 0h
t=3311:	reg[14] <- 9h
t=3313:	reg[15] <- 2h
t=3315:	pc <- dch
t=3317:	reg[14] <- 9h
t=3319:	reg[15] <- 2h
t=3321:	reg[15] <- 7h
t=3323:	mem[1304h] <- 7h
t=3323:	mem[1305h] <- 0h
t=3323:	mem[1306h] <- 0h
t=3323:	mem[1307h] <- 0h
t=3325:	reg[14] <- 7h
t=3327:	reg[15] <- 2h
t=3329:	pc <- dch
t=3331:	reg[14] <- 7h
t=3333:	reg[15] <- 2h
t=3335:	reg[15] <- 5h
t=3337:	mem[1304h] <- 5h
t=3337:	mem[1305h] <- 0h
t=3337:	mem[1306h] <- 0h
t=3337:	mem[1307h] <- 0h
t=3339:	reg[14] <- 5h
t=3341:	reg[15] <- 2h
t=3343:	pc <- dch
t=3345:	reg[14] <- 5h
t=3347:	reg[15] <- 2h
t=3349:	reg[15] <- 3h
t=3351:	mem[1304h] <- 3h
t=3351:	mem[1305h] <- 0h
t=3351:	mem[1306h] <- 0h
t=3351:	mem[1307h] <- 0h
t=3353:	reg[14] <- 3h
t=3355:	reg[15] <- 2h
t=3357:	pc <- dch
t=3359:	reg[14] <- 3h
t=3361:	reg[15] <- 2h
t=3363:	reg[15] <- 1h
t=3365:	mem[1304h] <- 1h
t=3365:	mem[1305h] <- 0h
t=3365:	mem[1306h] <- 0h
t=3365:	mem[1307h] <- 0h
t=3367:	reg[14] <- 1h
t=3369:	reg[15] <- 2h
t=3373:	reg[15] <- 1h
t=3375:	reg[10] <- 1h
t=3377:	reg[8] <- ffffffc0h
t=3379:	reg[2] <- ffffff90h
t=3381:	pc <- 14ch
t=3383:	reg[15] <- 1h
t=3385:	pc <- 15ch
t=3387:	reg[15] <- 2h
t=3389:	reg[15] <- 3h
t=3391:	mem[1334h] <- 3h
t=3391:	mem[1335h] <- 0h
t=3391:	mem[1336h] <- 0h
t=3391:	mem[1337h] <- 0h
t=3393:	reg[11] <- 3h
t=3395:	reg[10] <- 3h
t=3397:	pc <- 68h
t=3397:	reg[1] <- 174h
t=3399:	reg[2] <- ffffff60h
t=3401:	mem[1314h] <- c0h
t=3401:	mem[1315h] <- ffh
t=3401:	mem[1316h] <- ffh
t=3401:	mem[1317h] <- ffh
t=3403:	reg[8] <- ffffff90h
t=3405:	mem[12f4h] <- 3h
t=3405:	mem[12f5h] <- 0h
t=3405:	mem[12f6h] <- 0h
t=3405:	mem[12f7h] <- 0h
t=3407:	mem[12f0h] <- 3h
t=3407:	mem[12f1h] <- 0h
t=3407:	mem[12f2h] <- 0h
t=3407:	mem[12f3h] <- 0h
t=3409:	mem[1304h] <- 0h
t=3409:	mem[1305h] <- 0h
t=3409:	mem[1306h] <- 0h
t=3409:	mem[1307h] <- 0h
t=3411:	mem[1300h] <- 0h
t=3411:	mem[1301h] <- 0h
t=3411:	mem[1302h] <- 0h
t=3411:	mem[1303h] <- 0h
t=3413:	pc <- a4h
t=3415:	reg[14] <- 0h
t=3417:	reg[15] <- 3h
t=3419:	pc <- 88h
t=3421:	reg[14] <- 0h
t=3423:	reg[15] <- 3h
t=3425:	reg[15] <- 3h
t=3427:	mem[1304h] <- 3h
t=3427:	mem[1305h] <- 0h
t=3427:	mem[1306h] <- 0h
t=3427:	mem[1307h] <- 0h
t=3429:	reg[15] <- 0h
t=3431:	reg[15] <- 1h
t=3433:	mem[1300h] <- 1h
t=3433:	mem[1301h] <- 0h
t=3433:	mem[1302h] <- 0h
t=3433:	mem[1303h] <- 0h
t=3435:	reg[14] <- 1h
t=3437:	reg[15] <- 3h
t=3439:	pc <- 88h
t=3441:	reg[14] <- 3h
t=3443:	reg[15] <- 3h
t=3445:	reg[15] <- 6h
t=3447:	mem[1304h] <- 6h
t=3447:	mem[1305h] <- 0h
t=3447:	mem[1306h] <- 0h
t=3447:	mem[1307h] <- 0h
t=3449:	reg[15] <- 1h
t=3451:	reg[15] <- 2h
t=3453:	mem[1300h] <- 2h
t=3453:	mem[1301h] <- 0h
t=3453:	mem[1302h] <- 0h
t=3453:	mem[1303h] <- 0h
t=3455:	reg[14] <- 2h
t=3457:	reg[15] <- 3h
t=3459:	pc <- 88h
t=3461:	reg[14] <- 6h
t=3463:	reg[15] <- 3h
t=3465:	reg[15] <- 9h
t=3467:	mem[1304h] <- 9h
t=3467:	mem[1305h] <- 0h
t=3467:	mem[1306h] <- 0h
t=3467:	mem[1307h] <- 0h
t=3469:	reg[15] <- 2h
t=3471:	reg[15] <- 3h
t=3473:	mem[1300h] <- 3h
t=3473:	mem[1301h] <- 0h
t=3473:	mem[1302h] <- 0h
t=3473:	mem[1303h] <- 0h
t=3475:	reg[14] <- 3h
t=3477:	reg[15] <- 3h
t=3481:	reg[15] <- 9h
t=3483:	reg[10] <- 9h
t=3485:	reg[8] <- ffffffc0h
t=3487:	reg[2] <- ffffff90h
t=3489:	pc <- 174h
t=3491:	reg[14] <- 9h
t=3493:	reg[15] <- dh
t=3495:	pc <- 140h
t=3497:	reg[11] <- 3h
t=3499:	reg[10] <- dh
t=3501:	pc <- c4h
t=3501:	reg[1] <- 14ch
t=3503:	reg[2] <- ffffff70h
t=3505:	mem[1314h] <- c0h
t=3505:	mem[1315h] <- ffh
t=3505:	mem[1316h] <- ffh
t=3505:	mem[1317h] <- ffh
t=3507:	reg[8] <- ffffff90h
t=3509:	mem[1304h] <- dh
t=3509:	mem[1305h] <- 0h
t=3509:	mem[1306h] <- 0h
t=3509:	mem[1307h] <- 0h
t=3511:	mem[1300h] <- 3h
t=3511:	mem[1301h] <- 0h
t=3511:	mem[1302h] <- 0h
t=3511:	mem[1303h] <- 0h
t=3513:	pc <- ech
t=3515:	reg[14] <- dh
t=3517:	reg[15] <- 3h
t=3519:	pc <- dch
t=3521:	reg[14] <- dh
t=3523:	reg[15] <- 3h
t=3525:	reg[15] <- ah
t=3527:	mem[1304h] <- ah
t=3527:	mem[1305h] <- 0h
t=3527:	mem[1306h] <- 0h
t=3527:	mem[1307h] <- 0h
t=3529:	reg[14] <- ah
t=3531:	reg[15] <- 3h
t=3533:	pc <- dch
t=3535:	reg[14] <- ah
t=3537:	reg[15] <- 3h
t=3539:	reg[15] <- 7h
t=3541:	mem[1304h] <- 7h
t=3541:	mem[1305h] <- 0h
t=3541:	mem[1306h] <- 0h
t=3541:	mem[1307h] <- 0h
t=3543:	reg[14] <- 7h
t=3545:	reg[15] <- 3h
t=3547:	pc <- dch
t=3549:	reg[14] <- 7h
t=3551:	reg[15] <- 3h
t=3553:	reg[15] <- 4h
t=3555:	mem[1304h] <- 4h
t=3555:	mem[1305h] <- 0h
t=3555:	mem[1306h] <- 0h
t=3555:	mem[1307h] <- 0h
t=3557:	reg[14] <- 4h
t=3559:	reg[15] <- 3h
t=3561:	pc <- dch
t=3563:	reg[14] <- 4h
t=3565:	reg[15] <- 3h
t=3567:	reg[15] <- 1h
t=3569:	mem[1304h] <- 1h
t=3569:	mem[1305h] <- 0h
t=3569:	mem[1306h] <- 0h
t=3569:	mem[1307h] <- 0h
t=3571:	reg[14] <- 1h
t=3573:	reg[15] <- 3h
t=3577:	reg[15] <- 1h
t=3579:	reg[10] <- 1h
t=3581:	reg[8] <- ffffffc0h
t=3583:	reg[2] <- ffffff90h
t=3585:	pc <- 14ch
t=3587:	reg[15] <- 1h
t=3589:	pc <- 15ch
t=3591:	reg[15] <- 3h
t=3593:	reg[15] <- 4h
t=3595:	mem[1334h] <- 4h
t=3595:	mem[1335h] <- 0h
t=3595:	mem[1336h] <- 0h
t=3595:	mem[1337h] <- 0h
t=3597:	reg[11] <- 4h
t=3599:	reg[10] <- 4h
t=3601:	pc <- 68h
t=3601:	reg[1] <- 174h
t=3603:	reg[2] <- ffffff60h
t=3605:	mem[1314h] <- c0h
t=3605:	mem[1315h] <- ffh
t=3605:	mem[1316h] <- ffh
t=3605:	mem[1317h] <- ffh
t=3607:	reg[8] <- ffffff90h
t=3609:	mem[12f4h] <- 4h
t=3609:	mem[12f5h] <- 0h
t=3609:	mem[12f6h] <- 0h
t=3609:	mem[12f7h] <- 0h
t=3611:	mem[12f0h] <- 4h
t=3611:	mem[12f1h] <- 0h
t=3611:	mem[12f2h] <- 0h
t=3611:	mem[12f3h] <- 0h
t=3613:	mem[1304h] <- 0h
t=3613:	mem[1305h] <- 0h
t=3613:	mem[1306h] <- 0h
t=3613:	mem[1307h] <- 0h
t=3615:	mem[1300h] <- 0h
t=3615:	mem[1301h] <- 0h
t=3615:	mem[1302h] <- 0h
t=3615:	mem[1303h] <- 0h
t=3617:	pc <- a4h
t=3619:	reg[14] <- 0h
t=3621:	reg[15] <- 4h
t=3623:	pc <- 88h
t=3625:	reg[14] <- 0h
t=3627:	reg[15] <- 4h
t=3629:	reg[15] <- 4h
t=3631:	mem[1304h] <- 4h
t=3631:	mem[1305h] <- 0h
t=3631:	mem[1306h] <- 0h
t=3631:	mem[1307h] <- 0h
t=3633:	reg[15] <- 0h
t=3635:	reg[15] <- 1h
t=3637:	mem[1300h] <- 1h
t=3637:	mem[1301h] <- 0h
t=3637:	mem[1302h] <- 0h
t=3637:	mem[1303h] <- 0h
t=3639:	reg[14] <- 1h
t=3641:	reg[15] <- 4h
t=3643:	pc <- 88h
t=3645:	reg[14] <- 4h
t=3647:	reg[15] <- 4h
t=3649:	reg[15] <- 8h
t=3651:	mem[1304h] <- 8h
t=3651:	mem[1305h] <- 0h
t=3651:	mem[1306h] <- 0h
t=3651:	mem[1307h] <- 0h
t=3653:	reg[15] <- 1h
t=3655:	reg[15] <- 2h
t=3657:	mem[1300h] <- 2h
t=3657:	mem[1301h] <- 0h
t=3657:	mem[1302h] <- 0h
t=3657:	mem[1303h] <- 0h
t=3659:	reg[14] <- 2h
t=3661:	reg[15] <- 4h
t=3663:	pc <- 88h
t=3665:	reg[14] <- 8h
t=3667:	reg[15] <- 4h
t=3669:	reg[15] <- ch
t=3671:	mem[1304h] <- ch
t=3671:	mem[1305h] <- 0h
t=3671:	mem[1306h] <- 0h
t=3671:	mem[1307h] <- 0h
t=3673:	reg[15] <- 2h
t=3675:	reg[15] <- 3h
t=3677:	mem[1300h] <- 3h
t=3677:	mem[1301h] <- 0h
t=3677:	mem[1302h] <- 0h
t=3677:	mem[1303h] <- 0h
t=3679:	reg[14] <- 3h
t=3681:	reg[15] <- 4h
t=3683:	pc <- 88h
t=3685:	reg[14] <- ch
t=3687:	reg[15] <- 4h
t=3689:	reg[15] <- 10h
t=3691:	mem[1304h] <- 10h
t=3691:	mem[1305h] <- 0h
t=3691:	mem[1306h] <- 0h
t=3691:	mem[1307h] <- 0h
t=3693:	reg[15] <- 3h
t=3695:	reg[15] <- 4h
t=3697:	mem[1300h] <- 4h
t=3697:	mem[1301h] <- 0h
t=3697:	mem[1302h] <- 0h
t=3697:	mem[1303h] <- 0h
t=3699:	reg[14] <- 4h
t=3701:	reg[15] <- 4h
t=3705:	reg[15] <- 10h
t=3707:	reg[10] <- 10h
t=3709:	reg[8] <- ffffffc0h
t=3711:	reg[2] <- ffffff90h
t=3713:	pc <- 174h
t=3715:	reg[14] <- 10h
t=3717:	reg[15] <- dh
t=3721:	reg[15] <- 1h
t=3723:	reg[10] <- 1h
t=3725:	reg[1] <- 1d0h
t=3727:	reg[8] <- fffffff0h
t=3729:	reg[2] <- ffffffc0h
t=3731:	pc <- 1d0h
t=3733:	reg[15] <- 1h
t=3737:	reg[15] <- 5h
t=3739:	reg[15] <- 6h
t=3741:	mem[1364h] <- 6h
t=3741:	mem[1365h] <- 0h
t=3741:	mem[1366h] <- 0h
t=3741:	mem[1367h] <- 0h
t=3743:	reg[14] <- 6h
t=3745:	reg[15] <- 6h
t=3749:	reg[15] <- dh
t=3751:	reg[10] <- dh
t=3753:	reg[1] <- 44h
t=3755:	reg[8] <- 0h
t=3757:	reg[2] <- fffffff0h
t=3759:	pc <- 44h
t=3761:	reg[15] <- dh
t=3763:	mem[1h] <- dh
t=3763:	mem[2h] <- 0h
t=3763:	mem[3h] <- 0h
t=3763:	mem[4h] <- 0h
