t=5:	mem[1384h] <- 0h
t=5:	mem[1385h] <- 0h
t=5:	mem[1386h] <- 0h
t=5:	mem[1387h] <- 0h
t=6:	reg[2] <- ffffffe0h
t=7:	mem[1374h] <- 0h
t=7:	mem[1375h] <- 0h
t=7:	mem[1376h] <- 0h
t=7:	mem[1377h] <- 0h
t=8:	reg[8] <- 0h
t=9:	pc <- 44h
t=16:	reg[15] <- 7ch
t=16:	reg[14] <- 80h
t=18:	reg[15] <- 0h
t=22:	reg[15] <- 80h
t=22:	reg[15] <- 48h
t=23:	pc <- 38h
t=30:	reg[15] <- 0h
t=33:	mem[1374h] <- 1h
t=33:	mem[1375h] <- 0h
t=33:	mem[1376h] <- 0h
t=33:	mem[1377h] <- 0h
t=34:	reg[15] <- 1h
t=36:	reg[15] <- 7ch
t=36:	reg[14] <- 80h
t=38:	reg[15] <- 1h
t=42:	reg[15] <- 81h
t=42:	reg[15] <- 65h
t=43:	pc <- 38h
t=50:	reg[15] <- 1h
t=53:	mem[1374h] <- 2h
t=53:	mem[1375h] <- 0h
t=53:	mem[1376h] <- 0h
t=53:	mem[1377h] <- 0h
t=54:	reg[15] <- 2h
t=56:	reg[15] <- 7ch
t=56:	reg[14] <- 80h
t=58:	reg[15] <- 2h
t=62:	reg[15] <- 82h
t=62:	reg[15] <- 6ch
t=63:	pc <- 38h
t=70:	reg[15] <- 2h
t=73:	mem[1374h] <- 3h
t=73:	mem[1375h] <- 0h
t=73:	mem[1376h] <- 0h
t=73:	mem[1377h] <- 0h
t=74:	reg[15] <- 3h
t=76:	reg[15] <- 7ch
t=76:	reg[14] <- 80h
t=78:	reg[15] <- 3h
t=82:	reg[15] <- 83h
t=82:	reg[15] <- 6ch
t=83:	pc <- 38h
t=90:	reg[15] <- 3h
t=93:	mem[1374h] <- 4h
t=93:	mem[1375h] <- 0h
t=93:	mem[1376h] <- 0h
t=93:	mem[1377h] <- 0h
t=94:	reg[15] <- 4h
t=96:	reg[15] <- 7ch
t=96:	reg[14] <- 80h
t=98:	reg[15] <- 4h
t=102:	reg[15] <- 84h
t=102:	reg[15] <- 6fh
t=103:	pc <- 38h
t=110:	reg[15] <- 4h
t=113:	mem[1374h] <- 5h
t=113:	mem[1375h] <- 0h
t=113:	mem[1376h] <- 0h
t=113:	mem[1377h] <- 0h
t=114:	reg[15] <- 5h
t=116:	reg[15] <- 7ch
t=116:	reg[14] <- 80h
t=118:	reg[15] <- 5h
t=122:	reg[15] <- 85h
t=122:	reg[15] <- 20h
t=123:	pc <- 38h
t=130:	reg[15] <- 5h
t=133:	mem[1374h] <- 6h
t=133:	mem[1375h] <- 0h
t=133:	mem[1376h] <- 0h
t=133:	mem[1377h] <- 0h
t=134:	reg[15] <- 6h
t=136:	reg[15] <- 7ch
t=136:	reg[14] <- 80h
t=138:	reg[15] <- 6h
t=142:	reg[15] <- 86h
t=142:	reg[15] <- 77h
t=143:	pc <- 38h
t=150:	reg[15] <- 6h
t=153:	mem[1374h] <- 7h
t=153:	mem[1375h] <- 0h
t=153:	mem[1376h] <- 0h
t=153:	mem[1377h] <- 0h
t=154:	reg[15] <- 7h
t=156:	reg[15] <- 7ch
t=156:	reg[14] <- 80h
t=158:	reg[15] <- 7h
t=162:	reg[15] <- 87h
t=162:	reg[15] <- 6fh
t=163:	pc <- 38h
t=170:	reg[15] <- 7h
t=173:	mem[1374h] <- 8h
t=173:	mem[1375h] <- 0h
t=173:	mem[1376h] <- 0h
t=173:	mem[1377h] <- 0h
t=174:	reg[15] <- 8h
t=176:	reg[15] <- 7ch
t=176:	reg[14] <- 80h
t=178:	reg[15] <- 8h
t=182:	reg[15] <- 88h
t=182:	reg[15] <- 72h
t=183:	pc <- 38h
t=190:	reg[15] <- 8h
t=193:	mem[1374h] <- 9h
t=193:	mem[1375h] <- 0h
t=193:	mem[1376h] <- 0h
t=193:	mem[1377h] <- 0h
t=194:	reg[15] <- 9h
t=196:	reg[15] <- 7ch
t=196:	reg[14] <- 80h
t=198:	reg[15] <- 9h
t=202:	reg[15] <- 89h
t=202:	reg[15] <- 6ch
t=203:	pc <- 38h
t=210:	reg[15] <- 9h
t=213:	mem[1374h] <- ah
t=213:	mem[1375h] <- 0h
t=213:	mem[1376h] <- 0h
t=213:	mem[1377h] <- 0h
t=214:	reg[15] <- ah
t=216:	reg[15] <- 7ch
t=216:	reg[14] <- 80h
t=218:	reg[15] <- ah
t=222:	reg[15] <- 8ah
t=222:	reg[15] <- 64h
t=223:	pc <- 38h
t=230:	reg[15] <- ah
t=233:	mem[1374h] <- bh
t=233:	mem[1375h] <- 0h
t=233:	mem[1376h] <- 0h
t=233:	mem[1377h] <- 0h
t=234:	reg[15] <- bh
t=236:	reg[15] <- 7ch
t=236:	reg[14] <- 80h
t=238:	reg[15] <- bh
t=242:	reg[15] <- 8bh
t=242:	reg[15] <- 21h
t=243:	pc <- 38h
t=250:	reg[15] <- bh
t=253:	mem[1374h] <- ch
t=253:	mem[1375h] <- 0h
t=253:	mem[1376h] <- 0h
t=253:	mem[1377h] <- 0h
t=254:	reg[15] <- ch
t=256:	reg[15] <- 7ch
t=256:	reg[14] <- 80h
t=258:	reg[15] <- ch
t=262:	reg[15] <- 8ch
t=262:	reg[15] <- 0h
t=264:	reg[15] <- 1h
t=266:	reg[14] <- ch
t=269:	mem[1h] <- ch
t=269:	mem[2h] <- 0h
t=269:	mem[3h] <- 0h
t=269:	mem[4h] <- 0h
